[0.734s] Invoking command in '/home/nikhil/robot/build/robot_bringup': PYTHONPATH=/home/nikhil/robot/build/robot_bringup/prefix_override:/usr/lib/python3/dist-packages/colcon_core/task/python/colcon_distutils_commands:/home/nikhil/robot/install/robot_bringup/lib/python3.10/site-packages:${PYTHONPATH} /usr/bin/python3 -W ignore:setup.py install is deprecated -W ignore:easy_install command is deprecated setup.py develop --editable --build-directory /home/nikhil/robot/build/robot_bringup/build --no-deps symlink_data
[0.965s] running develop
[1.120s] running egg_info
[1.120s] creating robot_bringup.egg-info
[1.120s] writing robot_bringup.egg-info/PKG-INFO
[1.120s] writing dependency_links to robot_bringup.egg-info/dependency_links.txt
[1.121s] writing entry points to robot_bringup.egg-info/entry_points.txt
[1.121s] writing requirements to robot_bringup.egg-info/requires.txt
[1.121s] writing top-level names to robot_bringup.egg-info/top_level.txt
[1.121s] writing manifest file 'robot_bringup.egg-info/SOURCES.txt'
[1.122s] reading manifest file 'robot_bringup.egg-info/SOURCES.txt'
[1.123s] writing manifest file 'robot_bringup.egg-info/SOURCES.txt'
[1.124s] running build_ext
[1.124s] Creating /home/nikhil/robot/install/robot_bringup/lib/python3.10/site-packages/robot-bringup.egg-link (link to .)
[1.125s] 
[1.125s] Installed /home/nikhil/robot/build/robot_bringup
[1.125s] running symlink_data
[1.125s] creating /home/nikhil/robot/install/robot_bringup/share/ament_index
[1.127s] creating /home/nikhil/robot/install/robot_bringup/share/ament_index/resource_index
[1.127s] creating /home/nikhil/robot/install/robot_bringup/share/ament_index/resource_index/packages
[1.127s] symbolically linking /home/nikhil/robot/build/robot_bringup/resource/robot_bringup -> /home/nikhil/robot/install/robot_bringup/share/ament_index/resource_index/packages
[1.127s] symbolically linking /home/nikhil/robot/build/robot_bringup/package.xml -> /home/nikhil/robot/install/robot_bringup/share/robot_bringup
[1.127s] creating /home/nikhil/robot/install/robot_bringup/share/robot_bringup/launch
[1.127s] symbolically linking /home/nikhil/robot/build/robot_bringup/launch/bringup.launch.py -> /home/nikhil/robot/install/robot_bringup/share/robot_bringup/launch
[1.146s] Invoked command in '/home/nikhil/robot/build/robot_bringup' returned '0': PYTHONPATH=/home/nikhil/robot/build/robot_bringup/prefix_override:/usr/lib/python3/dist-packages/colcon_core/task/python/colcon_distutils_commands:/home/nikhil/robot/install/robot_bringup/lib/python3.10/site-packages:${PYTHONPATH} /usr/bin/python3 -W ignore:setup.py install is deprecated -W ignore:easy_install command is deprecated setup.py develop --editable --build-directory /home/nikhil/robot/build/robot_bringup/build --no-deps symlink_data
