[0.885s] Invoking command in '/home/nikhil/camera_ws/src/camera_1': PYTHONPATH=/home/nikhil/camera_ws/build/camera_1/prefix_override:/usr/lib/python3/dist-packages/colcon_core/task/python/colcon_distutils_commands:/home/nikhil/camera_ws/install/camera_1/lib/python3.10/site-packages:${PYTHONPATH} /usr/bin/python3 -W ignore:setup.py install is deprecated -W ignore:easy_install command is deprecated setup.py egg_info --egg-base ../../build/camera_1 build --build-base /home/nikhil/camera_ws/build/camera_1/build install --record /home/nikhil/camera_ws/build/camera_1/install.log --single-version-externally-managed install_data
[1.255s] running egg_info
[1.255s] writing ../../build/camera_1/camera_1.egg-info/PKG-INFO
[1.255s] writing dependency_links to ../../build/camera_1/camera_1.egg-info/dependency_links.txt
[1.255s] writing entry points to ../../build/camera_1/camera_1.egg-info/entry_points.txt
[1.255s] writing requirements to ../../build/camera_1/camera_1.egg-info/requires.txt
[1.255s] writing top-level names to ../../build/camera_1/camera_1.egg-info/top_level.txt
[1.260s] reading manifest file '../../build/camera_1/camera_1.egg-info/SOURCES.txt'
[1.261s] writing manifest file '../../build/camera_1/camera_1.egg-info/SOURCES.txt'
[1.261s] running build
[1.261s] running build_py
[1.262s] copying camera_1/check_3.py -> /home/nikhil/camera_ws/build/camera_1/build/lib/camera_1
[1.262s] running install
[1.262s] running install_lib
[1.264s] copying /home/nikhil/camera_ws/build/camera_1/build/lib/camera_1/check_3.py -> /home/nikhil/camera_ws/install/camera_1/lib/python3.10/site-packages/camera_1
[1.265s] byte-compiling /home/nikhil/camera_ws/install/camera_1/lib/python3.10/site-packages/camera_1/check_3.py to check_3.cpython-310.pyc
[1.267s] running install_data
[1.267s] creating /home/nikhil/camera_ws/install/camera_1/share/camera_1/resource
[1.267s] copying resource/squares_config.json -> /home/nikhil/camera_ws/install/camera_1/share/camera_1/resource
[1.267s] running install_egg_info
[1.269s] removing '/home/nikhil/camera_ws/install/camera_1/lib/python3.10/site-packages/camera_1-0.0.0-py3.10.egg-info' (and everything under it)
[1.272s] Copying ../../build/camera_1/camera_1.egg-info to /home/nikhil/camera_ws/install/camera_1/lib/python3.10/site-packages/camera_1-0.0.0-py3.10.egg-info
[1.272s] running install_scripts
[1.303s] Installing camera_1 script to /home/nikhil/camera_ws/install/camera_1/lib/camera_1
[1.303s] Installing check_1 script to /home/nikhil/camera_ws/install/camera_1/lib/camera_1
[1.305s] Installing check_2 script to /home/nikhil/camera_ws/install/camera_1/lib/camera_1
[1.305s] Installing check_3 script to /home/nikhil/camera_ws/install/camera_1/lib/camera_1
[1.305s] Installing detect_aruco script to /home/nikhil/camera_ws/install/camera_1/lib/camera_1
[1.306s] Installing generate_aruco script to /home/nikhil/camera_ws/install/camera_1/lib/camera_1
[1.306s] Installing map_objects script to /home/nikhil/camera_ws/install/camera_1/lib/camera_1
[1.306s] writing list of installed files to '/home/nikhil/camera_ws/build/camera_1/install.log'
[1.332s] Invoked command in '/home/nikhil/camera_ws/src/camera_1' returned '0': PYTHONPATH=/home/nikhil/camera_ws/build/camera_1/prefix_override:/usr/lib/python3/dist-packages/colcon_core/task/python/colcon_distutils_commands:/home/nikhil/camera_ws/install/camera_1/lib/python3.10/site-packages:${PYTHONPATH} /usr/bin/python3 -W ignore:setup.py install is deprecated -W ignore:easy_install command is deprecated setup.py egg_info --egg-base ../../build/camera_1 build --build-base /home/nikhil/camera_ws/build/camera_1/build install --record /home/nikhil/camera_ws/build/camera_1/install.log --single-version-externally-managed install_data
