[1.522s] Invoking command in '/home/nikhil/camera_ws/build/camera_1': PYTHONPATH=/home/nikhil/camera_ws/build/camera_1/prefix_override:/usr/lib/python3/dist-packages/colcon_core/task/python/colcon_distutils_commands:/home/nikhil/camera_ws/install/camera_1/lib/python3.10/site-packages:${PYTHONPATH} /usr/bin/python3 -W ignore:setup.py install is deprecated -W ignore:easy_install command is deprecated setup.py develop --editable --build-directory /home/nikhil/camera_ws/build/camera_1/build --no-deps symlink_data
[2.150s] running develop
[2.571s] running egg_info
[2.571s] writing camera_1.egg-info/PKG-INFO
[2.574s] writing dependency_links to camera_1.egg-info/dependency_links.txt
[2.574s] writing entry points to camera_1.egg-info/entry_points.txt
[2.574s] writing requirements to camera_1.egg-info/requires.txt
[2.575s] writing top-level names to camera_1.egg-info/top_level.txt
[2.581s] reading manifest file 'camera_1.egg-info/SOURCES.txt'
[2.581s] writing manifest file 'camera_1.egg-info/SOURCES.txt'
[2.591s] running build_ext
[2.594s] Creating /home/nikhil/camera_ws/install/camera_1/lib/python3.10/site-packages/camera-1.egg-link (link to .)
[2.594s] Installing camera_1 script to /home/nikhil/camera_ws/install/camera_1/lib/camera_1
[2.594s] Installing detect_aruco script to /home/nikhil/camera_ws/install/camera_1/lib/camera_1
[2.594s] Installing generate_aruco script to /home/nikhil/camera_ws/install/camera_1/lib/camera_1
[2.595s] Installing map_objects script to /home/nikhil/camera_ws/install/camera_1/lib/camera_1
[2.595s] 
[2.595s] Installed /home/nikhil/camera_ws/build/camera_1
[2.595s] running symlink_data
[2.635s] Invoked command in '/home/nikhil/camera_ws/build/camera_1' returned '0': PYTHONPATH=/home/nikhil/camera_ws/build/camera_1/prefix_override:/usr/lib/python3/dist-packages/colcon_core/task/python/colcon_distutils_commands:/home/nikhil/camera_ws/install/camera_1/lib/python3.10/site-packages:${PYTHONPATH} /usr/bin/python3 -W ignore:setup.py install is deprecated -W ignore:easy_install command is deprecated setup.py develop --editable --build-directory /home/nikhil/camera_ws/build/camera_1/build --no-deps symlink_data
