[1.051s] Invoking command in '/home/nikhil/camera_ws/src/camera_1': PYTHONPATH=/home/nikhil/camera_ws/build/camera_1/prefix_override:/usr/lib/python3/dist-packages/colcon_core/task/python/colcon_distutils_commands:/home/nikhil/camera_ws/install/camera_1/lib/python3.10/site-packages:${PYTHONPATH} /usr/bin/python3 -W ignore:setup.py install is deprecated -W ignore:easy_install command is deprecated setup.py egg_info --egg-base ../../build/camera_1 build --build-base /home/nikhil/camera_ws/build/camera_1/build install --record /home/nikhil/camera_ws/build/camera_1/install.log --single-version-externally-managed install_data
[1.443s] running egg_info
[1.443s] writing ../../build/camera_1/camera_1.egg-info/PKG-INFO
[1.443s] writing dependency_links to ../../build/camera_1/camera_1.egg-info/dependency_links.txt
[1.443s] writing entry points to ../../build/camera_1/camera_1.egg-info/entry_points.txt
[1.443s] writing requirements to ../../build/camera_1/camera_1.egg-info/requires.txt
[1.443s] writing top-level names to ../../build/camera_1/camera_1.egg-info/top_level.txt
[1.449s] reading manifest file '../../build/camera_1/camera_1.egg-info/SOURCES.txt'
[1.451s] writing manifest file '../../build/camera_1/camera_1.egg-info/SOURCES.txt'
[1.451s] running build
[1.451s] running build_py
[1.451s] copying camera_1/map_objects.py -> /home/nikhil/camera_ws/build/camera_1/build/lib/camera_1
[1.451s] running install
[1.451s] running install_lib
[1.452s] copying /home/nikhil/camera_ws/build/camera_1/build/lib/camera_1/map_objects.py -> /home/nikhil/camera_ws/install/camera_1/lib/python3.10/site-packages/camera_1
[1.455s] byte-compiling /home/nikhil/camera_ws/install/camera_1/lib/python3.10/site-packages/camera_1/map_objects.py to map_objects.cpython-310.pyc
[1.456s] running install_data
[1.457s] running install_egg_info
[1.459s] removing '/home/nikhil/camera_ws/install/camera_1/lib/python3.10/site-packages/camera_1-0.0.0-py3.10.egg-info' (and everything under it)
[1.462s] Copying ../../build/camera_1/camera_1.egg-info to /home/nikhil/camera_ws/install/camera_1/lib/python3.10/site-packages/camera_1-0.0.0-py3.10.egg-info
[1.463s] running install_scripts
[1.494s] Installing camera_1 script to /home/nikhil/camera_ws/install/camera_1/lib/camera_1
[1.495s] Installing detect_aruco script to /home/nikhil/camera_ws/install/camera_1/lib/camera_1
[1.495s] Installing generate_aruco script to /home/nikhil/camera_ws/install/camera_1/lib/camera_1
[1.496s] Installing map_objects script to /home/nikhil/camera_ws/install/camera_1/lib/camera_1
[1.496s] writing list of installed files to '/home/nikhil/camera_ws/build/camera_1/install.log'
[1.525s] Invoked command in '/home/nikhil/camera_ws/src/camera_1' returned '0': PYTHONPATH=/home/nikhil/camera_ws/build/camera_1/prefix_override:/usr/lib/python3/dist-packages/colcon_core/task/python/colcon_distutils_commands:/home/nikhil/camera_ws/install/camera_1/lib/python3.10/site-packages:${PYTHONPATH} /usr/bin/python3 -W ignore:setup.py install is deprecated -W ignore:easy_install command is deprecated setup.py egg_info --egg-base ../../build/camera_1 build --build-base /home/nikhil/camera_ws/build/camera_1/build install --record /home/nikhil/camera_ws/build/camera_1/install.log --single-version-externally-managed install_data
