[0.153s] Invoking command in '/home/nikhil/robot/build/robot_arm_controller': CMAKE_PREFIX_PATH=${CMAKE_PREFIX_PATH}:/home/nikhil/robot/install/robot_utils:/home/nikhil/robot/install/robot_bringup:/home/nikhil/arm_ws/install/robot_arm_py_examples:/home/nikhil/arm_ws/install/arm_py:/home/nikhil/camera_ws/install/camera_1:/home/nikhil/copy/install/robot_arm_py_examples:/home/nikhil/copy/install/arm_py:/home/nikhil/ros2_ws/install/turtlesim_catch_them_all:/home/nikhil/ros2_ws/install/my_py_pkg:/home/nikhil/ros2_ws/install/camera_project:/home/nikhil/bumperbot_ws/install/bumperbot_py_examples:/opt/ros/humble /usr/bin/cmake /home/nikhil/robot/robot_arm_controller -DAMENT_CMAKE_SYMLINK_INSTALL=1 -DCMAKE_INSTALL_PREFIX=/home/nikhil/robot/install/robot_arm_controller
[1.540s] -- Found ament_cmake: 1.3.11 (/opt/ros/humble/share/ament_cmake/cmake)
[1.540s] -- Override CMake install command with custom implementation using symlinks instead of copying resources
[1.540s] -- Found ament_lint_auto: 0.12.11 (/opt/ros/humble/share/ament_lint_auto/cmake)
[1.540s] -- Added test 'flake8' to check Python code syntax and style conventions
[1.540s] -- Added test 'lint_cmake' to check CMake code style
[1.540s] -- Added test 'pep257' to check Python code against some of the docstring style conventions in PEP 257
[1.541s] -- Added test 'xmllint' to check XML markup files
[1.541s] -- Configuring done
[1.541s] -- Generating done
[1.541s] -- Build files have been written to: /home/nikhil/robot/build/robot_arm_controller
[2.712s] Invoked command in '/home/nikhil/robot/build/robot_arm_controller' returned '0': CMAKE_PREFIX_PATH=${CMAKE_PREFIX_PATH}:/home/nikhil/robot/install/robot_utils:/home/nikhil/robot/install/robot_bringup:/home/nikhil/arm_ws/install/robot_arm_py_examples:/home/nikhil/arm_ws/install/arm_py:/home/nikhil/camera_ws/install/camera_1:/home/nikhil/copy/install/robot_arm_py_examples:/home/nikhil/copy/install/arm_py:/home/nikhil/ros2_ws/install/turtlesim_catch_them_all:/home/nikhil/ros2_ws/install/my_py_pkg:/home/nikhil/ros2_ws/install/camera_project:/home/nikhil/bumperbot_ws/install/bumperbot_py_examples:/opt/ros/humble /usr/bin/cmake /home/nikhil/robot/robot_arm_controller -DAMENT_CMAKE_SYMLINK_INSTALL=1 -DCMAKE_INSTALL_PREFIX=/home/nikhil/robot/install/robot_arm_controller
[2.713s] Invoking command in '/home/nikhil/robot/build/robot_arm_controller': CMAKE_PREFIX_PATH=${CMAKE_PREFIX_PATH}:/home/nikhil/robot/install/robot_utils:/home/nikhil/robot/install/robot_bringup:/home/nikhil/arm_ws/install/robot_arm_py_examples:/home/nikhil/arm_ws/install/arm_py:/home/nikhil/camera_ws/install/camera_1:/home/nikhil/copy/install/robot_arm_py_examples:/home/nikhil/copy/install/arm_py:/home/nikhil/ros2_ws/install/turtlesim_catch_them_all:/home/nikhil/ros2_ws/install/my_py_pkg:/home/nikhil/ros2_ws/install/camera_project:/home/nikhil/bumperbot_ws/install/bumperbot_py_examples:/opt/ros/humble /usr/bin/cmake --build /home/nikhil/robot/build/robot_arm_controller -- -j6 -l6
[2.971s] Invoked command in '/home/nikhil/robot/build/robot_arm_controller' returned '0': CMAKE_PREFIX_PATH=${CMAKE_PREFIX_PATH}:/home/nikhil/robot/install/robot_utils:/home/nikhil/robot/install/robot_bringup:/home/nikhil/arm_ws/install/robot_arm_py_examples:/home/nikhil/arm_ws/install/arm_py:/home/nikhil/camera_ws/install/camera_1:/home/nikhil/copy/install/robot_arm_py_examples:/home/nikhil/copy/install/arm_py:/home/nikhil/ros2_ws/install/turtlesim_catch_them_all:/home/nikhil/ros2_ws/install/my_py_pkg:/home/nikhil/ros2_ws/install/camera_project:/home/nikhil/bumperbot_ws/install/bumperbot_py_examples:/opt/ros/humble /usr/bin/cmake --build /home/nikhil/robot/build/robot_arm_controller -- -j6 -l6
[3.014s] Invoking command in '/home/nikhil/robot/build/robot_arm_controller': CMAKE_PREFIX_PATH=${CMAKE_PREFIX_PATH}:/home/nikhil/robot/install/robot_utils:/home/nikhil/robot/install/robot_bringup:/home/nikhil/arm_ws/install/robot_arm_py_examples:/home/nikhil/arm_ws/install/arm_py:/home/nikhil/camera_ws/install/camera_1:/home/nikhil/copy/install/robot_arm_py_examples:/home/nikhil/copy/install/arm_py:/home/nikhil/ros2_ws/install/turtlesim_catch_them_all:/home/nikhil/ros2_ws/install/my_py_pkg:/home/nikhil/ros2_ws/install/camera_project:/home/nikhil/bumperbot_ws/install/bumperbot_py_examples:/opt/ros/humble /usr/bin/cmake --install /home/nikhil/robot/build/robot_arm_controller
[3.043s] -- Install configuration: ""
[3.043s] -- Execute custom install script
[3.049s] -- Up-to-date symlink: /home/nikhil/robot/install/robot_arm_controller/share/robot_arm_controller/config/robot_arm_controllers.yaml
[3.049s] -- Up-to-date symlink: /home/nikhil/robot/install/robot_arm_controller/share/robot_arm_controller/launch/controller.launch.py
[3.051s] -- Up-to-date symlink: /home/nikhil/robot/install/robot_arm_controller/share/ament_index/resource_index/package_run_dependencies/robot_arm_controller
[3.052s] -- Up-to-date symlink: /home/nikhil/robot/install/robot_arm_controller/share/ament_index/resource_index/parent_prefix_path/robot_arm_controller
[3.052s] -- Up-to-date symlink: /home/nikhil/robot/install/robot_arm_controller/share/robot_arm_controller/environment/ament_prefix_path.sh
[3.052s] -- Up-to-date symlink: /home/nikhil/robot/install/robot_arm_controller/share/robot_arm_controller/environment/ament_prefix_path.dsv
[3.053s] -- Up-to-date symlink: /home/nikhil/robot/install/robot_arm_controller/share/robot_arm_controller/environment/path.sh
[3.058s] -- Up-to-date symlink: /home/nikhil/robot/install/robot_arm_controller/share/robot_arm_controller/environment/path.dsv
[3.065s] -- Up-to-date symlink: /home/nikhil/robot/install/robot_arm_controller/share/robot_arm_controller/local_setup.bash
[3.065s] -- Up-to-date symlink: /home/nikhil/robot/install/robot_arm_controller/share/robot_arm_controller/local_setup.sh
[3.069s] -- Up-to-date symlink: /home/nikhil/robot/install/robot_arm_controller/share/robot_arm_controller/local_setup.zsh
[3.070s] -- Up-to-date symlink: /home/nikhil/robot/install/robot_arm_controller/share/robot_arm_controller/local_setup.dsv
[3.070s] -- Symlinking: /home/nikhil/robot/install/robot_arm_controller/share/robot_arm_controller/package.dsv
[3.163s] -- Up-to-date symlink: /home/nikhil/robot/install/robot_arm_controller/share/ament_index/resource_index/packages/robot_arm_controller
[3.168s] -- Up-to-date symlink: /home/nikhil/robot/install/robot_arm_controller/share/robot_arm_controller/cmake/robot_arm_controllerConfig.cmake
[3.171s] -- Up-to-date symlink: /home/nikhil/robot/install/robot_arm_controller/share/robot_arm_controller/cmake/robot_arm_controllerConfig-version.cmake
[3.171s] -- Up-to-date symlink: /home/nikhil/robot/install/robot_arm_controller/share/robot_arm_controller/package.xml
[3.190s] Invoked command in '/home/nikhil/robot/build/robot_arm_controller' returned '0': CMAKE_PREFIX_PATH=${CMAKE_PREFIX_PATH}:/home/nikhil/robot/install/robot_utils:/home/nikhil/robot/install/robot_bringup:/home/nikhil/arm_ws/install/robot_arm_py_examples:/home/nikhil/arm_ws/install/arm_py:/home/nikhil/camera_ws/install/camera_1:/home/nikhil/copy/install/robot_arm_py_examples:/home/nikhil/copy/install/arm_py:/home/nikhil/ros2_ws/install/turtlesim_catch_them_all:/home/nikhil/ros2_ws/install/my_py_pkg:/home/nikhil/ros2_ws/install/camera_project:/home/nikhil/bumperbot_ws/install/bumperbot_py_examples:/opt/ros/humble /usr/bin/cmake --install /home/nikhil/robot/build/robot_arm_controller
