[0.470s] Invoking command in '/home/nikhil/camera_ws/build/camera_1': PYTHONPATH=/home/nikhil/camera_ws/build/camera_1/prefix_override:/usr/lib/python3/dist-packages/colcon_core/task/python/colcon_distutils_commands:/home/nikhil/camera_ws/install/camera_1/lib/python3.10/site-packages:${PYTHONPATH} /usr/bin/python3 -W ignore:setup.py install is deprecated -W ignore:easy_install command is deprecated setup.py develop --editable --build-directory /home/nikhil/camera_ws/build/camera_1/build --no-deps symlink_data
[0.651s] running develop
[0.765s] running egg_info
[0.765s] writing camera_1.egg-info/PKG-INFO
[0.766s] writing dependency_links to camera_1.egg-info/dependency_links.txt
[0.766s] writing entry points to camera_1.egg-info/entry_points.txt
[0.767s] writing requirements to camera_1.egg-info/requires.txt
[0.767s] writing top-level names to camera_1.egg-info/top_level.txt
[0.768s] reading manifest file 'camera_1.egg-info/SOURCES.txt'
[0.769s] writing manifest file 'camera_1.egg-info/SOURCES.txt'
[0.770s] running build_ext
[0.771s] Creating /home/nikhil/camera_ws/install/camera_1/lib/python3.10/site-packages/camera-1.egg-link (link to .)
[0.772s] Installing camera_1 script to /home/nikhil/camera_ws/install/camera_1/lib/camera_1
[0.772s] Installing detect_aruco script to /home/nikhil/camera_ws/install/camera_1/lib/camera_1
[0.772s] Installing generate_aruco script to /home/nikhil/camera_ws/install/camera_1/lib/camera_1
[0.772s] Installing map_objects script to /home/nikhil/camera_ws/install/camera_1/lib/camera_1
[0.772s] 
[0.772s] Installed /home/nikhil/camera_ws/build/camera_1
[0.772s] running symlink_data
[0.792s] Invoked command in '/home/nikhil/camera_ws/build/camera_1' returned '0': PYTHONPATH=/home/nikhil/camera_ws/build/camera_1/prefix_override:/usr/lib/python3/dist-packages/colcon_core/task/python/colcon_distutils_commands:/home/nikhil/camera_ws/install/camera_1/lib/python3.10/site-packages:${PYTHONPATH} /usr/bin/python3 -W ignore:setup.py install is deprecated -W ignore:easy_install command is deprecated setup.py develop --editable --build-directory /home/nikhil/camera_ws/build/camera_1/build --no-deps symlink_data
