[0.091s] DEBUG:colcon:Command line arguments: ['/usr/bin/colcon', 'build', '--packages-select', 'robot_bringup']
[0.091s] DEBUG:colcon:Parsed command line arguments: Namespace(log_base=None, log_level=None, verb_name='build', build_base='build', install_base='install', merge_install=False, symlink_install=False, test_result_base=None, continue_on_error=False, executor='parallel', parallel_workers=6, event_handlers=None, ignore_user_meta=False, metas=['./colcon.meta'], base_paths=['.'], packages_ignore=None, packages_ignore_regex=None, paths=None, packages_up_to=None, packages_up_to_regex=None, packages_above=None, packages_above_and_dependencies=None, packages_above_depth=None, packages_select_by_dep=None, packages_skip_by_dep=None, packages_skip_up_to=None, packages_select_build_failed=False, packages_skip_build_finished=False, packages_select_test_failures=False, packages_skip_test_passed=False, packages_select=['robot_bringup'], packages_skip=None, packages_select_regex=None, packages_skip_regex=None, packages_start=None, packages_end=None, allow_overriding=[], cmake_args=None, cmake_target=None, cmake_target_skip_unavailable=False, cmake_clean_cache=False, cmake_clean_first=False, cmake_force_configure=False, ament_cmake_args=None, catkin_cmake_args=None, catkin_skip_building_tests=False, mixin_files=None, mixin=None, verb_parser=<colcon_mixin.mixin.mixin_argument.MixinArgumentDecorator object at 0x7fcbef769240>, verb_extension=<colcon_core.verb.build.BuildVerb object at 0x7fcbef768c70>, main=<bound method BuildVerb.main of <colcon_core.verb.build.BuildVerb object at 0x7fcbef768c70>>, mixin_verb=('build',))
[0.224s] Level 1:colcon.colcon_core.package_discovery:discover_packages(colcon_meta) check parameters
[0.225s] Level 1:colcon.colcon_core.package_discovery:discover_packages(recursive) check parameters
[0.225s] Level 1:colcon.colcon_core.package_discovery:discover_packages(ignore) check parameters
[0.225s] Level 1:colcon.colcon_core.package_discovery:discover_packages(path) check parameters
[0.225s] Level 1:colcon.colcon_core.package_discovery:discover_packages(colcon_meta) discover
[0.225s] Level 1:colcon.colcon_core.package_discovery:discover_packages(recursive) discover
[0.225s] INFO:colcon.colcon_core.package_discovery:Crawling recursively for packages in '/home/nikhil/robot'
[0.225s] Level 1:colcon.colcon_core.package_identification:_identify(.) by extensions ['ignore', 'ignore_ament_install']
[0.225s] Level 1:colcon.colcon_core.package_identification:_identify(.) by extension 'ignore'
[0.225s] Level 1:colcon.colcon_core.package_identification:_identify(.) by extension 'ignore_ament_install'
[0.225s] Level 1:colcon.colcon_core.package_identification:_identify(.) by extensions ['colcon_pkg']
[0.225s] Level 1:colcon.colcon_core.package_identification:_identify(.) by extension 'colcon_pkg'
[0.225s] Level 1:colcon.colcon_core.package_identification:_identify(.) by extensions ['colcon_meta']
[0.225s] Level 1:colcon.colcon_core.package_identification:_identify(.) by extension 'colcon_meta'
[0.225s] Level 1:colcon.colcon_core.package_identification:_identify(.) by extensions ['ros']
[0.225s] Level 1:colcon.colcon_core.package_identification:_identify(.) by extension 'ros'
[0.234s] Level 1:colcon.colcon_core.package_identification:_identify(.) by extensions ['cmake', 'python']
[0.234s] Level 1:colcon.colcon_core.package_identification:_identify(.) by extension 'cmake'
[0.234s] Level 1:colcon.colcon_core.package_identification:_identify(.) by extension 'python'
[0.234s] Level 1:colcon.colcon_core.package_identification:_identify(.) by extensions ['python_setup_py']
[0.234s] Level 1:colcon.colcon_core.package_identification:_identify(.) by extension 'python_setup_py'
[0.234s] Level 1:colcon.colcon_core.package_identification:_identify(build) by extensions ['ignore', 'ignore_ament_install']
[0.234s] Level 1:colcon.colcon_core.package_identification:_identify(build) by extension 'ignore'
[0.234s] Level 1:colcon.colcon_core.package_identification:_identify(build) ignored
[0.234s] Level 1:colcon.colcon_core.package_identification:_identify(install) by extensions ['ignore', 'ignore_ament_install']
[0.234s] Level 1:colcon.colcon_core.package_identification:_identify(install) by extension 'ignore'
[0.234s] Level 1:colcon.colcon_core.package_identification:_identify(install) ignored
[0.234s] Level 1:colcon.colcon_core.package_identification:_identify(log) by extensions ['ignore', 'ignore_ament_install']
[0.235s] Level 1:colcon.colcon_core.package_identification:_identify(log) by extension 'ignore'
[0.235s] Level 1:colcon.colcon_core.package_identification:_identify(log) ignored
[0.235s] Level 1:colcon.colcon_core.package_identification:_identify(moveit3) by extensions ['ignore', 'ignore_ament_install']
[0.235s] Level 1:colcon.colcon_core.package_identification:_identify(moveit3) by extension 'ignore'
[0.235s] Level 1:colcon.colcon_core.package_identification:_identify(moveit3) by extension 'ignore_ament_install'
[0.235s] Level 1:colcon.colcon_core.package_identification:_identify(moveit3) by extensions ['colcon_pkg']
[0.235s] Level 1:colcon.colcon_core.package_identification:_identify(moveit3) by extension 'colcon_pkg'
[0.235s] Level 1:colcon.colcon_core.package_identification:_identify(moveit3) by extensions ['colcon_meta']
[0.235s] Level 1:colcon.colcon_core.package_identification:_identify(moveit3) by extension 'colcon_meta'
[0.235s] Level 1:colcon.colcon_core.package_identification:_identify(moveit3) by extensions ['ros']
[0.235s] Level 1:colcon.colcon_core.package_identification:_identify(moveit3) by extension 'ros'
[0.237s] DEBUG:colcon.colcon_core.package_identification:Package 'moveit3' with type 'ros.ament_cmake' and name 'moveit3'
[0.237s] Level 1:colcon.colcon_core.package_identification:_identify(moveit_scripts) by extensions ['ignore', 'ignore_ament_install']
[0.237s] Level 1:colcon.colcon_core.package_identification:_identify(moveit_scripts) by extension 'ignore'
[0.237s] Level 1:colcon.colcon_core.package_identification:_identify(moveit_scripts) by extension 'ignore_ament_install'
[0.237s] Level 1:colcon.colcon_core.package_identification:_identify(moveit_scripts) by extensions ['colcon_pkg']
[0.237s] Level 1:colcon.colcon_core.package_identification:_identify(moveit_scripts) by extension 'colcon_pkg'
[0.237s] Level 1:colcon.colcon_core.package_identification:_identify(moveit_scripts) by extensions ['colcon_meta']
[0.237s] Level 1:colcon.colcon_core.package_identification:_identify(moveit_scripts) by extension 'colcon_meta'
[0.237s] Level 1:colcon.colcon_core.package_identification:_identify(moveit_scripts) by extensions ['ros']
[0.237s] Level 1:colcon.colcon_core.package_identification:_identify(moveit_scripts) by extension 'ros'
[0.238s] DEBUG:colcon.colcon_core.package_identification:Package 'moveit_scripts' with type 'ros.ament_cmake' and name 'moveit_scripts'
[0.238s] Level 1:colcon.colcon_core.package_identification:_identify(robot_arm_controller) by extensions ['ignore', 'ignore_ament_install']
[0.238s] Level 1:colcon.colcon_core.package_identification:_identify(robot_arm_controller) by extension 'ignore'
[0.238s] Level 1:colcon.colcon_core.package_identification:_identify(robot_arm_controller) by extension 'ignore_ament_install'
[0.238s] Level 1:colcon.colcon_core.package_identification:_identify(robot_arm_controller) by extensions ['colcon_pkg']
[0.238s] Level 1:colcon.colcon_core.package_identification:_identify(robot_arm_controller) by extension 'colcon_pkg'
[0.238s] Level 1:colcon.colcon_core.package_identification:_identify(robot_arm_controller) by extensions ['colcon_meta']
[0.238s] Level 1:colcon.colcon_core.package_identification:_identify(robot_arm_controller) by extension 'colcon_meta'
[0.238s] Level 1:colcon.colcon_core.package_identification:_identify(robot_arm_controller) by extensions ['ros']
[0.238s] Level 1:colcon.colcon_core.package_identification:_identify(robot_arm_controller) by extension 'ros'
[0.239s] DEBUG:colcon.colcon_core.package_identification:Package 'robot_arm_controller' with type 'ros.ament_cmake' and name 'robot_arm_controller'
[0.239s] Level 1:colcon.colcon_core.package_identification:_identify(robot_arm_description) by extensions ['ignore', 'ignore_ament_install']
[0.239s] Level 1:colcon.colcon_core.package_identification:_identify(robot_arm_description) by extension 'ignore'
[0.239s] Level 1:colcon.colcon_core.package_identification:_identify(robot_arm_description) by extension 'ignore_ament_install'
[0.239s] Level 1:colcon.colcon_core.package_identification:_identify(robot_arm_description) by extensions ['colcon_pkg']
[0.239s] Level 1:colcon.colcon_core.package_identification:_identify(robot_arm_description) by extension 'colcon_pkg'
[0.239s] Level 1:colcon.colcon_core.package_identification:_identify(robot_arm_description) by extensions ['colcon_meta']
[0.239s] Level 1:colcon.colcon_core.package_identification:_identify(robot_arm_description) by extension 'colcon_meta'
[0.239s] Level 1:colcon.colcon_core.package_identification:_identify(robot_arm_description) by extensions ['ros']
[0.239s] Level 1:colcon.colcon_core.package_identification:_identify(robot_arm_description) by extension 'ros'
[0.240s] DEBUG:colcon.colcon_core.package_identification:Package 'robot_arm_description' with type 'ros.ament_cmake' and name 'robot_arm_description'
[0.240s] Level 1:colcon.colcon_core.package_identification:_identify(robot_bringup) by extensions ['ignore', 'ignore_ament_install']
[0.240s] Level 1:colcon.colcon_core.package_identification:_identify(robot_bringup) by extension 'ignore'
[0.240s] Level 1:colcon.colcon_core.package_identification:_identify(robot_bringup) by extension 'ignore_ament_install'
[0.240s] Level 1:colcon.colcon_core.package_identification:_identify(robot_bringup) by extensions ['colcon_pkg']
[0.240s] Level 1:colcon.colcon_core.package_identification:_identify(robot_bringup) by extension 'colcon_pkg'
[0.240s] Level 1:colcon.colcon_core.package_identification:_identify(robot_bringup) by extensions ['colcon_meta']
[0.240s] Level 1:colcon.colcon_core.package_identification:_identify(robot_bringup) by extension 'colcon_meta'
[0.240s] Level 1:colcon.colcon_core.package_identification:_identify(robot_bringup) by extensions ['ros']
[0.240s] Level 1:colcon.colcon_core.package_identification:_identify(robot_bringup) by extension 'ros'
[0.241s] DEBUG:colcon.colcon_core.package_identification:Package 'robot_bringup' with type 'ros.ament_python' and name 'robot_bringup'
[0.241s] Level 1:colcon.colcon_core.package_discovery:discover_packages(recursive) using defaults
[0.241s] Level 1:colcon.colcon_core.package_discovery:discover_packages(ignore) discover
[0.241s] Level 1:colcon.colcon_core.package_discovery:discover_packages(ignore) using defaults
[0.241s] Level 1:colcon.colcon_core.package_discovery:discover_packages(path) discover
[0.241s] Level 1:colcon.colcon_core.package_discovery:discover_packages(path) using defaults
[0.266s] INFO:colcon.colcon_core.package_selection:Skipping not selected package 'moveit_scripts' in 'moveit_scripts'
[0.266s] INFO:colcon.colcon_core.package_selection:Skipping not selected package 'robot_arm_controller' in 'robot_arm_controller'
[0.266s] INFO:colcon.colcon_core.package_selection:Skipping not selected package 'robot_arm_description' in 'robot_arm_description'
[0.266s] INFO:colcon.colcon_core.package_selection:Skipping not selected package 'moveit3' in 'moveit3'
[0.267s] Level 1:colcon.colcon_core.package_discovery:discover_packages(prefix_path) check parameters
[0.267s] Level 1:colcon.colcon_core.package_discovery:discover_packages(prefix_path) discover
[0.270s] DEBUG:colcon.colcon_installed_package_information.package_discovery:Found 5 installed packages in /home/nikhil/robot/install
[0.270s] DEBUG:colcon.colcon_installed_package_information.package_discovery:Found 1 installed packages in /home/nikhil/camera_ws/install
[0.271s] DEBUG:colcon.colcon_installed_package_information.package_discovery:Found 11 installed packages in /home/nikhil/copy/install
[0.272s] DEBUG:colcon.colcon_installed_package_information.package_discovery:Found 7 installed packages in /home/nikhil/ros2_ws/install
[0.272s] DEBUG:colcon.colcon_installed_package_information.package_discovery:Found 8 installed packages in /home/nikhil/bumperbot_ws/install
[0.273s] DEBUG:colcon.colcon_installed_package_information.package_discovery:Found 9 installed packages in /home/nikhil/arm_ws/install
[0.275s] DEBUG:colcon.colcon_installed_package_information.package_discovery:Found 353 installed packages in /opt/ros/humble
[0.277s] Level 1:colcon.colcon_core.package_discovery:discover_packages(prefix_path) using defaults
[0.312s] Level 5:colcon.colcon_core.verb:set package 'robot_bringup' build argument 'cmake_args' from command line to 'None'
[0.312s] Level 5:colcon.colcon_core.verb:set package 'robot_bringup' build argument 'cmake_target' from command line to 'None'
[0.312s] Level 5:colcon.colcon_core.verb:set package 'robot_bringup' build argument 'cmake_target_skip_unavailable' from command line to 'False'
[0.313s] Level 5:colcon.colcon_core.verb:set package 'robot_bringup' build argument 'cmake_clean_cache' from command line to 'False'
[0.313s] Level 5:colcon.colcon_core.verb:set package 'robot_bringup' build argument 'cmake_clean_first' from command line to 'False'
[0.313s] Level 5:colcon.colcon_core.verb:set package 'robot_bringup' build argument 'cmake_force_configure' from command line to 'False'
[0.313s] Level 5:colcon.colcon_core.verb:set package 'robot_bringup' build argument 'ament_cmake_args' from command line to 'None'
[0.313s] Level 5:colcon.colcon_core.verb:set package 'robot_bringup' build argument 'catkin_cmake_args' from command line to 'None'
[0.313s] Level 5:colcon.colcon_core.verb:set package 'robot_bringup' build argument 'catkin_skip_building_tests' from command line to 'False'
[0.313s] DEBUG:colcon.colcon_core.verb:Building package 'robot_bringup' with the following arguments: {'ament_cmake_args': None, 'build_base': '/home/nikhil/robot/build/robot_bringup', 'catkin_cmake_args': None, 'catkin_skip_building_tests': False, 'cmake_args': None, 'cmake_clean_cache': False, 'cmake_clean_first': False, 'cmake_force_configure': False, 'cmake_target': None, 'cmake_target_skip_unavailable': False, 'install_base': '/home/nikhil/robot/install/robot_bringup', 'merge_install': False, 'path': '/home/nikhil/robot/robot_bringup', 'symlink_install': False, 'test_result_base': None}
[0.313s] INFO:colcon.colcon_core.executor:Executing jobs using 'parallel' executor
[0.314s] DEBUG:colcon.colcon_parallel_executor.executor.parallel:run_until_complete
[0.314s] INFO:colcon.colcon_ros.task.ament_python.build:Building ROS package in '/home/nikhil/robot/robot_bringup' with build type 'ament_python'
[0.314s] Level 1:colcon.colcon_core.shell:create_environment_hook('robot_bringup', 'ament_prefix_path')
[0.318s] INFO:colcon.colcon_core.plugin_system:Skipping extension 'colcon_core.shell.bat': Not used on non-Windows systems
[0.318s] INFO:colcon.colcon_core.shell:Creating environment hook '/home/nikhil/robot/install/robot_bringup/share/robot_bringup/hook/ament_prefix_path.ps1'
[0.319s] INFO:colcon.colcon_core.shell:Creating environment descriptor '/home/nikhil/robot/install/robot_bringup/share/robot_bringup/hook/ament_prefix_path.dsv'
[0.319s] INFO:colcon.colcon_core.shell:Creating environment hook '/home/nikhil/robot/install/robot_bringup/share/robot_bringup/hook/ament_prefix_path.sh'
[0.320s] INFO:colcon.colcon_core.shell:Skip shell extension 'powershell' for command environment: Not usable outside of PowerShell
[0.320s] DEBUG:colcon.colcon_core.shell:Skip shell extension 'dsv' for command environment
[0.550s] INFO:colcon.colcon_core.task.python.build:Building Python package in '/home/nikhil/robot/robot_bringup'
[0.551s] INFO:colcon.colcon_core.shell:Skip shell extension 'powershell' for command environment: Not usable outside of PowerShell
[0.551s] DEBUG:colcon.colcon_core.shell:Skip shell extension 'dsv' for command environment
[0.853s] DEBUG:colcon.colcon_core.event_handler.log_command:Invoking command in '/home/nikhil/robot/build/robot_bringup': PYTHONPATH=/home/nikhil/robot/build/robot_bringup/prefix_override:/usr/lib/python3/dist-packages/colcon_core/task/python/colcon_distutils_commands:/home/nikhil/robot/install/robot_bringup/lib/python3.10/site-packages:${PYTHONPATH} /usr/bin/python3 -W ignore:setup.py install is deprecated -W ignore:easy_install command is deprecated setup.py develop --uninstall --editable --build-directory /home/nikhil/robot/build/robot_bringup/build
[1.250s] DEBUG:colcon.colcon_core.event_handler.log_command:Invoked command in '/home/nikhil/robot/build/robot_bringup' returned '0': PYTHONPATH=/home/nikhil/robot/build/robot_bringup/prefix_override:/usr/lib/python3/dist-packages/colcon_core/task/python/colcon_distutils_commands:/home/nikhil/robot/install/robot_bringup/lib/python3.10/site-packages:${PYTHONPATH} /usr/bin/python3 -W ignore:setup.py install is deprecated -W ignore:easy_install command is deprecated setup.py develop --uninstall --editable --build-directory /home/nikhil/robot/build/robot_bringup/build
[1.253s] DEBUG:colcon.colcon_core.event_handler.log_command:Invoking command in '/home/nikhil/robot/robot_bringup': PYTHONPATH=/home/nikhil/robot/build/robot_bringup/prefix_override:/usr/lib/python3/dist-packages/colcon_core/task/python/colcon_distutils_commands:/home/nikhil/robot/install/robot_bringup/lib/python3.10/site-packages:${PYTHONPATH} /usr/bin/python3 -W ignore:setup.py install is deprecated -W ignore:easy_install command is deprecated setup.py egg_info --egg-base ../build/robot_bringup build --build-base /home/nikhil/robot/build/robot_bringup/build install --record /home/nikhil/robot/build/robot_bringup/install.log --single-version-externally-managed install_data --force
[1.515s] DEBUG:colcon.colcon_core.event_handler.log_command:Invoked command in '/home/nikhil/robot/robot_bringup' returned '0': PYTHONPATH=/home/nikhil/robot/build/robot_bringup/prefix_override:/usr/lib/python3/dist-packages/colcon_core/task/python/colcon_distutils_commands:/home/nikhil/robot/install/robot_bringup/lib/python3.10/site-packages:${PYTHONPATH} /usr/bin/python3 -W ignore:setup.py install is deprecated -W ignore:easy_install command is deprecated setup.py egg_info --egg-base ../build/robot_bringup build --build-base /home/nikhil/robot/build/robot_bringup/build install --record /home/nikhil/robot/build/robot_bringup/install.log --single-version-externally-managed install_data --force
[1.517s] Level 1:colcon.colcon_core.environment:checking '/home/nikhil/robot/install/robot_bringup' for CMake module files
[1.518s] Level 1:colcon.colcon_core.environment:checking '/home/nikhil/robot/install/robot_bringup' for CMake config files
[1.518s] Level 1:colcon.colcon_core.environment:checking '/home/nikhil/robot/install/robot_bringup/lib'
[1.519s] Level 1:colcon.colcon_core.environment:checking '/home/nikhil/robot/install/robot_bringup/bin'
[1.519s] Level 1:colcon.colcon_core.environment:checking '/home/nikhil/robot/install/robot_bringup/lib/pkgconfig/robot_bringup.pc'
[1.519s] Level 1:colcon.colcon_core.environment:checking '/home/nikhil/robot/install/robot_bringup/lib/python3.10/site-packages'
[1.519s] Level 1:colcon.colcon_core.shell:create_environment_hook('robot_bringup', 'pythonpath')
[1.519s] INFO:colcon.colcon_core.shell:Creating environment hook '/home/nikhil/robot/install/robot_bringup/share/robot_bringup/hook/pythonpath.ps1'
[1.520s] INFO:colcon.colcon_core.shell:Creating environment descriptor '/home/nikhil/robot/install/robot_bringup/share/robot_bringup/hook/pythonpath.dsv'
[1.520s] INFO:colcon.colcon_core.shell:Creating environment hook '/home/nikhil/robot/install/robot_bringup/share/robot_bringup/hook/pythonpath.sh'
[1.521s] Level 1:colcon.colcon_core.environment:checking '/home/nikhil/robot/install/robot_bringup/bin'
[1.521s] Level 1:colcon.colcon_core.environment:create_environment_scripts_only(robot_bringup)
[1.521s] INFO:colcon.colcon_core.shell:Creating package script '/home/nikhil/robot/install/robot_bringup/share/robot_bringup/package.ps1'
[1.521s] INFO:colcon.colcon_core.shell:Creating package descriptor '/home/nikhil/robot/install/robot_bringup/share/robot_bringup/package.dsv'
[1.522s] INFO:colcon.colcon_core.shell:Creating package script '/home/nikhil/robot/install/robot_bringup/share/robot_bringup/package.sh'
[1.523s] INFO:colcon.colcon_core.shell:Creating package script '/home/nikhil/robot/install/robot_bringup/share/robot_bringup/package.bash'
[1.523s] INFO:colcon.colcon_core.shell:Creating package script '/home/nikhil/robot/install/robot_bringup/share/robot_bringup/package.zsh'
[1.524s] Level 1:colcon.colcon_core.environment:create_file_with_runtime_dependencies(/home/nikhil/robot/install/robot_bringup/share/colcon-core/packages/robot_bringup)
[1.525s] DEBUG:colcon.colcon_parallel_executor.executor.parallel:closing loop
[1.525s] DEBUG:colcon.colcon_parallel_executor.executor.parallel:loop closed
[1.525s] DEBUG:colcon.colcon_parallel_executor.executor.parallel:run_until_complete finished with '0'
[1.525s] DEBUG:colcon.colcon_core.event_reactor:joining thread
[1.530s] INFO:colcon.colcon_core.plugin_system:Skipping extension 'colcon_notification.desktop_notification.terminal_notifier': Not used on non-Darwin systems
[1.530s] INFO:colcon.colcon_core.plugin_system:Skipping extension 'colcon_notification.desktop_notification.win32': Not used on non-Windows systems
[1.530s] INFO:colcon.colcon_notification.desktop_notification:Sending desktop notification using 'notify2'
[1.543s] DEBUG:colcon.colcon_core.event_reactor:joined thread
[1.543s] INFO:colcon.colcon_core.shell:Creating prefix script '/home/nikhil/robot/install/local_setup.ps1'
[1.544s] INFO:colcon.colcon_core.shell:Creating prefix util module '/home/nikhil/robot/install/_local_setup_util_ps1.py'
[1.545s] INFO:colcon.colcon_core.shell:Creating prefix chain script '/home/nikhil/robot/install/setup.ps1'
[1.548s] INFO:colcon.colcon_core.shell:Creating prefix script '/home/nikhil/robot/install/local_setup.sh'
[1.548s] INFO:colcon.colcon_core.shell:Creating prefix util module '/home/nikhil/robot/install/_local_setup_util_sh.py'
[1.549s] INFO:colcon.colcon_core.shell:Creating prefix chain script '/home/nikhil/robot/install/setup.sh'
[1.552s] INFO:colcon.colcon_core.shell:Creating prefix script '/home/nikhil/robot/install/local_setup.bash'
[1.552s] INFO:colcon.colcon_core.shell:Creating prefix chain script '/home/nikhil/robot/install/setup.bash'
[1.555s] INFO:colcon.colcon_core.shell:Creating prefix script '/home/nikhil/robot/install/local_setup.zsh'
[1.556s] INFO:colcon.colcon_core.shell:Creating prefix chain script '/home/nikhil/robot/install/setup.zsh'
