running develop
Removing /home/nikhil/robot/install/robot_bringup/lib/python3.10/site-packages/robot-bringup.egg-link (link to .)
running egg_info
writing ../build/robot_bringup/robot_bringup.egg-info/PKG-INFO
writing dependency_links to ../build/robot_bringup/robot_bringup.egg-info/dependency_links.txt
writing entry points to ../build/robot_bringup/robot_bringup.egg-info/entry_points.txt
writing requirements to ../build/robot_bringup/robot_bringup.egg-info/requires.txt
writing top-level names to ../build/robot_bringup/robot_bringup.egg-info/top_level.txt
reading manifest file '../build/robot_bringup/robot_bringup.egg-info/SOURCES.txt'
writing manifest file '../build/robot_bringup/robot_bringup.egg-info/SOURCES.txt'
running build
running build_py
creating /home/nikhil/robot/build/robot_bringup/build
creating /home/nikhil/robot/build/robot_bringup/build/lib
creating /home/nikhil/robot/build/robot_bringup/build/lib/robot_bringup
copying robot_bringup/__init__.py -> /home/nikhil/robot/build/robot_bringup/build/lib/robot_bringup
running install
running install_lib
creating /home/nikhil/robot/install/robot_bringup/lib/python3.10/site-packages/robot_bringup
copying /home/nikhil/robot/build/robot_bringup/build/lib/robot_bringup/__init__.py -> /home/nikhil/robot/install/robot_bringup/lib/python3.10/site-packages/robot_bringup
byte-compiling /home/nikhil/robot/install/robot_bringup/lib/python3.10/site-packages/robot_bringup/__init__.py to __init__.cpython-310.pyc
running install_data
copying resource/robot_bringup -> /home/nikhil/robot/install/robot_bringup/share/ament_index/resource_index/packages
copying package.xml -> /home/nikhil/robot/install/robot_bringup/share/robot_bringup
copying launch/bringup.launch.py -> /home/nikhil/robot/install/robot_bringup/share/robot_bringup/launch
running install_egg_info
Copying ../build/robot_bringup/robot_bringup.egg-info to /home/nikhil/robot/install/robot_bringup/lib/python3.10/site-packages/robot_bringup-0.0.0-py3.10.egg-info
running install_scripts
writing list of installed files to '/home/nikhil/robot/build/robot_bringup/install.log'
