[0.537s] Invoking command in '/home/nikhil/robot/build/robot_bringup': PYTHONPATH=/home/nikhil/robot/build/robot_bringup/prefix_override:/usr/lib/python3/dist-packages/colcon_core/task/python/colcon_distutils_commands:/home/nikhil/robot/install/robot_bringup/lib/python3.10/site-packages:${PYTHONPATH} /usr/bin/python3 -W ignore:setup.py install is deprecated -W ignore:easy_install command is deprecated setup.py develop --uninstall --editable --build-directory /home/nikhil/robot/build/robot_bringup/build
[0.758s] running develop
[0.913s] Removing /home/nikhil/robot/install/robot_bringup/lib/python3.10/site-packages/robot-bringup.egg-link (link to .)
[0.934s] Invoked command in '/home/nikhil/robot/build/robot_bringup' returned '0': PYTHONPATH=/home/nikhil/robot/build/robot_bringup/prefix_override:/usr/lib/python3/dist-packages/colcon_core/task/python/colcon_distutils_commands:/home/nikhil/robot/install/robot_bringup/lib/python3.10/site-packages:${PYTHONPATH} /usr/bin/python3 -W ignore:setup.py install is deprecated -W ignore:easy_install command is deprecated setup.py develop --uninstall --editable --build-directory /home/nikhil/robot/build/robot_bringup/build
[0.937s] Invoking command in '/home/nikhil/robot/robot_bringup': PYTHONPATH=/home/nikhil/robot/build/robot_bringup/prefix_override:/usr/lib/python3/dist-packages/colcon_core/task/python/colcon_distutils_commands:/home/nikhil/robot/install/robot_bringup/lib/python3.10/site-packages:${PYTHONPATH} /usr/bin/python3 -W ignore:setup.py install is deprecated -W ignore:easy_install command is deprecated setup.py egg_info --egg-base ../build/robot_bringup build --build-base /home/nikhil/robot/build/robot_bringup/build install --record /home/nikhil/robot/build/robot_bringup/install.log --single-version-externally-managed install_data --force
[1.153s] running egg_info
[1.153s] writing ../build/robot_bringup/robot_bringup.egg-info/PKG-INFO
[1.154s] writing dependency_links to ../build/robot_bringup/robot_bringup.egg-info/dependency_links.txt
[1.154s] writing entry points to ../build/robot_bringup/robot_bringup.egg-info/entry_points.txt
[1.154s] writing requirements to ../build/robot_bringup/robot_bringup.egg-info/requires.txt
[1.155s] writing top-level names to ../build/robot_bringup/robot_bringup.egg-info/top_level.txt
[1.157s] reading manifest file '../build/robot_bringup/robot_bringup.egg-info/SOURCES.txt'
[1.158s] writing manifest file '../build/robot_bringup/robot_bringup.egg-info/SOURCES.txt'
[1.159s] running build
[1.159s] running build_py
[1.159s] creating /home/nikhil/robot/build/robot_bringup/build
[1.159s] creating /home/nikhil/robot/build/robot_bringup/build/lib
[1.159s] creating /home/nikhil/robot/build/robot_bringup/build/lib/robot_bringup
[1.159s] copying robot_bringup/__init__.py -> /home/nikhil/robot/build/robot_bringup/build/lib/robot_bringup
[1.159s] running install
[1.159s] running install_lib
[1.160s] creating /home/nikhil/robot/install/robot_bringup/lib/python3.10/site-packages/robot_bringup
[1.160s] copying /home/nikhil/robot/build/robot_bringup/build/lib/robot_bringup/__init__.py -> /home/nikhil/robot/install/robot_bringup/lib/python3.10/site-packages/robot_bringup
[1.160s] byte-compiling /home/nikhil/robot/install/robot_bringup/lib/python3.10/site-packages/robot_bringup/__init__.py to __init__.cpython-310.pyc
[1.161s] running install_data
[1.161s] copying resource/robot_bringup -> /home/nikhil/robot/install/robot_bringup/share/ament_index/resource_index/packages
[1.161s] copying package.xml -> /home/nikhil/robot/install/robot_bringup/share/robot_bringup
[1.161s] copying launch/bringup.launch.py -> /home/nikhil/robot/install/robot_bringup/share/robot_bringup/launch
[1.161s] running install_egg_info
[1.163s] Copying ../build/robot_bringup/robot_bringup.egg-info to /home/nikhil/robot/install/robot_bringup/lib/python3.10/site-packages/robot_bringup-0.0.0-py3.10.egg-info
[1.163s] running install_scripts
[1.182s] writing list of installed files to '/home/nikhil/robot/build/robot_bringup/install.log'
[1.199s] Invoked command in '/home/nikhil/robot/robot_bringup' returned '0': PYTHONPATH=/home/nikhil/robot/build/robot_bringup/prefix_override:/usr/lib/python3/dist-packages/colcon_core/task/python/colcon_distutils_commands:/home/nikhil/robot/install/robot_bringup/lib/python3.10/site-packages:${PYTHONPATH} /usr/bin/python3 -W ignore:setup.py install is deprecated -W ignore:easy_install command is deprecated setup.py egg_info --egg-base ../build/robot_bringup build --build-base /home/nikhil/robot/build/robot_bringup/build install --record /home/nikhil/robot/build/robot_bringup/install.log --single-version-externally-managed install_data --force
