[0.190s] Invoking command in '/home/nikhil/robot/build/robot_arm_controller': CMAKE_PREFIX_PATH=${CMAKE_PREFIX_PATH}:/home/nikhil/arm_ws/install/robot_arm_py_examples:/home/nikhil/arm_ws/install/arm_py:/home/nikhil/camera_ws/install/camera_1:/home/nikhil/copy/install/robot_arm_py_examples:/home/nikhil/copy/install/arm_py:/home/nikhil/ros2_ws/install/turtlesim_catch_them_all:/home/nikhil/ros2_ws/install/my_py_pkg:/home/nikhil/ros2_ws/install/camera_project:/home/nikhil/bumperbot_ws/install/bumperbot_py_examples:/opt/ros/humble /usr/bin/cmake --build /home/nikhil/robot/build/robot_arm_controller -- -j2 -l2
[0.766s] Invoked command in '/home/nikhil/robot/build/robot_arm_controller' returned '0': CMAKE_PREFIX_PATH=${CMAKE_PREFIX_PATH}:/home/nikhil/arm_ws/install/robot_arm_py_examples:/home/nikhil/arm_ws/install/arm_py:/home/nikhil/camera_ws/install/camera_1:/home/nikhil/copy/install/robot_arm_py_examples:/home/nikhil/copy/install/arm_py:/home/nikhil/ros2_ws/install/turtlesim_catch_them_all:/home/nikhil/ros2_ws/install/my_py_pkg:/home/nikhil/ros2_ws/install/camera_project:/home/nikhil/bumperbot_ws/install/bumperbot_py_examples:/opt/ros/humble /usr/bin/cmake --build /home/nikhil/robot/build/robot_arm_controller -- -j2 -l2
[0.773s] Invoking command in '/home/nikhil/robot/build/robot_arm_controller': CMAKE_PREFIX_PATH=${CMAKE_PREFIX_PATH}:/home/nikhil/arm_ws/install/robot_arm_py_examples:/home/nikhil/arm_ws/install/arm_py:/home/nikhil/camera_ws/install/camera_1:/home/nikhil/copy/install/robot_arm_py_examples:/home/nikhil/copy/install/arm_py:/home/nikhil/ros2_ws/install/turtlesim_catch_them_all:/home/nikhil/ros2_ws/install/my_py_pkg:/home/nikhil/ros2_ws/install/camera_project:/home/nikhil/bumperbot_ws/install/bumperbot_py_examples:/opt/ros/humble /usr/bin/cmake --install /home/nikhil/robot/build/robot_arm_controller
[0.992s] -- Install configuration: ""
[0.992s] -- Execute custom install script
[0.992s] -- Up-to-date symlink: /home/nikhil/robot/install/robot_arm_controller/share/robot_arm_controller/config/robot_arm_controllers.yaml
[0.992s] -- Up-to-date symlink: /home/nikhil/robot/install/robot_arm_controller/share/robot_arm_controller/launch/controller.launch.py
[0.992s] -- Up-to-date symlink: /home/nikhil/robot/install/robot_arm_controller/share/ament_index/resource_index/package_run_dependencies/robot_arm_controller
[0.993s] -- Up-to-date symlink: /home/nikhil/robot/install/robot_arm_controller/share/ament_index/resource_index/parent_prefix_path/robot_arm_controller
[1.004s] -- Up-to-date symlink: /home/nikhil/robot/install/robot_arm_controller/share/robot_arm_controller/environment/ament_prefix_path.sh
[1.005s] -- Up-to-date symlink: /home/nikhil/robot/install/robot_arm_controller/share/robot_arm_controller/environment/ament_prefix_path.dsv
[1.005s] -- Up-to-date symlink: /home/nikhil/robot/install/robot_arm_controller/share/robot_arm_controller/environment/path.sh
[1.005s] -- Up-to-date symlink: /home/nikhil/robot/install/robot_arm_controller/share/robot_arm_controller/environment/path.dsv
[1.019s] -- Up-to-date symlink: /home/nikhil/robot/install/robot_arm_controller/share/robot_arm_controller/local_setup.bash
[1.022s] -- Up-to-date symlink: /home/nikhil/robot/install/robot_arm_controller/share/robot_arm_controller/local_setup.sh
[1.038s] -- Up-to-date symlink: /home/nikhil/robot/install/robot_arm_controller/share/robot_arm_controller/local_setup.zsh
[1.047s] -- Up-to-date symlink: /home/nikhil/robot/install/robot_arm_controller/share/robot_arm_controller/local_setup.dsv
[1.054s] -- Symlinking: /home/nikhil/robot/install/robot_arm_controller/share/robot_arm_controller/package.dsv
[1.162s] -- Up-to-date symlink: /home/nikhil/robot/install/robot_arm_controller/share/ament_index/resource_index/packages/robot_arm_controller
[1.162s] -- Up-to-date symlink: /home/nikhil/robot/install/robot_arm_controller/share/robot_arm_controller/cmake/robot_arm_controllerConfig.cmake
[1.163s] -- Up-to-date symlink: /home/nikhil/robot/install/robot_arm_controller/share/robot_arm_controller/cmake/robot_arm_controllerConfig-version.cmake
[1.164s] -- Up-to-date symlink: /home/nikhil/robot/install/robot_arm_controller/share/robot_arm_controller/package.xml
[1.214s] Invoked command in '/home/nikhil/robot/build/robot_arm_controller' returned '0': CMAKE_PREFIX_PATH=${CMAKE_PREFIX_PATH}:/home/nikhil/arm_ws/install/robot_arm_py_examples:/home/nikhil/arm_ws/install/arm_py:/home/nikhil/camera_ws/install/camera_1:/home/nikhil/copy/install/robot_arm_py_examples:/home/nikhil/copy/install/arm_py:/home/nikhil/ros2_ws/install/turtlesim_catch_them_all:/home/nikhil/ros2_ws/install/my_py_pkg:/home/nikhil/ros2_ws/install/camera_project:/home/nikhil/bumperbot_ws/install/bumperbot_py_examples:/opt/ros/humble /usr/bin/cmake --install /home/nikhil/robot/build/robot_arm_controller
