[0.765s] Invoking command in '/home/nikhil/camera_ws/build/camera_1': PYTHONPATH=/home/nikhil/camera_ws/build/camera_1/prefix_override:/usr/lib/python3/dist-packages/colcon_core/task/python/colcon_distutils_commands:/home/nikhil/camera_ws/install/camera_1/lib/python3.10/site-packages:${PYTHONPATH} /usr/bin/python3 -W ignore:setup.py install is deprecated -W ignore:easy_install command is deprecated setup.py develop --editable --build-directory /home/nikhil/camera_ws/build/camera_1/build --no-deps symlink_data
[1.042s] running develop
[1.226s] running egg_info
[1.226s] writing camera_1.egg-info/PKG-INFO
[1.227s] writing dependency_links to camera_1.egg-info/dependency_links.txt
[1.227s] writing entry points to camera_1.egg-info/entry_points.txt
[1.228s] writing requirements to camera_1.egg-info/requires.txt
[1.228s] writing top-level names to camera_1.egg-info/top_level.txt
[1.231s] reading manifest file 'camera_1.egg-info/SOURCES.txt'
[1.231s] writing manifest file 'camera_1.egg-info/SOURCES.txt'
[1.235s] running build_ext
[1.235s] Creating /home/nikhil/camera_ws/install/camera_1/lib/python3.10/site-packages/camera-1.egg-link (link to .)
[1.235s] Installing camera_1 script to /home/nikhil/camera_ws/install/camera_1/lib/camera_1
[1.235s] Installing check_1 script to /home/nikhil/camera_ws/install/camera_1/lib/camera_1
[1.237s] Installing detect_aruco script to /home/nikhil/camera_ws/install/camera_1/lib/camera_1
[1.237s] Installing generate_aruco script to /home/nikhil/camera_ws/install/camera_1/lib/camera_1
[1.237s] Installing map_objects script to /home/nikhil/camera_ws/install/camera_1/lib/camera_1
[1.237s] 
[1.237s] Installed /home/nikhil/camera_ws/build/camera_1
[1.237s] running symlink_data
[1.263s] Invoked command in '/home/nikhil/camera_ws/build/camera_1' returned '0': PYTHONPATH=/home/nikhil/camera_ws/build/camera_1/prefix_override:/usr/lib/python3/dist-packages/colcon_core/task/python/colcon_distutils_commands:/home/nikhil/camera_ws/install/camera_1/lib/python3.10/site-packages:${PYTHONPATH} /usr/bin/python3 -W ignore:setup.py install is deprecated -W ignore:easy_install command is deprecated setup.py develop --editable --build-directory /home/nikhil/camera_ws/build/camera_1/build --no-deps symlink_data
