-- The C compiler identification is GNU 11.4.0
-- The CXX compiler identification is GNU 11.4.0
-- Detecting C compiler ABI info
-- Detecting C compiler ABI info - done
-- Check for working C compiler: /usr/bin/cc - skipped
-- Detecting C compile features
-- Detecting C compile features - done
-- Detecting CXX compiler ABI info
-- Detecting CXX compiler ABI info - done
-- Check for working CXX compiler: /usr/bin/c++ - skipped
-- Detecting CXX compile features
-- Detecting CXX compile features - done
-- Found ament_cmake: 1.3.11 (/opt/ros/humble/share/ament_cmake/cmake)
-- Found Python3: /usr/bin/python3 (found version "3.10.12") found components: Interpreter 
-- Override CMake install command with custom implementation using symlinks instead of copying resources
-- Found ros_gz_bridge: 0.244.16 (/opt/ros/humble/share/ros_gz_bridge/cmake)
-- Found rosidl_generator_c: 3.1.6 (/opt/ros/humble/share/rosidl_generator_c/cmake)
-- Found rosidl_adapter: 3.1.6 (/opt/ros/humble/share/rosidl_adapter/cmake)
-- Found rosidl_generator_cpp: 3.1.6 (/opt/ros/humble/share/rosidl_generator_cpp/cmake)
-- Using all available rosidl_typesupport_c: rosidl_typesupport_fastrtps_c;rosidl_typesupport_introspection_c
-- Using all available rosidl_typesupport_cpp: rosidl_typesupport_fastrtps_cpp;rosidl_typesupport_introspection_cpp
-- Found rmw_implementation_cmake: 6.1.2 (/opt/ros/humble/share/rmw_implementation_cmake/cmake)
-- Found rmw_fastrtps_cpp: 6.2.7 (/opt/ros/humble/share/rmw_fastrtps_cpp/cmake)
-- Found OpenSSL: /usr/lib/x86_64-linux-gnu/libcrypto.so (found version "3.0.2")  
-- Found FastRTPS: /opt/ros/humble/include  
-- Using RMW implementation 'rmw_fastrtps_cpp' as default
-- Looking for pthread.h
-- Looking for pthread.h - found
-- Performing Test CMAKE_HAVE_LIBC_PTHREAD
-- Performing Test CMAKE_HAVE_LIBC_PTHREAD - Success
-- Found Threads: TRUE  
-- Found Protobuf: /usr/lib/x86_64-linux-gnu/libprotobuf.so (found suitable version "3.12.4", minimum required is "3") 
-- Found Protobuf: /usr/lib/x86_64-linux-gnu/libprotobuf.so (found version "3.12.4") 
-- Found ament_lint_auto: 0.12.11 (/opt/ros/humble/share/ament_lint_auto/cmake)
-- Added test 'flake8' to check Python code syntax and style conventions
-- Added test 'lint_cmake' to check CMake code style
-- Added test 'pep257' to check Python code against some of the docstring style conventions in PEP 257
-- Added test 'xmllint' to check XML markup files
-- Configuring done
-- Generating done
-- Build files have been written to: /home/nikhil/robot/build/robot_arm_description
-- Install configuration: ""
-- Execute custom install script
-- Symlinking: /home/nikhil/robot/install/robot_arm_description/share/robot_arm_description/meshes/base_link.STL
-- Symlinking: /home/nikhil/robot/install/robot_arm_description/share/robot_arm_description/meshes/dummy_link.STL
-- Symlinking: /home/nikhil/robot/install/robot_arm_description/share/robot_arm_description/meshes/link_1.STL
-- Symlinking: /home/nikhil/robot/install/robot_arm_description/share/robot_arm_description/meshes/link_2.STL
-- Symlinking: /home/nikhil/robot/install/robot_arm_description/share/robot_arm_description/meshes/link_3.STL
-- Symlinking: /home/nikhil/robot/install/robot_arm_description/share/robot_arm_description/meshes/link_4.STL
-- Symlinking: /home/nikhil/robot/install/robot_arm_description/share/robot_arm_description/meshes/link_5.STL
-- Symlinking: /home/nikhil/robot/install/robot_arm_description/share/robot_arm_description/meshes/link_6.STL
-- Symlinking: /home/nikhil/robot/install/robot_arm_description/share/robot_arm_description/urdf/robot_arm.urdf
-- Symlinking: /home/nikhil/robot/install/robot_arm_description/share/robot_arm_description/urdf/robot_arm.urdf.xacro
-- Symlinking: /home/nikhil/robot/install/robot_arm_description/share/robot_arm_description/urdf/robot_arm_control.xacro
-- Symlinking: /home/nikhil/robot/install/robot_arm_description/share/robot_arm_description/urdf/robot_arm_gazebo.xacro
-- Symlinking: /home/nikhil/robot/install/robot_arm_description/share/robot_arm_description/launch/display.launch.py
-- Symlinking: /home/nikhil/robot/install/robot_arm_description/share/robot_arm_description/launch/display.launch.xml
-- Symlinking: /home/nikhil/robot/install/robot_arm_description/share/robot_arm_description/launch/gazebo.launch.py
-- Symlinking: /home/nikhil/robot/install/robot_arm_description/share/robot_arm_description/rviz/robot_arm_rviz.rviz
-- Symlinking: /home/nikhil/robot/install/robot_arm_description/share/ament_index/resource_index/package_run_dependencies/robot_arm_description
-- Symlinking: /home/nikhil/robot/install/robot_arm_description/share/ament_index/resource_index/parent_prefix_path/robot_arm_description
-- Symlinking: /home/nikhil/robot/install/robot_arm_description/share/robot_arm_description/environment/ament_prefix_path.sh
-- Symlinking: /home/nikhil/robot/install/robot_arm_description/share/robot_arm_description/environment/ament_prefix_path.dsv
-- Symlinking: /home/nikhil/robot/install/robot_arm_description/share/robot_arm_description/environment/path.sh
-- Symlinking: /home/nikhil/robot/install/robot_arm_description/share/robot_arm_description/environment/path.dsv
-- Symlinking: /home/nikhil/robot/install/robot_arm_description/share/robot_arm_description/local_setup.bash
-- Symlinking: /home/nikhil/robot/install/robot_arm_description/share/robot_arm_description/local_setup.sh
-- Symlinking: /home/nikhil/robot/install/robot_arm_description/share/robot_arm_description/local_setup.zsh
-- Symlinking: /home/nikhil/robot/install/robot_arm_description/share/robot_arm_description/local_setup.dsv
-- Symlinking: /home/nikhil/robot/install/robot_arm_description/share/robot_arm_description/package.dsv
-- Symlinking: /home/nikhil/robot/install/robot_arm_description/share/ament_index/resource_index/packages/robot_arm_description
-- Symlinking: /home/nikhil/robot/install/robot_arm_description/share/robot_arm_description/cmake/robot_arm_descriptionConfig.cmake
-- Symlinking: /home/nikhil/robot/install/robot_arm_description/share/robot_arm_description/cmake/robot_arm_descriptionConfig-version.cmake
-- Symlinking: /home/nikhil/robot/install/robot_arm_description/share/robot_arm_description/package.xml
