[0.023s] Invoking command in '/home/nikhil/robot/build/robot_arm_description': CMAKE_PREFIX_PATH=${CMAKE_PREFIX_PATH}:/home/nikhil/arm_ws/install/robot_arm_py_examples:/home/nikhil/arm_ws/install/arm_py:/home/nikhil/camera_ws/install/camera_1:/home/nikhil/copy/install/robot_arm_py_examples:/home/nikhil/copy/install/arm_py:/home/nikhil/ros2_ws/install/turtlesim_catch_them_all:/home/nikhil/ros2_ws/install/my_py_pkg:/home/nikhil/ros2_ws/install/camera_project:/home/nikhil/bumperbot_ws/install/bumperbot_py_examples:/opt/ros/humble /usr/bin/cmake /home/nikhil/robot/robot_arm_description -DAMENT_CMAKE_SYMLINK_INSTALL=1 -DCMAKE_INSTALL_PREFIX=/home/nikhil/robot/install/robot_arm_description
[0.135s] -- The C compiler identification is GNU 11.4.0
[0.210s] -- The CXX compiler identification is GNU 11.4.0
[0.223s] -- Detecting C compiler ABI info
[0.343s] -- Detecting C compiler ABI info - done
[0.351s] -- Check for working C compiler: /usr/bin/cc - skipped
[0.351s] -- Detecting C compile features
[0.351s] -- Detecting C compile features - done
[0.358s] -- Detecting CXX compiler ABI info
[0.561s] -- Detecting CXX compiler ABI info - done
[0.570s] -- Check for working CXX compiler: /usr/bin/c++ - skipped
[0.571s] -- Detecting CXX compile features
[0.571s] -- Detecting CXX compile features - done
[0.581s] -- Found ament_cmake: 1.3.11 (/opt/ros/humble/share/ament_cmake/cmake)
[0.875s] -- Found Python3: /usr/bin/python3 (found version "3.10.12") found components: Interpreter 
[0.965s] -- Override CMake install command with custom implementation using symlinks instead of copying resources
[1.107s] -- Found ros_gz_bridge: 0.244.16 (/opt/ros/humble/share/ros_gz_bridge/cmake)
[1.205s] -- Found rosidl_generator_c: 3.1.6 (/opt/ros/humble/share/rosidl_generator_c/cmake)
[1.230s] -- Found rosidl_adapter: 3.1.6 (/opt/ros/humble/share/rosidl_adapter/cmake)
[1.252s] -- Found rosidl_generator_cpp: 3.1.6 (/opt/ros/humble/share/rosidl_generator_cpp/cmake)
[1.272s] -- Using all available rosidl_typesupport_c: rosidl_typesupport_fastrtps_c;rosidl_typesupport_introspection_c
[1.310s] -- Using all available rosidl_typesupport_cpp: rosidl_typesupport_fastrtps_cpp;rosidl_typesupport_introspection_cpp
[1.399s] -- Found rmw_implementation_cmake: 6.1.2 (/opt/ros/humble/share/rmw_implementation_cmake/cmake)
[1.407s] -- Found rmw_fastrtps_cpp: 6.2.7 (/opt/ros/humble/share/rmw_fastrtps_cpp/cmake)
[1.568s] -- Found OpenSSL: /usr/lib/x86_64-linux-gnu/libcrypto.so (found version "3.0.2")  
[1.600s] -- Found FastRTPS: /opt/ros/humble/include  
[1.654s] -- Using RMW implementation 'rmw_fastrtps_cpp' as default
[1.675s] -- Looking for pthread.h
[1.767s] -- Looking for pthread.h - found
[1.767s] -- Performing Test CMAKE_HAVE_LIBC_PTHREAD
[1.858s] -- Performing Test CMAKE_HAVE_LIBC_PTHREAD - Success
[1.858s] -- Found Threads: TRUE  
[2.070s] -- Found Protobuf: /usr/lib/x86_64-linux-gnu/libprotobuf.so (found suitable version "3.12.4", minimum required is "3") 
[2.187s] -- Found Protobuf: /usr/lib/x86_64-linux-gnu/libprotobuf.so (found version "3.12.4") 
[2.686s] -- Found ament_lint_auto: 0.12.11 (/opt/ros/humble/share/ament_lint_auto/cmake)
[2.859s] -- Added test 'flake8' to check Python code syntax and style conventions
[2.859s] -- Added test 'lint_cmake' to check CMake code style
[2.861s] -- Added test 'pep257' to check Python code against some of the docstring style conventions in PEP 257
[2.863s] -- Added test 'xmllint' to check XML markup files
[2.865s] -- Configuring done
[2.874s] -- Generating done
[2.874s] -- Build files have been written to: /home/nikhil/robot/build/robot_arm_description
[2.893s] Invoked command in '/home/nikhil/robot/build/robot_arm_description' returned '0': CMAKE_PREFIX_PATH=${CMAKE_PREFIX_PATH}:/home/nikhil/arm_ws/install/robot_arm_py_examples:/home/nikhil/arm_ws/install/arm_py:/home/nikhil/camera_ws/install/camera_1:/home/nikhil/copy/install/robot_arm_py_examples:/home/nikhil/copy/install/arm_py:/home/nikhil/ros2_ws/install/turtlesim_catch_them_all:/home/nikhil/ros2_ws/install/my_py_pkg:/home/nikhil/ros2_ws/install/camera_project:/home/nikhil/bumperbot_ws/install/bumperbot_py_examples:/opt/ros/humble /usr/bin/cmake /home/nikhil/robot/robot_arm_description -DAMENT_CMAKE_SYMLINK_INSTALL=1 -DCMAKE_INSTALL_PREFIX=/home/nikhil/robot/install/robot_arm_description
[2.893s] Invoking command in '/home/nikhil/robot/build/robot_arm_description': CMAKE_PREFIX_PATH=${CMAKE_PREFIX_PATH}:/home/nikhil/arm_ws/install/robot_arm_py_examples:/home/nikhil/arm_ws/install/arm_py:/home/nikhil/camera_ws/install/camera_1:/home/nikhil/copy/install/robot_arm_py_examples:/home/nikhil/copy/install/arm_py:/home/nikhil/ros2_ws/install/turtlesim_catch_them_all:/home/nikhil/ros2_ws/install/my_py_pkg:/home/nikhil/ros2_ws/install/camera_project:/home/nikhil/bumperbot_ws/install/bumperbot_py_examples:/opt/ros/humble /usr/bin/cmake --build /home/nikhil/robot/build/robot_arm_description -- -j2 -l2
[2.952s] Invoked command in '/home/nikhil/robot/build/robot_arm_description' returned '0': CMAKE_PREFIX_PATH=${CMAKE_PREFIX_PATH}:/home/nikhil/arm_ws/install/robot_arm_py_examples:/home/nikhil/arm_ws/install/arm_py:/home/nikhil/camera_ws/install/camera_1:/home/nikhil/copy/install/robot_arm_py_examples:/home/nikhil/copy/install/arm_py:/home/nikhil/ros2_ws/install/turtlesim_catch_them_all:/home/nikhil/ros2_ws/install/my_py_pkg:/home/nikhil/ros2_ws/install/camera_project:/home/nikhil/bumperbot_ws/install/bumperbot_py_examples:/opt/ros/humble /usr/bin/cmake --build /home/nikhil/robot/build/robot_arm_description -- -j2 -l2
[2.963s] Invoking command in '/home/nikhil/robot/build/robot_arm_description': CMAKE_PREFIX_PATH=${CMAKE_PREFIX_PATH}:/home/nikhil/arm_ws/install/robot_arm_py_examples:/home/nikhil/arm_ws/install/arm_py:/home/nikhil/camera_ws/install/camera_1:/home/nikhil/copy/install/robot_arm_py_examples:/home/nikhil/copy/install/arm_py:/home/nikhil/ros2_ws/install/turtlesim_catch_them_all:/home/nikhil/ros2_ws/install/my_py_pkg:/home/nikhil/ros2_ws/install/camera_project:/home/nikhil/bumperbot_ws/install/bumperbot_py_examples:/opt/ros/humble /usr/bin/cmake --install /home/nikhil/robot/build/robot_arm_description
[2.971s] -- Install configuration: ""
[2.973s] -- Execute custom install script
[2.973s] -- Symlinking: /home/nikhil/robot/install/robot_arm_description/share/robot_arm_description/meshes/base_link.STL
[2.984s] -- Symlinking: /home/nikhil/robot/install/robot_arm_description/share/robot_arm_description/meshes/dummy_link.STL
[2.994s] -- Symlinking: /home/nikhil/robot/install/robot_arm_description/share/robot_arm_description/meshes/link_1.STL
[3.009s] -- Symlinking: /home/nikhil/robot/install/robot_arm_description/share/robot_arm_description/meshes/link_2.STL
[3.022s] -- Symlinking: /home/nikhil/robot/install/robot_arm_description/share/robot_arm_description/meshes/link_3.STL
[3.034s] -- Symlinking: /home/nikhil/robot/install/robot_arm_description/share/robot_arm_description/meshes/link_4.STL
[3.044s] -- Symlinking: /home/nikhil/robot/install/robot_arm_description/share/robot_arm_description/meshes/link_5.STL
[3.059s] -- Symlinking: /home/nikhil/robot/install/robot_arm_description/share/robot_arm_description/meshes/link_6.STL
[3.068s] -- Symlinking: /home/nikhil/robot/install/robot_arm_description/share/robot_arm_description/urdf/robot_arm.urdf
[3.078s] -- Symlinking: /home/nikhil/robot/install/robot_arm_description/share/robot_arm_description/urdf/robot_arm.urdf.xacro
[3.089s] -- Symlinking: /home/nikhil/robot/install/robot_arm_description/share/robot_arm_description/urdf/robot_arm_control.xacro
[3.099s] -- Symlinking: /home/nikhil/robot/install/robot_arm_description/share/robot_arm_description/urdf/robot_arm_gazebo.xacro
[3.111s] -- Symlinking: /home/nikhil/robot/install/robot_arm_description/share/robot_arm_description/launch/display.launch.py
[3.120s] -- Symlinking: /home/nikhil/robot/install/robot_arm_description/share/robot_arm_description/launch/display.launch.xml
[3.130s] -- Symlinking: /home/nikhil/robot/install/robot_arm_description/share/robot_arm_description/launch/gazebo.launch.py
[3.140s] -- Symlinking: /home/nikhil/robot/install/robot_arm_description/share/robot_arm_description/rviz/robot_arm_rviz.rviz
[3.156s] -- Symlinking: /home/nikhil/robot/install/robot_arm_description/share/ament_index/resource_index/package_run_dependencies/robot_arm_description
[3.164s] -- Symlinking: /home/nikhil/robot/install/robot_arm_description/share/ament_index/resource_index/parent_prefix_path/robot_arm_description
[3.178s] -- Symlinking: /home/nikhil/robot/install/robot_arm_description/share/robot_arm_description/environment/ament_prefix_path.sh
[3.189s] -- Symlinking: /home/nikhil/robot/install/robot_arm_description/share/robot_arm_description/environment/ament_prefix_path.dsv
[3.198s] -- Symlinking: /home/nikhil/robot/install/robot_arm_description/share/robot_arm_description/environment/path.sh
[3.210s] -- Symlinking: /home/nikhil/robot/install/robot_arm_description/share/robot_arm_description/environment/path.dsv
[3.222s] -- Symlinking: /home/nikhil/robot/install/robot_arm_description/share/robot_arm_description/local_setup.bash
[3.236s] -- Symlinking: /home/nikhil/robot/install/robot_arm_description/share/robot_arm_description/local_setup.sh
[3.248s] -- Symlinking: /home/nikhil/robot/install/robot_arm_description/share/robot_arm_description/local_setup.zsh
[3.261s] -- Symlinking: /home/nikhil/robot/install/robot_arm_description/share/robot_arm_description/local_setup.dsv
[3.276s] -- Symlinking: /home/nikhil/robot/install/robot_arm_description/share/robot_arm_description/package.dsv
[3.285s] -- Symlinking: /home/nikhil/robot/install/robot_arm_description/share/ament_index/resource_index/packages/robot_arm_description
[3.297s] -- Symlinking: /home/nikhil/robot/install/robot_arm_description/share/robot_arm_description/cmake/robot_arm_descriptionConfig.cmake
[3.307s] -- Symlinking: /home/nikhil/robot/install/robot_arm_description/share/robot_arm_description/cmake/robot_arm_descriptionConfig-version.cmake
[3.317s] -- Symlinking: /home/nikhil/robot/install/robot_arm_description/share/robot_arm_description/package.xml
[3.333s] Invoked command in '/home/nikhil/robot/build/robot_arm_description' returned '0': CMAKE_PREFIX_PATH=${CMAKE_PREFIX_PATH}:/home/nikhil/arm_ws/install/robot_arm_py_examples:/home/nikhil/arm_ws/install/arm_py:/home/nikhil/camera_ws/install/camera_1:/home/nikhil/copy/install/robot_arm_py_examples:/home/nikhil/copy/install/arm_py:/home/nikhil/ros2_ws/install/turtlesim_catch_them_all:/home/nikhil/ros2_ws/install/my_py_pkg:/home/nikhil/ros2_ws/install/camera_project:/home/nikhil/bumperbot_ws/install/bumperbot_py_examples:/opt/ros/humble /usr/bin/cmake --install /home/nikhil/robot/build/robot_arm_description
