[0.049s] Invoking command in '/home/nikhil/robot/build/moveit_scripts': CMAKE_PREFIX_PATH=${CMAKE_PREFIX_PATH}:/home/nikhil/arm_ws/install/robot_arm_py_examples:/home/nikhil/arm_ws/install/arm_py:/home/nikhil/camera_ws/install/camera_1:/home/nikhil/copy/install/robot_arm_py_examples:/home/nikhil/copy/install/arm_py:/home/nikhil/ros2_ws/install/turtlesim_catch_them_all:/home/nikhil/ros2_ws/install/my_py_pkg:/home/nikhil/ros2_ws/install/camera_project:/home/nikhil/bumperbot_ws/install/bumperbot_py_examples:/opt/ros/humble /usr/bin/cmake --build /home/nikhil/robot/build/moveit_scripts -- -j2 -l2
[0.425s] [35m[1mConsolidate compiler generated dependencies of target action_server[0m
[0.506s] [ 50%] [32mBuilding CXX object CMakeFiles/action_server.dir/src/action_server.cpp.o[0m
[20.014s] [100%] [32m[1mLinking CXX executable action_server[0m
[21.117s] [100%] Built target action_server
[21.150s] Invoked command in '/home/nikhil/robot/build/moveit_scripts' returned '0': CMAKE_PREFIX_PATH=${CMAKE_PREFIX_PATH}:/home/nikhil/arm_ws/install/robot_arm_py_examples:/home/nikhil/arm_ws/install/arm_py:/home/nikhil/camera_ws/install/camera_1:/home/nikhil/copy/install/robot_arm_py_examples:/home/nikhil/copy/install/arm_py:/home/nikhil/ros2_ws/install/turtlesim_catch_them_all:/home/nikhil/ros2_ws/install/my_py_pkg:/home/nikhil/ros2_ws/install/camera_project:/home/nikhil/bumperbot_ws/install/bumperbot_py_examples:/opt/ros/humble /usr/bin/cmake --build /home/nikhil/robot/build/moveit_scripts -- -j2 -l2
[21.155s] Invoking command in '/home/nikhil/robot/build/moveit_scripts': CMAKE_PREFIX_PATH=${CMAKE_PREFIX_PATH}:/home/nikhil/arm_ws/install/robot_arm_py_examples:/home/nikhil/arm_ws/install/arm_py:/home/nikhil/camera_ws/install/camera_1:/home/nikhil/copy/install/robot_arm_py_examples:/home/nikhil/copy/install/arm_py:/home/nikhil/ros2_ws/install/turtlesim_catch_them_all:/home/nikhil/ros2_ws/install/my_py_pkg:/home/nikhil/ros2_ws/install/camera_project:/home/nikhil/bumperbot_ws/install/bumperbot_py_examples:/opt/ros/humble /usr/bin/cmake --install /home/nikhil/robot/build/moveit_scripts
[21.181s] -- Install configuration: ""
[21.182s] -- Execute custom install script
[21.186s] -- Up-to-date symlink: /home/nikhil/robot/install/moveit_scripts/lib/moveit_scripts/action_server
[21.189s] -- Up-to-date symlink: /home/nikhil/robot/install/moveit_scripts/share/ament_index/resource_index/package_run_dependencies/moveit_scripts
[21.192s] -- Up-to-date symlink: /home/nikhil/robot/install/moveit_scripts/share/ament_index/resource_index/parent_prefix_path/moveit_scripts
[21.194s] -- Up-to-date symlink: /home/nikhil/robot/install/moveit_scripts/share/moveit_scripts/environment/ament_prefix_path.sh
[21.199s] -- Up-to-date symlink: /home/nikhil/robot/install/moveit_scripts/share/moveit_scripts/environment/ament_prefix_path.dsv
[21.199s] -- Up-to-date symlink: /home/nikhil/robot/install/moveit_scripts/share/moveit_scripts/environment/path.sh
[21.200s] -- Up-to-date symlink: /home/nikhil/robot/install/moveit_scripts/share/moveit_scripts/environment/path.dsv
[21.202s] -- Up-to-date symlink: /home/nikhil/robot/install/moveit_scripts/share/moveit_scripts/local_setup.bash
[21.203s] -- Up-to-date symlink: /home/nikhil/robot/install/moveit_scripts/share/moveit_scripts/local_setup.sh
[21.204s] -- Up-to-date symlink: /home/nikhil/robot/install/moveit_scripts/share/moveit_scripts/local_setup.zsh
[21.205s] -- Up-to-date symlink: /home/nikhil/robot/install/moveit_scripts/share/moveit_scripts/local_setup.dsv
[21.205s] -- Symlinking: /home/nikhil/robot/install/moveit_scripts/share/moveit_scripts/package.dsv
[21.265s] -- Up-to-date symlink: /home/nikhil/robot/install/moveit_scripts/share/ament_index/resource_index/packages/moveit_scripts
[21.266s] -- Up-to-date symlink: /home/nikhil/robot/install/moveit_scripts/share/moveit_scripts/cmake/moveit_scriptsConfig.cmake
[21.269s] -- Up-to-date symlink: /home/nikhil/robot/install/moveit_scripts/share/moveit_scripts/cmake/moveit_scriptsConfig-version.cmake
[21.269s] -- Up-to-date symlink: /home/nikhil/robot/install/moveit_scripts/share/moveit_scripts/package.xml
[21.275s] Invoked command in '/home/nikhil/robot/build/moveit_scripts' returned '0': CMAKE_PREFIX_PATH=${CMAKE_PREFIX_PATH}:/home/nikhil/arm_ws/install/robot_arm_py_examples:/home/nikhil/arm_ws/install/arm_py:/home/nikhil/camera_ws/install/camera_1:/home/nikhil/copy/install/robot_arm_py_examples:/home/nikhil/copy/install/arm_py:/home/nikhil/ros2_ws/install/turtlesim_catch_them_all:/home/nikhil/ros2_ws/install/my_py_pkg:/home/nikhil/ros2_ws/install/camera_project:/home/nikhil/bumperbot_ws/install/bumperbot_py_examples:/opt/ros/humble /usr/bin/cmake --install /home/nikhil/robot/build/moveit_scripts
