[0.027s] Invoking command in '/home/nikhil/robot/build/moveit_scripts': CMAKE_PREFIX_PATH=${CMAKE_PREFIX_PATH}:/home/nikhil/arm_ws/install/robot_arm_py_examples:/home/nikhil/arm_ws/install/arm_py:/home/nikhil/camera_ws/install/camera_1:/home/nikhil/copy/install/robot_arm_py_examples:/home/nikhil/copy/install/arm_py:/home/nikhil/ros2_ws/install/turtlesim_catch_them_all:/home/nikhil/ros2_ws/install/my_py_pkg:/home/nikhil/ros2_ws/install/camera_project:/home/nikhil/bumperbot_ws/install/bumperbot_py_examples:/opt/ros/humble /usr/bin/cmake --build /home/nikhil/robot/build/moveit_scripts -- -j2 -l2
[0.148s] [ 50%] [32mBuilding CXX object CMakeFiles/action_server.dir/src/action_server.cpp.o[0m
[13.375s] [100%] [32m[1mLinking CXX executable action_server[0m
[14.644s] [100%] Built target action_server
[14.659s] Invoked command in '/home/nikhil/robot/build/moveit_scripts' returned '0': CMAKE_PREFIX_PATH=${CMAKE_PREFIX_PATH}:/home/nikhil/arm_ws/install/robot_arm_py_examples:/home/nikhil/arm_ws/install/arm_py:/home/nikhil/camera_ws/install/camera_1:/home/nikhil/copy/install/robot_arm_py_examples:/home/nikhil/copy/install/arm_py:/home/nikhil/ros2_ws/install/turtlesim_catch_them_all:/home/nikhil/ros2_ws/install/my_py_pkg:/home/nikhil/ros2_ws/install/camera_project:/home/nikhil/bumperbot_ws/install/bumperbot_py_examples:/opt/ros/humble /usr/bin/cmake --build /home/nikhil/robot/build/moveit_scripts -- -j2 -l2
[14.663s] Invoking command in '/home/nikhil/robot/build/moveit_scripts': CMAKE_PREFIX_PATH=${CMAKE_PREFIX_PATH}:/home/nikhil/arm_ws/install/robot_arm_py_examples:/home/nikhil/arm_ws/install/arm_py:/home/nikhil/camera_ws/install/camera_1:/home/nikhil/copy/install/robot_arm_py_examples:/home/nikhil/copy/install/arm_py:/home/nikhil/ros2_ws/install/turtlesim_catch_them_all:/home/nikhil/ros2_ws/install/my_py_pkg:/home/nikhil/ros2_ws/install/camera_project:/home/nikhil/bumperbot_ws/install/bumperbot_py_examples:/opt/ros/humble /usr/bin/cmake --install /home/nikhil/robot/build/moveit_scripts
[14.672s] -- Install configuration: ""
[14.673s] -- Execute custom install script
[14.674s] -- Up-to-date symlink: /home/nikhil/robot/install/moveit_scripts/lib/moveit_scripts/action_server
[14.674s] -- Up-to-date symlink: /home/nikhil/robot/install/moveit_scripts/share/ament_index/resource_index/package_run_dependencies/moveit_scripts
[14.675s] -- Up-to-date symlink: /home/nikhil/robot/install/moveit_scripts/share/ament_index/resource_index/parent_prefix_path/moveit_scripts
[14.675s] -- Up-to-date symlink: /home/nikhil/robot/install/moveit_scripts/share/moveit_scripts/environment/ament_prefix_path.sh
[14.676s] -- Up-to-date symlink: /home/nikhil/robot/install/moveit_scripts/share/moveit_scripts/environment/ament_prefix_path.dsv
[14.676s] -- Up-to-date symlink: /home/nikhil/robot/install/moveit_scripts/share/moveit_scripts/environment/path.sh
[14.676s] -- Up-to-date symlink: /home/nikhil/robot/install/moveit_scripts/share/moveit_scripts/environment/path.dsv
[14.677s] -- Up-to-date symlink: /home/nikhil/robot/install/moveit_scripts/share/moveit_scripts/local_setup.bash
[14.677s] -- Up-to-date symlink: /home/nikhil/robot/install/moveit_scripts/share/moveit_scripts/local_setup.sh
[14.678s] -- Up-to-date symlink: /home/nikhil/robot/install/moveit_scripts/share/moveit_scripts/local_setup.zsh
[14.678s] -- Up-to-date symlink: /home/nikhil/robot/install/moveit_scripts/share/moveit_scripts/local_setup.dsv
[14.678s] -- Symlinking: /home/nikhil/robot/install/moveit_scripts/share/moveit_scripts/package.dsv
[14.688s] -- Up-to-date symlink: /home/nikhil/robot/install/moveit_scripts/share/ament_index/resource_index/packages/moveit_scripts
[14.688s] -- Up-to-date symlink: /home/nikhil/robot/install/moveit_scripts/share/moveit_scripts/cmake/moveit_scriptsConfig.cmake
[14.688s] -- Up-to-date symlink: /home/nikhil/robot/install/moveit_scripts/share/moveit_scripts/cmake/moveit_scriptsConfig-version.cmake
[14.689s] -- Up-to-date symlink: /home/nikhil/robot/install/moveit_scripts/share/moveit_scripts/package.xml
[14.691s] Invoked command in '/home/nikhil/robot/build/moveit_scripts' returned '0': CMAKE_PREFIX_PATH=${CMAKE_PREFIX_PATH}:/home/nikhil/arm_ws/install/robot_arm_py_examples:/home/nikhil/arm_ws/install/arm_py:/home/nikhil/camera_ws/install/camera_1:/home/nikhil/copy/install/robot_arm_py_examples:/home/nikhil/copy/install/arm_py:/home/nikhil/ros2_ws/install/turtlesim_catch_them_all:/home/nikhil/ros2_ws/install/my_py_pkg:/home/nikhil/ros2_ws/install/camera_project:/home/nikhil/bumperbot_ws/install/bumperbot_py_examples:/opt/ros/humble /usr/bin/cmake --install /home/nikhil/robot/build/moveit_scripts
