[0.062s] Invoking command in '/home/nikhil/robot/build/moveit_scripts': CMAKE_PREFIX_PATH=${CMAKE_PREFIX_PATH}:/home/nikhil/robot/install/robot_bringup:/home/nikhil/arm_ws/install/robot_arm_py_examples:/home/nikhil/arm_ws/install/arm_py:/home/nikhil/camera_ws/install/camera_1:/home/nikhil/copy/install/robot_arm_py_examples:/home/nikhil/copy/install/arm_py:/home/nikhil/ros2_ws/install/turtlesim_catch_them_all:/home/nikhil/ros2_ws/install/my_py_pkg:/home/nikhil/ros2_ws/install/camera_project:/home/nikhil/bumperbot_ws/install/bumperbot_py_examples:/opt/ros/humble /usr/bin/cmake /home/nikhil/robot/moveit_scripts -DCMAKE_INSTALL_PREFIX=/home/nikhil/robot/install/moveit_scripts
[0.476s] -- Found ament_cmake: 1.3.11 (/opt/ros/humble/share/ament_cmake/cmake)
[0.476s] -- Override CMake install command with custom implementation using symlinks instead of copying resources
[0.476s] -- Found moveit_ros_planning_interface: 2.5.8 (/opt/ros/humble/share/moveit_ros_planning_interface/cmake)
[0.476s] -- Found Boost: /usr/lib/x86_64-linux-gnu/cmake/Boost-1.74.0/BoostConfig.cmake (found version "1.74.0") found components: date_time filesystem program_options system thread 
[0.541s] -- Found rosidl_generator_c: 3.1.6 (/opt/ros/humble/share/rosidl_generator_c/cmake)
[0.547s] -- Found rosidl_adapter: 3.1.6 (/opt/ros/humble/share/rosidl_adapter/cmake)
[0.566s] -- Found rosidl_generator_cpp: 3.1.6 (/opt/ros/humble/share/rosidl_generator_cpp/cmake)
[0.605s] -- Using all available rosidl_typesupport_c: rosidl_typesupport_fastrtps_c;rosidl_typesupport_introspection_c
[0.633s] -- Using all available rosidl_typesupport_cpp: rosidl_typesupport_fastrtps_cpp;rosidl_typesupport_introspection_cpp
[1.093s] -- Found Boost: /usr/lib/x86_64-linux-gnu/cmake/Boost-1.74.0/BoostConfig.cmake (found version "1.74.0") found components: chrono date_time filesystem iostreams program_options regex serialization system thread 
[1.177s] -- Found parameter_traits: 0.4.0 (/opt/ros/humble/share/parameter_traits/cmake)
[1.207s] -- Found rmw_implementation_cmake: 6.1.2 (/opt/ros/humble/share/rmw_implementation_cmake/cmake)
[1.209s] -- Found rmw_fastrtps_cpp: 6.2.7 (/opt/ros/humble/share/rmw_fastrtps_cpp/cmake)
[1.320s] -- Using RMW implementation 'rmw_fastrtps_cpp' as default
[1.370s] -- Found rclcpp_lifecycle: 16.0.11 (/opt/ros/humble/share/rclcpp_lifecycle/cmake)
[1.417s] -- Found Boost: /usr/lib/x86_64-linux-gnu/cmake/Boost-1.74.0/BoostConfig.cmake (found version "1.74.0") found components: filesystem 
[1.481s] -- library: /usr/lib/x86_64-linux-gnu/libcurl.so
[1.525s] -- Ensuring Eigen3 include directory is part of orocos-kdl CMake target
[1.721s] -- Found Boost: /usr/lib/x86_64-linux-gnu/cmake/Boost-1.74.0/BoostConfig.cmake (found version "1.74.0") found components: system filesystem date_time program_options thread chrono 
[1.752s] -- Found Boost: /usr/lib/x86_64-linux-gnu/cmake/Boost-1.74.0/BoostConfig.cmake (found version "1.74.0") found components: thread system filesystem regex date_time program_options 
[1.784s] -- Found Boost: /usr/lib/x86_64-linux-gnu/cmake/Boost-1.74.0/BoostConfig.cmake (found version "1.74.0") found components: system filesystem date_time program_options thread 
[1.833s] -- Found control_msgs: 4.7.0 (/opt/ros/humble/share/control_msgs/cmake)
[1.878s] -- Found ament_lint_auto: 0.12.11 (/opt/ros/humble/share/ament_lint_auto/cmake)
[1.960s] -- Added test 'cppcheck' to perform static code analysis on C / C++ code
[1.961s] -- Configured cppcheck include dirs: $<BUILD_INTERFACE:/home/nikhil/robot/moveit_scripts/include>
[1.961s] -- Configured cppcheck exclude dirs and/or files: 
[1.961s] -- Added test 'lint_cmake' to check CMake code style
[1.962s] -- Added test 'uncrustify' to check C / C++ code style
[1.962s] -- Configured uncrustify additional arguments: 
[1.963s] -- Added test 'xmllint' to check XML markup files
[1.966s] -- Configuring done
[2.030s] -- Generating done
[2.039s] -- Build files have been written to: /home/nikhil/robot/build/moveit_scripts
[2.060s] Invoked command in '/home/nikhil/robot/build/moveit_scripts' returned '0': CMAKE_PREFIX_PATH=${CMAKE_PREFIX_PATH}:/home/nikhil/robot/install/robot_bringup:/home/nikhil/arm_ws/install/robot_arm_py_examples:/home/nikhil/arm_ws/install/arm_py:/home/nikhil/camera_ws/install/camera_1:/home/nikhil/copy/install/robot_arm_py_examples:/home/nikhil/copy/install/arm_py:/home/nikhil/ros2_ws/install/turtlesim_catch_them_all:/home/nikhil/ros2_ws/install/my_py_pkg:/home/nikhil/ros2_ws/install/camera_project:/home/nikhil/bumperbot_ws/install/bumperbot_py_examples:/opt/ros/humble /usr/bin/cmake /home/nikhil/robot/moveit_scripts -DCMAKE_INSTALL_PREFIX=/home/nikhil/robot/install/moveit_scripts
[2.062s] Invoking command in '/home/nikhil/robot/build/moveit_scripts': CMAKE_PREFIX_PATH=${CMAKE_PREFIX_PATH}:/home/nikhil/robot/install/robot_bringup:/home/nikhil/arm_ws/install/robot_arm_py_examples:/home/nikhil/arm_ws/install/arm_py:/home/nikhil/camera_ws/install/camera_1:/home/nikhil/copy/install/robot_arm_py_examples:/home/nikhil/copy/install/arm_py:/home/nikhil/ros2_ws/install/turtlesim_catch_them_all:/home/nikhil/ros2_ws/install/my_py_pkg:/home/nikhil/ros2_ws/install/camera_project:/home/nikhil/bumperbot_ws/install/bumperbot_py_examples:/opt/ros/humble /usr/bin/cmake --build /home/nikhil/robot/build/moveit_scripts -- -j6 -l6
[2.106s] [35m[1mConsolidate compiler generated dependencies of target action_server[0m
[2.139s] [100%] Built target action_server
[2.152s] Invoked command in '/home/nikhil/robot/build/moveit_scripts' returned '0': CMAKE_PREFIX_PATH=${CMAKE_PREFIX_PATH}:/home/nikhil/robot/install/robot_bringup:/home/nikhil/arm_ws/install/robot_arm_py_examples:/home/nikhil/arm_ws/install/arm_py:/home/nikhil/camera_ws/install/camera_1:/home/nikhil/copy/install/robot_arm_py_examples:/home/nikhil/copy/install/arm_py:/home/nikhil/ros2_ws/install/turtlesim_catch_them_all:/home/nikhil/ros2_ws/install/my_py_pkg:/home/nikhil/ros2_ws/install/camera_project:/home/nikhil/bumperbot_ws/install/bumperbot_py_examples:/opt/ros/humble /usr/bin/cmake --build /home/nikhil/robot/build/moveit_scripts -- -j6 -l6
[2.154s] Invoking command in '/home/nikhil/robot/build/moveit_scripts': CMAKE_PREFIX_PATH=${CMAKE_PREFIX_PATH}:/home/nikhil/robot/install/robot_bringup:/home/nikhil/arm_ws/install/robot_arm_py_examples:/home/nikhil/arm_ws/install/arm_py:/home/nikhil/camera_ws/install/camera_1:/home/nikhil/copy/install/robot_arm_py_examples:/home/nikhil/copy/install/arm_py:/home/nikhil/ros2_ws/install/turtlesim_catch_them_all:/home/nikhil/ros2_ws/install/my_py_pkg:/home/nikhil/ros2_ws/install/camera_project:/home/nikhil/bumperbot_ws/install/bumperbot_py_examples:/opt/ros/humble /usr/bin/cmake --install /home/nikhil/robot/build/moveit_scripts
[2.163s] -- Install configuration: ""
[2.164s] -- Execute custom install script
[2.164s] -- Up-to-date symlink: /home/nikhil/robot/install/moveit_scripts/lib/moveit_scripts/action_server
[2.165s] -- Up-to-date symlink: /home/nikhil/robot/install/moveit_scripts/share/ament_index/resource_index/package_run_dependencies/moveit_scripts
[2.165s] -- Up-to-date symlink: /home/nikhil/robot/install/moveit_scripts/share/ament_index/resource_index/parent_prefix_path/moveit_scripts
[2.165s] -- Up-to-date symlink: /home/nikhil/robot/install/moveit_scripts/share/moveit_scripts/environment/ament_prefix_path.sh
[2.166s] -- Up-to-date symlink: /home/nikhil/robot/install/moveit_scripts/share/moveit_scripts/environment/ament_prefix_path.dsv
[2.167s] -- Up-to-date symlink: /home/nikhil/robot/install/moveit_scripts/share/moveit_scripts/environment/path.sh
[2.167s] -- Up-to-date symlink: /home/nikhil/robot/install/moveit_scripts/share/moveit_scripts/environment/path.dsv
[2.167s] -- Up-to-date symlink: /home/nikhil/robot/install/moveit_scripts/share/moveit_scripts/local_setup.bash
[2.167s] -- Up-to-date symlink: /home/nikhil/robot/install/moveit_scripts/share/moveit_scripts/local_setup.sh
[2.167s] -- Up-to-date symlink: /home/nikhil/robot/install/moveit_scripts/share/moveit_scripts/local_setup.zsh
[2.167s] -- Up-to-date symlink: /home/nikhil/robot/install/moveit_scripts/share/moveit_scripts/local_setup.dsv
[2.167s] -- Symlinking: /home/nikhil/robot/install/moveit_scripts/share/moveit_scripts/package.dsv
[2.176s] -- Up-to-date symlink: /home/nikhil/robot/install/moveit_scripts/share/ament_index/resource_index/packages/moveit_scripts
[2.176s] -- Up-to-date symlink: /home/nikhil/robot/install/moveit_scripts/share/moveit_scripts/cmake/moveit_scriptsConfig.cmake
[2.176s] -- Up-to-date symlink: /home/nikhil/robot/install/moveit_scripts/share/moveit_scripts/cmake/moveit_scriptsConfig-version.cmake
[2.177s] -- Up-to-date symlink: /home/nikhil/robot/install/moveit_scripts/share/moveit_scripts/package.xml
[2.179s] Invoked command in '/home/nikhil/robot/build/moveit_scripts' returned '0': CMAKE_PREFIX_PATH=${CMAKE_PREFIX_PATH}:/home/nikhil/robot/install/robot_bringup:/home/nikhil/arm_ws/install/robot_arm_py_examples:/home/nikhil/arm_ws/install/arm_py:/home/nikhil/camera_ws/install/camera_1:/home/nikhil/copy/install/robot_arm_py_examples:/home/nikhil/copy/install/arm_py:/home/nikhil/ros2_ws/install/turtlesim_catch_them_all:/home/nikhil/ros2_ws/install/my_py_pkg:/home/nikhil/ros2_ws/install/camera_project:/home/nikhil/bumperbot_ws/install/bumperbot_py_examples:/opt/ros/humble /usr/bin/cmake --install /home/nikhil/robot/build/moveit_scripts
