[0.851s] Invoking command in '/home/nikhil/camera_ws/build/camera_1': PYTHONPATH=/home/nikhil/camera_ws/build/camera_1/prefix_override:/usr/lib/python3/dist-packages/colcon_core/task/python/colcon_distutils_commands:/home/nikhil/camera_ws/install/camera_1/lib/python3.10/site-packages:${PYTHONPATH} /usr/bin/python3 -W ignore:setup.py install is deprecated -W ignore:easy_install command is deprecated setup.py develop --editable --build-directory /home/nikhil/camera_ws/build/camera_1/build --no-deps symlink_data
[1.205s] running develop
[1.430s] running egg_info
[1.430s] writing camera_1.egg-info/PKG-INFO
[1.431s] writing dependency_links to camera_1.egg-info/dependency_links.txt
[1.432s] writing entry points to camera_1.egg-info/entry_points.txt
[1.432s] writing requirements to camera_1.egg-info/requires.txt
[1.432s] writing top-level names to camera_1.egg-info/top_level.txt
[1.435s] reading manifest file 'camera_1.egg-info/SOURCES.txt'
[1.435s] writing manifest file 'camera_1.egg-info/SOURCES.txt'
[1.438s] running build_ext
[1.438s] Creating /home/nikhil/camera_ws/install/camera_1/lib/python3.10/site-packages/camera-1.egg-link (link to .)
[1.440s] Installing camera_1 script to /home/nikhil/camera_ws/install/camera_1/lib/camera_1
[1.440s] Installing detect_aruco script to /home/nikhil/camera_ws/install/camera_1/lib/camera_1
[1.440s] Installing generate_aruco script to /home/nikhil/camera_ws/install/camera_1/lib/camera_1
[1.440s] Installing map_objects script to /home/nikhil/camera_ws/install/camera_1/lib/camera_1
[1.440s] 
[1.441s] Installed /home/nikhil/camera_ws/build/camera_1
[1.441s] running symlink_data
[1.471s] Invoked command in '/home/nikhil/camera_ws/build/camera_1' returned '0': PYTHONPATH=/home/nikhil/camera_ws/build/camera_1/prefix_override:/usr/lib/python3/dist-packages/colcon_core/task/python/colcon_distutils_commands:/home/nikhil/camera_ws/install/camera_1/lib/python3.10/site-packages:${PYTHONPATH} /usr/bin/python3 -W ignore:setup.py install is deprecated -W ignore:easy_install command is deprecated setup.py develop --editable --build-directory /home/nikhil/camera_ws/build/camera_1/build --no-deps symlink_data
