[0.168s] Invoking command in '/home/nikhil/robot/build/moveit_scripts': CMAKE_PREFIX_PATH=${CMAKE_PREFIX_PATH}:/home/nikhil/robot/install/robot_utils:/home/nikhil/robot/install/robot_bringup:/home/nikhil/arm_ws/install/robot_arm_py_examples:/home/nikhil/arm_ws/install/arm_py:/home/nikhil/camera_ws/install/camera_1:/home/nikhil/copy/install/robot_arm_py_examples:/home/nikhil/copy/install/arm_py:/home/nikhil/ros2_ws/install/turtlesim_catch_them_all:/home/nikhil/ros2_ws/install/my_py_pkg:/home/nikhil/ros2_ws/install/camera_project:/home/nikhil/bumperbot_ws/install/bumperbot_py_examples:/opt/ros/humble /usr/bin/cmake /home/nikhil/robot/moveit_scripts -DAMENT_CMAKE_SYMLINK_INSTALL=1 -DCMAKE_INSTALL_PREFIX=/home/nikhil/robot/install/moveit_scripts
[1.565s] -- Found ament_cmake: 1.3.11 (/opt/ros/humble/share/ament_cmake/cmake)
[1.566s] -- Override CMake install command with custom implementation using symlinks instead of copying resources
[1.566s] -- Found moveit_ros_planning_interface: 2.5.8 (/opt/ros/humble/share/moveit_ros_planning_interface/cmake)
[1.567s] -- Found Boost: /usr/lib/x86_64-linux-gnu/cmake/Boost-1.74.0/BoostConfig.cmake (found version "1.74.0") found components: date_time filesystem program_options system thread 
[1.567s] -- Found rosidl_generator_c: 3.1.6 (/opt/ros/humble/share/rosidl_generator_c/cmake)
[1.567s] -- Found rosidl_adapter: 3.1.6 (/opt/ros/humble/share/rosidl_adapter/cmake)
[1.567s] -- Found rosidl_generator_cpp: 3.1.6 (/opt/ros/humble/share/rosidl_generator_cpp/cmake)
[1.568s] -- Using all available rosidl_typesupport_c: rosidl_typesupport_fastrtps_c;rosidl_typesupport_introspection_c
[1.568s] -- Using all available rosidl_typesupport_cpp: rosidl_typesupport_fastrtps_cpp;rosidl_typesupport_introspection_cpp
[1.991s] -- Found Boost: /usr/lib/x86_64-linux-gnu/cmake/Boost-1.74.0/BoostConfig.cmake (found version "1.74.0") found components: chrono date_time filesystem iostreams program_options regex serialization system thread 
[2.083s] -- Found parameter_traits: 0.4.0 (/opt/ros/humble/share/parameter_traits/cmake)
[2.148s] -- Found rmw_implementation_cmake: 6.1.2 (/opt/ros/humble/share/rmw_implementation_cmake/cmake)
[2.162s] -- Found rmw_fastrtps_cpp: 6.2.7 (/opt/ros/humble/share/rmw_fastrtps_cpp/cmake)
[2.567s] -- Using RMW implementation 'rmw_fastrtps_cpp' as default
[2.781s] -- Found rclcpp_lifecycle: 16.0.11 (/opt/ros/humble/share/rclcpp_lifecycle/cmake)
[2.872s] -- Found Boost: /usr/lib/x86_64-linux-gnu/cmake/Boost-1.74.0/BoostConfig.cmake (found version "1.74.0") found components: filesystem 
[3.078s] -- library: /usr/lib/x86_64-linux-gnu/libcurl.so
[3.242s] -- Ensuring Eigen3 include directory is part of orocos-kdl CMake target
[3.641s] -- Found Boost: /usr/lib/x86_64-linux-gnu/cmake/Boost-1.74.0/BoostConfig.cmake (found version "1.74.0") found components: system filesystem date_time program_options thread chrono 
[3.766s] -- Found Boost: /usr/lib/x86_64-linux-gnu/cmake/Boost-1.74.0/BoostConfig.cmake (found version "1.74.0") found components: thread system filesystem regex date_time program_options 
[3.828s] -- Found Boost: /usr/lib/x86_64-linux-gnu/cmake/Boost-1.74.0/BoostConfig.cmake (found version "1.74.0") found components: system filesystem date_time program_options thread 
[3.921s] -- Found control_msgs: 4.7.0 (/opt/ros/humble/share/control_msgs/cmake)
[4.110s] -- Found ament_lint_auto: 0.12.11 (/opt/ros/humble/share/ament_lint_auto/cmake)
[4.540s] -- Added test 'cppcheck' to perform static code analysis on C / C++ code
[4.543s] -- Configured cppcheck include dirs: $<BUILD_INTERFACE:/home/nikhil/robot/moveit_scripts/include>
[4.543s] -- Configured cppcheck exclude dirs and/or files: 
[4.546s] -- Added test 'lint_cmake' to check CMake code style
[4.551s] -- Added test 'uncrustify' to check C / C++ code style
[4.552s] -- Configured uncrustify additional arguments: 
[4.556s] -- Added test 'xmllint' to check XML markup files
[4.562s] -- Configuring done
[4.727s] -- Generating done
[4.771s] -- Build files have been written to: /home/nikhil/robot/build/moveit_scripts
[4.833s] Invoked command in '/home/nikhil/robot/build/moveit_scripts' returned '0': CMAKE_PREFIX_PATH=${CMAKE_PREFIX_PATH}:/home/nikhil/robot/install/robot_utils:/home/nikhil/robot/install/robot_bringup:/home/nikhil/arm_ws/install/robot_arm_py_examples:/home/nikhil/arm_ws/install/arm_py:/home/nikhil/camera_ws/install/camera_1:/home/nikhil/copy/install/robot_arm_py_examples:/home/nikhil/copy/install/arm_py:/home/nikhil/ros2_ws/install/turtlesim_catch_them_all:/home/nikhil/ros2_ws/install/my_py_pkg:/home/nikhil/ros2_ws/install/camera_project:/home/nikhil/bumperbot_ws/install/bumperbot_py_examples:/opt/ros/humble /usr/bin/cmake /home/nikhil/robot/moveit_scripts -DAMENT_CMAKE_SYMLINK_INSTALL=1 -DCMAKE_INSTALL_PREFIX=/home/nikhil/robot/install/moveit_scripts
[4.841s] Invoking command in '/home/nikhil/robot/build/moveit_scripts': CMAKE_PREFIX_PATH=${CMAKE_PREFIX_PATH}:/home/nikhil/robot/install/robot_utils:/home/nikhil/robot/install/robot_bringup:/home/nikhil/arm_ws/install/robot_arm_py_examples:/home/nikhil/arm_ws/install/arm_py:/home/nikhil/camera_ws/install/camera_1:/home/nikhil/copy/install/robot_arm_py_examples:/home/nikhil/copy/install/arm_py:/home/nikhil/ros2_ws/install/turtlesim_catch_them_all:/home/nikhil/ros2_ws/install/my_py_pkg:/home/nikhil/ros2_ws/install/camera_project:/home/nikhil/bumperbot_ws/install/bumperbot_py_examples:/opt/ros/humble /usr/bin/cmake --build /home/nikhil/robot/build/moveit_scripts -- -j6 -l6
[5.197s] [35m[1mConsolidate compiler generated dependencies of target action_server[0m
[5.512s] [100%] Built target action_server
[5.594s] Invoked command in '/home/nikhil/robot/build/moveit_scripts' returned '0': CMAKE_PREFIX_PATH=${CMAKE_PREFIX_PATH}:/home/nikhil/robot/install/robot_utils:/home/nikhil/robot/install/robot_bringup:/home/nikhil/arm_ws/install/robot_arm_py_examples:/home/nikhil/arm_ws/install/arm_py:/home/nikhil/camera_ws/install/camera_1:/home/nikhil/copy/install/robot_arm_py_examples:/home/nikhil/copy/install/arm_py:/home/nikhil/ros2_ws/install/turtlesim_catch_them_all:/home/nikhil/ros2_ws/install/my_py_pkg:/home/nikhil/ros2_ws/install/camera_project:/home/nikhil/bumperbot_ws/install/bumperbot_py_examples:/opt/ros/humble /usr/bin/cmake --build /home/nikhil/robot/build/moveit_scripts -- -j6 -l6
[5.600s] Invoking command in '/home/nikhil/robot/build/moveit_scripts': CMAKE_PREFIX_PATH=${CMAKE_PREFIX_PATH}:/home/nikhil/robot/install/robot_utils:/home/nikhil/robot/install/robot_bringup:/home/nikhil/arm_ws/install/robot_arm_py_examples:/home/nikhil/arm_ws/install/arm_py:/home/nikhil/camera_ws/install/camera_1:/home/nikhil/copy/install/robot_arm_py_examples:/home/nikhil/copy/install/arm_py:/home/nikhil/ros2_ws/install/turtlesim_catch_them_all:/home/nikhil/ros2_ws/install/my_py_pkg:/home/nikhil/ros2_ws/install/camera_project:/home/nikhil/bumperbot_ws/install/bumperbot_py_examples:/opt/ros/humble /usr/bin/cmake --install /home/nikhil/robot/build/moveit_scripts
[5.634s] -- Install configuration: ""
[5.635s] -- Execute custom install script
[5.638s] -- Up-to-date symlink: /home/nikhil/robot/install/moveit_scripts/lib/moveit_scripts/action_server
[5.642s] -- Up-to-date symlink: /home/nikhil/robot/install/moveit_scripts/share/ament_index/resource_index/package_run_dependencies/moveit_scripts
[5.643s] -- Up-to-date symlink: /home/nikhil/robot/install/moveit_scripts/share/ament_index/resource_index/parent_prefix_path/moveit_scripts
[5.643s] -- Up-to-date symlink: /home/nikhil/robot/install/moveit_scripts/share/moveit_scripts/environment/ament_prefix_path.sh
[5.654s] -- Up-to-date symlink: /home/nikhil/robot/install/moveit_scripts/share/moveit_scripts/environment/ament_prefix_path.dsv
[5.654s] -- Up-to-date symlink: /home/nikhil/robot/install/moveit_scripts/share/moveit_scripts/environment/path.sh
[5.654s] -- Up-to-date symlink: /home/nikhil/robot/install/moveit_scripts/share/moveit_scripts/environment/path.dsv
[5.660s] -- Up-to-date symlink: /home/nikhil/robot/install/moveit_scripts/share/moveit_scripts/local_setup.bash
[5.665s] -- Up-to-date symlink: /home/nikhil/robot/install/moveit_scripts/share/moveit_scripts/local_setup.sh
[5.667s] -- Up-to-date symlink: /home/nikhil/robot/install/moveit_scripts/share/moveit_scripts/local_setup.zsh
[5.668s] -- Up-to-date symlink: /home/nikhil/robot/install/moveit_scripts/share/moveit_scripts/local_setup.dsv
[5.668s] -- Symlinking: /home/nikhil/robot/install/moveit_scripts/share/moveit_scripts/package.dsv
[5.716s] -- Up-to-date symlink: /home/nikhil/robot/install/moveit_scripts/share/ament_index/resource_index/packages/moveit_scripts
[5.716s] -- Up-to-date symlink: /home/nikhil/robot/install/moveit_scripts/share/moveit_scripts/cmake/moveit_scriptsConfig.cmake
[5.717s] -- Up-to-date symlink: /home/nikhil/robot/install/moveit_scripts/share/moveit_scripts/cmake/moveit_scriptsConfig-version.cmake
[5.717s] -- Up-to-date symlink: /home/nikhil/robot/install/moveit_scripts/share/moveit_scripts/package.xml
[5.727s] Invoked command in '/home/nikhil/robot/build/moveit_scripts' returned '0': CMAKE_PREFIX_PATH=${CMAKE_PREFIX_PATH}:/home/nikhil/robot/install/robot_utils:/home/nikhil/robot/install/robot_bringup:/home/nikhil/arm_ws/install/robot_arm_py_examples:/home/nikhil/arm_ws/install/arm_py:/home/nikhil/camera_ws/install/camera_1:/home/nikhil/copy/install/robot_arm_py_examples:/home/nikhil/copy/install/arm_py:/home/nikhil/ros2_ws/install/turtlesim_catch_them_all:/home/nikhil/ros2_ws/install/my_py_pkg:/home/nikhil/ros2_ws/install/camera_project:/home/nikhil/bumperbot_ws/install/bumperbot_py_examples:/opt/ros/humble /usr/bin/cmake --install /home/nikhil/robot/build/moveit_scripts
