[0.710s] Invoking command in '/home/nikhil/camera_ws/src/camera_1': PYTHONPATH=/home/nikhil/camera_ws/build/camera_1/prefix_override:/usr/lib/python3/dist-packages/colcon_core/task/python/colcon_distutils_commands:/home/nikhil/camera_ws/install/camera_1/lib/python3.10/site-packages:${PYTHONPATH} /usr/bin/python3 -W ignore:setup.py install is deprecated -W ignore:easy_install command is deprecated setup.py egg_info --egg-base ../../build/camera_1 build --build-base /home/nikhil/camera_ws/build/camera_1/build install --record /home/nikhil/camera_ws/build/camera_1/install.log --single-version-externally-managed install_data
[0.976s] running egg_info
[0.977s] writing ../../build/camera_1/camera_1.egg-info/PKG-INFO
[0.977s] writing dependency_links to ../../build/camera_1/camera_1.egg-info/dependency_links.txt
[0.978s] writing entry points to ../../build/camera_1/camera_1.egg-info/entry_points.txt
[0.978s] writing requirements to ../../build/camera_1/camera_1.egg-info/requires.txt
[0.979s] writing top-level names to ../../build/camera_1/camera_1.egg-info/top_level.txt
[0.981s] reading manifest file '../../build/camera_1/camera_1.egg-info/SOURCES.txt'
[0.982s] writing manifest file '../../build/camera_1/camera_1.egg-info/SOURCES.txt'
[0.982s] running build
[0.982s] running build_py
[0.982s] copying camera_1/generate_aruco.py -> /home/nikhil/camera_ws/build/camera_1/build/lib/camera_1
[0.983s] running install
[0.983s] running install_lib
[0.984s] copying /home/nikhil/camera_ws/build/camera_1/build/lib/camera_1/generate_aruco.py -> /home/nikhil/camera_ws/install/camera_1/lib/python3.10/site-packages/camera_1
[0.984s] byte-compiling /home/nikhil/camera_ws/install/camera_1/lib/python3.10/site-packages/camera_1/generate_aruco.py to generate_aruco.cpython-310.pyc
[0.985s] running install_data
[0.985s] running install_egg_info
[0.988s] removing '/home/nikhil/camera_ws/install/camera_1/lib/python3.10/site-packages/camera_1-0.0.0-py3.10.egg-info' (and everything under it)
[0.991s] Copying ../../build/camera_1/camera_1.egg-info to /home/nikhil/camera_ws/install/camera_1/lib/python3.10/site-packages/camera_1-0.0.0-py3.10.egg-info
[0.991s] running install_scripts
[1.012s] Installing camera_1 script to /home/nikhil/camera_ws/install/camera_1/lib/camera_1
[1.012s] Installing detect_aruco script to /home/nikhil/camera_ws/install/camera_1/lib/camera_1
[1.012s] Installing generate_aruco script to /home/nikhil/camera_ws/install/camera_1/lib/camera_1
[1.012s] writing list of installed files to '/home/nikhil/camera_ws/build/camera_1/install.log'
[1.037s] Invoked command in '/home/nikhil/camera_ws/src/camera_1' returned '0': PYTHONPATH=/home/nikhil/camera_ws/build/camera_1/prefix_override:/usr/lib/python3/dist-packages/colcon_core/task/python/colcon_distutils_commands:/home/nikhil/camera_ws/install/camera_1/lib/python3.10/site-packages:${PYTHONPATH} /usr/bin/python3 -W ignore:setup.py install is deprecated -W ignore:easy_install command is deprecated setup.py egg_info --egg-base ../../build/camera_1 build --build-base /home/nikhil/camera_ws/build/camera_1/build install --record /home/nikhil/camera_ws/build/camera_1/install.log --single-version-externally-managed install_data
