[1.056s] Invoking command in '/home/nikhil/camera_ws/build/camera_1': PYTHONPATH=/home/nikhil/camera_ws/build/camera_1/prefix_override:/usr/lib/python3/dist-packages/colcon_core/task/python/colcon_distutils_commands:/home/nikhil/camera_ws/install/camera_1/lib/python3.10/site-packages:${PYTHONPATH} /usr/bin/python3 -W ignore:setup.py install is deprecated -W ignore:easy_install command is deprecated setup.py develop --uninstall --editable --build-directory /home/nikhil/camera_ws/build/camera_1/build
[1.297s] running develop
[1.445s] Removing /home/nikhil/camera_ws/install/camera_1/lib/python3.10/site-packages/camera-1.egg-link (link to .)
[1.467s] Invoked command in '/home/nikhil/camera_ws/build/camera_1' returned '0': PYTHONPATH=/home/nikhil/camera_ws/build/camera_1/prefix_override:/usr/lib/python3/dist-packages/colcon_core/task/python/colcon_distutils_commands:/home/nikhil/camera_ws/install/camera_1/lib/python3.10/site-packages:${PYTHONPATH} /usr/bin/python3 -W ignore:setup.py install is deprecated -W ignore:easy_install command is deprecated setup.py develop --uninstall --editable --build-directory /home/nikhil/camera_ws/build/camera_1/build
[1.468s] Invoking command in '/home/nikhil/camera_ws/src/camera_1': PYTHONPATH=/home/nikhil/camera_ws/build/camera_1/prefix_override:/usr/lib/python3/dist-packages/colcon_core/task/python/colcon_distutils_commands:/home/nikhil/camera_ws/install/camera_1/lib/python3.10/site-packages:${PYTHONPATH} /usr/bin/python3 -W ignore:setup.py install is deprecated -W ignore:easy_install command is deprecated setup.py egg_info --egg-base ../../build/camera_1 build --build-base /home/nikhil/camera_ws/build/camera_1/build install --record /home/nikhil/camera_ws/build/camera_1/install.log --single-version-externally-managed install_data --force
[1.679s] running egg_info
[1.679s] writing ../../build/camera_1/camera_1.egg-info/PKG-INFO
[1.680s] writing dependency_links to ../../build/camera_1/camera_1.egg-info/dependency_links.txt
[1.680s] writing entry points to ../../build/camera_1/camera_1.egg-info/entry_points.txt
[1.680s] writing requirements to ../../build/camera_1/camera_1.egg-info/requires.txt
[1.681s] writing top-level names to ../../build/camera_1/camera_1.egg-info/top_level.txt
[1.691s] reading manifest file '../../build/camera_1/camera_1.egg-info/SOURCES.txt'
[1.696s] writing manifest file '../../build/camera_1/camera_1.egg-info/SOURCES.txt'
[1.696s] running build
[1.696s] running build_py
[1.702s] copying camera_1/first_camera.py -> /home/nikhil/camera_ws/build/camera_1/build/lib/camera_1
[1.705s] copying camera_1/map_objects.py -> /home/nikhil/camera_ws/build/camera_1/build/lib/camera_1
[1.708s] copying camera_1/generate_aruco.py -> /home/nikhil/camera_ws/build/camera_1/build/lib/camera_1
[1.712s] running install
[1.712s] running install_lib
[1.712s] creating /home/nikhil/camera_ws/install/camera_1/lib/python3.10/site-packages/camera_1
[1.712s] copying /home/nikhil/camera_ws/build/camera_1/build/lib/camera_1/first_camera.py -> /home/nikhil/camera_ws/install/camera_1/lib/python3.10/site-packages/camera_1
[1.713s] copying /home/nikhil/camera_ws/build/camera_1/build/lib/camera_1/__init__.py -> /home/nikhil/camera_ws/install/camera_1/lib/python3.10/site-packages/camera_1
[1.713s] copying /home/nikhil/camera_ws/build/camera_1/build/lib/camera_1/map_objects.py -> /home/nikhil/camera_ws/install/camera_1/lib/python3.10/site-packages/camera_1
[1.713s] copying /home/nikhil/camera_ws/build/camera_1/build/lib/camera_1/generate_aruco.py -> /home/nikhil/camera_ws/install/camera_1/lib/python3.10/site-packages/camera_1
[1.713s] copying /home/nikhil/camera_ws/build/camera_1/build/lib/camera_1/detect_aruco.py -> /home/nikhil/camera_ws/install/camera_1/lib/python3.10/site-packages/camera_1
[1.721s] byte-compiling /home/nikhil/camera_ws/install/camera_1/lib/python3.10/site-packages/camera_1/first_camera.py to first_camera.cpython-310.pyc
[1.723s] byte-compiling /home/nikhil/camera_ws/install/camera_1/lib/python3.10/site-packages/camera_1/__init__.py to __init__.cpython-310.pyc
[1.723s] byte-compiling /home/nikhil/camera_ws/install/camera_1/lib/python3.10/site-packages/camera_1/map_objects.py to map_objects.cpython-310.pyc
[1.725s] byte-compiling /home/nikhil/camera_ws/install/camera_1/lib/python3.10/site-packages/camera_1/generate_aruco.py to generate_aruco.cpython-310.pyc
[1.725s] byte-compiling /home/nikhil/camera_ws/install/camera_1/lib/python3.10/site-packages/camera_1/detect_aruco.py to detect_aruco.cpython-310.pyc
[1.726s] running install_data
[1.726s] copying resource/camera_1 -> /home/nikhil/camera_ws/install/camera_1/share/ament_index/resource_index/packages
[1.726s] copying package.xml -> /home/nikhil/camera_ws/install/camera_1/share/camera_1
[1.727s] running install_egg_info
[1.729s] Copying ../../build/camera_1/camera_1.egg-info to /home/nikhil/camera_ws/install/camera_1/lib/python3.10/site-packages/camera_1-0.0.0-py3.10.egg-info
[1.731s] running install_scripts
[1.750s] Installing camera_1 script to /home/nikhil/camera_ws/install/camera_1/lib/camera_1
[1.750s] Installing detect_aruco script to /home/nikhil/camera_ws/install/camera_1/lib/camera_1
[1.750s] Installing generate_aruco script to /home/nikhil/camera_ws/install/camera_1/lib/camera_1
[1.751s] Installing map_objects script to /home/nikhil/camera_ws/install/camera_1/lib/camera_1
[1.751s] writing list of installed files to '/home/nikhil/camera_ws/build/camera_1/install.log'
[1.768s] Invoked command in '/home/nikhil/camera_ws/src/camera_1' returned '0': PYTHONPATH=/home/nikhil/camera_ws/build/camera_1/prefix_override:/usr/lib/python3/dist-packages/colcon_core/task/python/colcon_distutils_commands:/home/nikhil/camera_ws/install/camera_1/lib/python3.10/site-packages:${PYTHONPATH} /usr/bin/python3 -W ignore:setup.py install is deprecated -W ignore:easy_install command is deprecated setup.py egg_info --egg-base ../../build/camera_1 build --build-base /home/nikhil/camera_ws/build/camera_1/build install --record /home/nikhil/camera_ws/build/camera_1/install.log --single-version-externally-managed install_data --force
