[0.724s] Invoking command in '/home/nikhil/camera_ws/build/camera_1': PYTHONPATH=/home/nikhil/camera_ws/build/camera_1/prefix_override:/usr/lib/python3/dist-packages/colcon_core/task/python/colcon_distutils_commands:/home/nikhil/camera_ws/install/camera_1/lib/python3.10/site-packages:${PYTHONPATH} /usr/bin/python3 -W ignore:setup.py install is deprecated -W ignore:easy_install command is deprecated setup.py develop --uninstall --editable --build-directory /home/nikhil/camera_ws/build/camera_1/build
[1.003s] running develop
[1.181s] Removing /home/nikhil/camera_ws/install/camera_1/lib/python3.10/site-packages/camera-1.egg-link (link to .)
[1.208s] Invoked command in '/home/nikhil/camera_ws/build/camera_1' returned '0': PYTHONPATH=/home/nikhil/camera_ws/build/camera_1/prefix_override:/usr/lib/python3/dist-packages/colcon_core/task/python/colcon_distutils_commands:/home/nikhil/camera_ws/install/camera_1/lib/python3.10/site-packages:${PYTHONPATH} /usr/bin/python3 -W ignore:setup.py install is deprecated -W ignore:easy_install command is deprecated setup.py develop --uninstall --editable --build-directory /home/nikhil/camera_ws/build/camera_1/build
[1.209s] Invoking command in '/home/nikhil/camera_ws/src/camera_1': PYTHONPATH=/home/nikhil/camera_ws/build/camera_1/prefix_override:/usr/lib/python3/dist-packages/colcon_core/task/python/colcon_distutils_commands:/home/nikhil/camera_ws/install/camera_1/lib/python3.10/site-packages:${PYTHONPATH} /usr/bin/python3 -W ignore:setup.py install is deprecated -W ignore:easy_install command is deprecated setup.py egg_info --egg-base ../../build/camera_1 build --build-base /home/nikhil/camera_ws/build/camera_1/build install --record /home/nikhil/camera_ws/build/camera_1/install.log --single-version-externally-managed install_data --force
[1.468s] running egg_info
[1.470s] writing ../../build/camera_1/camera_1.egg-info/PKG-INFO
[1.470s] writing dependency_links to ../../build/camera_1/camera_1.egg-info/dependency_links.txt
[1.470s] writing entry points to ../../build/camera_1/camera_1.egg-info/entry_points.txt
[1.471s] writing requirements to ../../build/camera_1/camera_1.egg-info/requires.txt
[1.471s] writing top-level names to ../../build/camera_1/camera_1.egg-info/top_level.txt
[1.472s] reading manifest file '../../build/camera_1/camera_1.egg-info/SOURCES.txt'
[1.473s] writing manifest file '../../build/camera_1/camera_1.egg-info/SOURCES.txt'
[1.473s] running build
[1.473s] running build_py
[1.474s] copying camera_1/first_camera.py -> /home/nikhil/camera_ws/build/camera_1/build/lib/camera_1
[1.474s] copying camera_1/generate_aruco.py -> /home/nikhil/camera_ws/build/camera_1/build/lib/camera_1
[1.474s] copying camera_1/detect_aruco.py -> /home/nikhil/camera_ws/build/camera_1/build/lib/camera_1
[1.474s] running install
[1.474s] running install_lib
[1.475s] creating /home/nikhil/camera_ws/install/camera_1/lib/python3.10/site-packages/camera_1
[1.475s] copying /home/nikhil/camera_ws/build/camera_1/build/lib/camera_1/first_camera.py -> /home/nikhil/camera_ws/install/camera_1/lib/python3.10/site-packages/camera_1
[1.476s] copying /home/nikhil/camera_ws/build/camera_1/build/lib/camera_1/__init__.py -> /home/nikhil/camera_ws/install/camera_1/lib/python3.10/site-packages/camera_1
[1.476s] copying /home/nikhil/camera_ws/build/camera_1/build/lib/camera_1/generate_aruco.py -> /home/nikhil/camera_ws/install/camera_1/lib/python3.10/site-packages/camera_1
[1.476s] copying /home/nikhil/camera_ws/build/camera_1/build/lib/camera_1/detect_aruco.py -> /home/nikhil/camera_ws/install/camera_1/lib/python3.10/site-packages/camera_1
[1.477s] byte-compiling /home/nikhil/camera_ws/install/camera_1/lib/python3.10/site-packages/camera_1/first_camera.py to first_camera.cpython-310.pyc
[1.477s] byte-compiling /home/nikhil/camera_ws/install/camera_1/lib/python3.10/site-packages/camera_1/__init__.py to __init__.cpython-310.pyc
[1.478s] byte-compiling /home/nikhil/camera_ws/install/camera_1/lib/python3.10/site-packages/camera_1/generate_aruco.py to generate_aruco.cpython-310.pyc
[1.478s] byte-compiling /home/nikhil/camera_ws/install/camera_1/lib/python3.10/site-packages/camera_1/detect_aruco.py to detect_aruco.cpython-310.pyc
[1.479s] running install_data
[1.479s] copying resource/camera_1 -> /home/nikhil/camera_ws/install/camera_1/share/ament_index/resource_index/packages
[1.479s] copying package.xml -> /home/nikhil/camera_ws/install/camera_1/share/camera_1
[1.479s] running install_egg_info
[1.482s] Copying ../../build/camera_1/camera_1.egg-info to /home/nikhil/camera_ws/install/camera_1/lib/python3.10/site-packages/camera_1-0.0.0-py3.10.egg-info
[1.490s] running install_scripts
[1.512s] Installing camera_1 script to /home/nikhil/camera_ws/install/camera_1/lib/camera_1
[1.513s] Installing detect_aruco script to /home/nikhil/camera_ws/install/camera_1/lib/camera_1
[1.513s] Installing generate_aruco script to /home/nikhil/camera_ws/install/camera_1/lib/camera_1
[1.513s] writing list of installed files to '/home/nikhil/camera_ws/build/camera_1/install.log'
[1.539s] Invoked command in '/home/nikhil/camera_ws/src/camera_1' returned '0': PYTHONPATH=/home/nikhil/camera_ws/build/camera_1/prefix_override:/usr/lib/python3/dist-packages/colcon_core/task/python/colcon_distutils_commands:/home/nikhil/camera_ws/install/camera_1/lib/python3.10/site-packages:${PYTHONPATH} /usr/bin/python3 -W ignore:setup.py install is deprecated -W ignore:easy_install command is deprecated setup.py egg_info --egg-base ../../build/camera_1 build --build-base /home/nikhil/camera_ws/build/camera_1/build install --record /home/nikhil/camera_ws/build/camera_1/install.log --single-version-externally-managed install_data --force
