[0.909s] Invoking command in '/home/nikhil/camera_ws/build/camera_1': PYTHONPATH=/home/nikhil/camera_ws/build/camera_1/prefix_override:/usr/lib/python3/dist-packages/colcon_core/task/python/colcon_distutils_commands:/home/nikhil/camera_ws/install/camera_1/lib/python3.10/site-packages:${PYTHONPATH} /usr/bin/python3 -W ignore:setup.py install is deprecated -W ignore:easy_install command is deprecated setup.py develop --uninstall --editable --build-directory /home/nikhil/camera_ws/build/camera_1/build
[1.234s] running develop
[1.446s] Removing /home/nikhil/camera_ws/install/camera_1/lib/python3.10/site-packages/camera-1.egg-link (link to .)
[1.478s] Invoked command in '/home/nikhil/camera_ws/build/camera_1' returned '0': PYTHONPATH=/home/nikhil/camera_ws/build/camera_1/prefix_override:/usr/lib/python3/dist-packages/colcon_core/task/python/colcon_distutils_commands:/home/nikhil/camera_ws/install/camera_1/lib/python3.10/site-packages:${PYTHONPATH} /usr/bin/python3 -W ignore:setup.py install is deprecated -W ignore:easy_install command is deprecated setup.py develop --uninstall --editable --build-directory /home/nikhil/camera_ws/build/camera_1/build
[1.480s] Invoking command in '/home/nikhil/camera_ws/src/camera_1': PYTHONPATH=/home/nikhil/camera_ws/build/camera_1/prefix_override:/usr/lib/python3/dist-packages/colcon_core/task/python/colcon_distutils_commands:/home/nikhil/camera_ws/install/camera_1/lib/python3.10/site-packages:${PYTHONPATH} /usr/bin/python3 -W ignore:setup.py install is deprecated -W ignore:easy_install command is deprecated setup.py egg_info --egg-base ../../build/camera_1 build --build-base /home/nikhil/camera_ws/build/camera_1/build install --record /home/nikhil/camera_ws/build/camera_1/install.log --single-version-externally-managed install_data --force
[1.752s] running egg_info
[1.754s] writing ../../build/camera_1/camera_1.egg-info/PKG-INFO
[1.754s] writing dependency_links to ../../build/camera_1/camera_1.egg-info/dependency_links.txt
[1.754s] writing entry points to ../../build/camera_1/camera_1.egg-info/entry_points.txt
[1.754s] writing requirements to ../../build/camera_1/camera_1.egg-info/requires.txt
[1.755s] writing top-level names to ../../build/camera_1/camera_1.egg-info/top_level.txt
[1.756s] reading manifest file '../../build/camera_1/camera_1.egg-info/SOURCES.txt'
[1.759s] writing manifest file '../../build/camera_1/camera_1.egg-info/SOURCES.txt'
[1.759s] running build
[1.759s] running build_py
[1.759s] copying camera_1/check_1.py -> /home/nikhil/camera_ws/build/camera_1/build/lib/camera_1
[1.760s] copying camera_1/map_objects.py -> /home/nikhil/camera_ws/build/camera_1/build/lib/camera_1
[1.760s] running install
[1.761s] running install_lib
[1.762s] creating /home/nikhil/camera_ws/install/camera_1/lib/python3.10/site-packages/camera_1
[1.762s] copying /home/nikhil/camera_ws/build/camera_1/build/lib/camera_1/check_1.py -> /home/nikhil/camera_ws/install/camera_1/lib/python3.10/site-packages/camera_1
[1.762s] copying /home/nikhil/camera_ws/build/camera_1/build/lib/camera_1/first_camera.py -> /home/nikhil/camera_ws/install/camera_1/lib/python3.10/site-packages/camera_1
[1.762s] copying /home/nikhil/camera_ws/build/camera_1/build/lib/camera_1/__init__.py -> /home/nikhil/camera_ws/install/camera_1/lib/python3.10/site-packages/camera_1
[1.762s] copying /home/nikhil/camera_ws/build/camera_1/build/lib/camera_1/map_objects.py -> /home/nikhil/camera_ws/install/camera_1/lib/python3.10/site-packages/camera_1
[1.762s] copying /home/nikhil/camera_ws/build/camera_1/build/lib/camera_1/generate_aruco.py -> /home/nikhil/camera_ws/install/camera_1/lib/python3.10/site-packages/camera_1
[1.763s] copying /home/nikhil/camera_ws/build/camera_1/build/lib/camera_1/detect_aruco.py -> /home/nikhil/camera_ws/install/camera_1/lib/python3.10/site-packages/camera_1
[1.763s] byte-compiling /home/nikhil/camera_ws/install/camera_1/lib/python3.10/site-packages/camera_1/check_1.py to check_1.cpython-310.pyc
[1.763s] byte-compiling /home/nikhil/camera_ws/install/camera_1/lib/python3.10/site-packages/camera_1/first_camera.py to first_camera.cpython-310.pyc
[1.765s] byte-compiling /home/nikhil/camera_ws/install/camera_1/lib/python3.10/site-packages/camera_1/__init__.py to __init__.cpython-310.pyc
[1.765s] byte-compiling /home/nikhil/camera_ws/install/camera_1/lib/python3.10/site-packages/camera_1/map_objects.py to map_objects.cpython-310.pyc
[1.767s] byte-compiling /home/nikhil/camera_ws/install/camera_1/lib/python3.10/site-packages/camera_1/generate_aruco.py to generate_aruco.cpython-310.pyc
[1.767s] byte-compiling /home/nikhil/camera_ws/install/camera_1/lib/python3.10/site-packages/camera_1/detect_aruco.py to detect_aruco.cpython-310.pyc
[1.768s] running install_data
[1.768s] copying resource/camera_1 -> /home/nikhil/camera_ws/install/camera_1/share/ament_index/resource_index/packages
[1.768s] copying package.xml -> /home/nikhil/camera_ws/install/camera_1/share/camera_1
[1.769s] running install_egg_info
[1.771s] Copying ../../build/camera_1/camera_1.egg-info to /home/nikhil/camera_ws/install/camera_1/lib/python3.10/site-packages/camera_1-0.0.0-py3.10.egg-info
[1.772s] running install_scripts
[1.794s] Installing camera_1 script to /home/nikhil/camera_ws/install/camera_1/lib/camera_1
[1.795s] Installing check_1 script to /home/nikhil/camera_ws/install/camera_1/lib/camera_1
[1.795s] Installing detect_aruco script to /home/nikhil/camera_ws/install/camera_1/lib/camera_1
[1.796s] Installing generate_aruco script to /home/nikhil/camera_ws/install/camera_1/lib/camera_1
[1.796s] Installing map_objects script to /home/nikhil/camera_ws/install/camera_1/lib/camera_1
[1.797s] writing list of installed files to '/home/nikhil/camera_ws/build/camera_1/install.log'
[1.820s] Invoked command in '/home/nikhil/camera_ws/src/camera_1' returned '0': PYTHONPATH=/home/nikhil/camera_ws/build/camera_1/prefix_override:/usr/lib/python3/dist-packages/colcon_core/task/python/colcon_distutils_commands:/home/nikhil/camera_ws/install/camera_1/lib/python3.10/site-packages:${PYTHONPATH} /usr/bin/python3 -W ignore:setup.py install is deprecated -W ignore:easy_install command is deprecated setup.py egg_info --egg-base ../../build/camera_1 build --build-base /home/nikhil/camera_ws/build/camera_1/build install --record /home/nikhil/camera_ws/build/camera_1/install.log --single-version-externally-managed install_data --force
