[0.040s] Invoking command in '/home/nikhil/robot/build/moveit_scripts': CMAKE_PREFIX_PATH=${CMAKE_PREFIX_PATH}:/home/nikhil/arm_ws/install/robot_arm_py_examples:/home/nikhil/arm_ws/install/arm_py:/home/nikhil/camera_ws/install/camera_1:/home/nikhil/copy/install/robot_arm_py_examples:/home/nikhil/copy/install/arm_py:/home/nikhil/ros2_ws/install/turtlesim_catch_them_all:/home/nikhil/ros2_ws/install/my_py_pkg:/home/nikhil/ros2_ws/install/camera_project:/home/nikhil/bumperbot_ws/install/bumperbot_py_examples:/opt/ros/humble /usr/bin/cmake --build /home/nikhil/robot/build/moveit_scripts -- -j2 -l2
[0.190s] [35m[1mConsolidate compiler generated dependencies of target action_server[0m
[0.263s] [ 50%] [32mBuilding CXX object CMakeFiles/action_server.dir/src/action_server.cpp.o[0m
[11.126s] [100%] [32m[1mLinking CXX executable action_server[0m
[12.180s] [100%] Built target action_server
[12.207s] Invoked command in '/home/nikhil/robot/build/moveit_scripts' returned '0': CMAKE_PREFIX_PATH=${CMAKE_PREFIX_PATH}:/home/nikhil/arm_ws/install/robot_arm_py_examples:/home/nikhil/arm_ws/install/arm_py:/home/nikhil/camera_ws/install/camera_1:/home/nikhil/copy/install/robot_arm_py_examples:/home/nikhil/copy/install/arm_py:/home/nikhil/ros2_ws/install/turtlesim_catch_them_all:/home/nikhil/ros2_ws/install/my_py_pkg:/home/nikhil/ros2_ws/install/camera_project:/home/nikhil/bumperbot_ws/install/bumperbot_py_examples:/opt/ros/humble /usr/bin/cmake --build /home/nikhil/robot/build/moveit_scripts -- -j2 -l2
[12.213s] Invoking command in '/home/nikhil/robot/build/moveit_scripts': CMAKE_PREFIX_PATH=${CMAKE_PREFIX_PATH}:/home/nikhil/arm_ws/install/robot_arm_py_examples:/home/nikhil/arm_ws/install/arm_py:/home/nikhil/camera_ws/install/camera_1:/home/nikhil/copy/install/robot_arm_py_examples:/home/nikhil/copy/install/arm_py:/home/nikhil/ros2_ws/install/turtlesim_catch_them_all:/home/nikhil/ros2_ws/install/my_py_pkg:/home/nikhil/ros2_ws/install/camera_project:/home/nikhil/bumperbot_ws/install/bumperbot_py_examples:/opt/ros/humble /usr/bin/cmake --install /home/nikhil/robot/build/moveit_scripts
[12.226s] -- Install configuration: ""
[12.226s] -- Execute custom install script
[12.226s] -- Up-to-date symlink: /home/nikhil/robot/install/moveit_scripts/lib/moveit_scripts/action_server
[12.227s] -- Up-to-date symlink: /home/nikhil/robot/install/moveit_scripts/share/ament_index/resource_index/package_run_dependencies/moveit_scripts
[12.228s] -- Up-to-date symlink: /home/nikhil/robot/install/moveit_scripts/share/ament_index/resource_index/parent_prefix_path/moveit_scripts
[12.228s] -- Up-to-date symlink: /home/nikhil/robot/install/moveit_scripts/share/moveit_scripts/environment/ament_prefix_path.sh
[12.229s] -- Up-to-date symlink: /home/nikhil/robot/install/moveit_scripts/share/moveit_scripts/environment/ament_prefix_path.dsv
[12.229s] -- Up-to-date symlink: /home/nikhil/robot/install/moveit_scripts/share/moveit_scripts/environment/path.sh
[12.230s] -- Up-to-date symlink: /home/nikhil/robot/install/moveit_scripts/share/moveit_scripts/environment/path.dsv
[12.231s] -- Up-to-date symlink: /home/nikhil/robot/install/moveit_scripts/share/moveit_scripts/local_setup.bash
[12.232s] -- Up-to-date symlink: /home/nikhil/robot/install/moveit_scripts/share/moveit_scripts/local_setup.sh
[12.232s] -- Up-to-date symlink: /home/nikhil/robot/install/moveit_scripts/share/moveit_scripts/local_setup.zsh
[12.233s] -- Up-to-date symlink: /home/nikhil/robot/install/moveit_scripts/share/moveit_scripts/local_setup.dsv
[12.233s] -- Symlinking: /home/nikhil/robot/install/moveit_scripts/share/moveit_scripts/package.dsv
[12.247s] -- Up-to-date symlink: /home/nikhil/robot/install/moveit_scripts/share/ament_index/resource_index/packages/moveit_scripts
[12.248s] -- Up-to-date symlink: /home/nikhil/robot/install/moveit_scripts/share/moveit_scripts/cmake/moveit_scriptsConfig.cmake
[12.249s] -- Up-to-date symlink: /home/nikhil/robot/install/moveit_scripts/share/moveit_scripts/cmake/moveit_scriptsConfig-version.cmake
[12.249s] -- Up-to-date symlink: /home/nikhil/robot/install/moveit_scripts/share/moveit_scripts/package.xml
[12.251s] Invoked command in '/home/nikhil/robot/build/moveit_scripts' returned '0': CMAKE_PREFIX_PATH=${CMAKE_PREFIX_PATH}:/home/nikhil/arm_ws/install/robot_arm_py_examples:/home/nikhil/arm_ws/install/arm_py:/home/nikhil/camera_ws/install/camera_1:/home/nikhil/copy/install/robot_arm_py_examples:/home/nikhil/copy/install/arm_py:/home/nikhil/ros2_ws/install/turtlesim_catch_them_all:/home/nikhil/ros2_ws/install/my_py_pkg:/home/nikhil/ros2_ws/install/camera_project:/home/nikhil/bumperbot_ws/install/bumperbot_py_examples:/opt/ros/humble /usr/bin/cmake --install /home/nikhil/robot/build/moveit_scripts
