running egg_info
creating ../build/robot_utils/robot_utils.egg-info
writing ../build/robot_utils/robot_utils.egg-info/PKG-INFO
writing dependency_links to ../build/robot_utils/robot_utils.egg-info/dependency_links.txt
writing entry points to ../build/robot_utils/robot_utils.egg-info/entry_points.txt
writing requirements to ../build/robot_utils/robot_utils.egg-info/requires.txt
writing top-level names to ../build/robot_utils/robot_utils.egg-info/top_level.txt
writing manifest file '../build/robot_utils/robot_utils.egg-info/SOURCES.txt'
reading manifest file '../build/robot_utils/robot_utils.egg-info/SOURCES.txt'
writing manifest file '../build/robot_utils/robot_utils.egg-info/SOURCES.txt'
running build
running build_py
creating /home/nikhil/robot/build/robot_utils/build
creating /home/nikhil/robot/build/robot_utils/build/lib
creating /home/nikhil/robot/build/robot_utils/build/lib/robot_utils
copying robot_utils/__init__.py -> /home/nikhil/robot/build/robot_utils/build/lib/robot_utils
copying robot_utils/send_position_command.py -> /home/nikhil/robot/build/robot_utils/build/lib/robot_utils
running install
running install_lib
creating /home/nikhil/robot/install/robot_utils/lib/python3.10/site-packages/robot_utils
copying /home/nikhil/robot/build/robot_utils/build/lib/robot_utils/__init__.py -> /home/nikhil/robot/install/robot_utils/lib/python3.10/site-packages/robot_utils
copying /home/nikhil/robot/build/robot_utils/build/lib/robot_utils/send_position_command.py -> /home/nikhil/robot/install/robot_utils/lib/python3.10/site-packages/robot_utils
byte-compiling /home/nikhil/robot/install/robot_utils/lib/python3.10/site-packages/robot_utils/__init__.py to __init__.cpython-310.pyc
byte-compiling /home/nikhil/robot/install/robot_utils/lib/python3.10/site-packages/robot_utils/send_position_command.py to send_position_command.cpython-310.pyc
running install_data
creating /home/nikhil/robot/install/robot_utils/share/ament_index
creating /home/nikhil/robot/install/robot_utils/share/ament_index/resource_index
creating /home/nikhil/robot/install/robot_utils/share/ament_index/resource_index/packages
copying resource/robot_utils -> /home/nikhil/robot/install/robot_utils/share/ament_index/resource_index/packages
copying package.xml -> /home/nikhil/robot/install/robot_utils/share/robot_utils
running install_egg_info
Copying ../build/robot_utils/robot_utils.egg-info to /home/nikhil/robot/install/robot_utils/lib/python3.10/site-packages/robot_utils-0.0.0-py3.10.egg-info
running install_scripts
Installing send_position_command script to /home/nikhil/robot/install/robot_utils/lib/robot_utils
writing list of installed files to '/home/nikhil/robot/build/robot_utils/install.log'
