[0.146s] Invoking command in '/home/nikhil/robot/build/robot_arm_controller': CMAKE_PREFIX_PATH=${CMAKE_PREFIX_PATH}:/home/nikhil/arm_ws/install/robot_arm_py_examples:/home/nikhil/arm_ws/install/arm_py:/home/nikhil/camera_ws/install/camera_1:/home/nikhil/copy/install/robot_arm_py_examples:/home/nikhil/copy/install/arm_py:/home/nikhil/ros2_ws/install/turtlesim_catch_them_all:/home/nikhil/ros2_ws/install/my_py_pkg:/home/nikhil/ros2_ws/install/camera_project:/home/nikhil/bumperbot_ws/install/bumperbot_py_examples:/opt/ros/humble /usr/bin/cmake /home/nikhil/robot/robot_arm_controller -DAMENT_CMAKE_SYMLINK_INSTALL=1 -DCMAKE_INSTALL_PREFIX=/home/nikhil/robot/install/robot_arm_controller
[0.238s] -- Found ament_cmake: 1.3.11 (/opt/ros/humble/share/ament_cmake/cmake)
[0.920s] -- Override CMake install command with custom implementation using symlinks instead of copying resources
[0.976s] -- Found ament_lint_auto: 0.12.11 (/opt/ros/humble/share/ament_lint_auto/cmake)
[1.384s] -- Added test 'flake8' to check Python code syntax and style conventions
[1.385s] -- Added test 'lint_cmake' to check CMake code style
[1.387s] -- Added test 'pep257' to check Python code against some of the docstring style conventions in PEP 257
[1.396s] -- Added test 'xmllint' to check XML markup files
[1.404s] -- Configuring done
[1.436s] -- Generating done
[1.445s] -- Build files have been written to: /home/nikhil/robot/build/robot_arm_controller
[1.460s] Invoked command in '/home/nikhil/robot/build/robot_arm_controller' returned '0': CMAKE_PREFIX_PATH=${CMAKE_PREFIX_PATH}:/home/nikhil/arm_ws/install/robot_arm_py_examples:/home/nikhil/arm_ws/install/arm_py:/home/nikhil/camera_ws/install/camera_1:/home/nikhil/copy/install/robot_arm_py_examples:/home/nikhil/copy/install/arm_py:/home/nikhil/ros2_ws/install/turtlesim_catch_them_all:/home/nikhil/ros2_ws/install/my_py_pkg:/home/nikhil/ros2_ws/install/camera_project:/home/nikhil/bumperbot_ws/install/bumperbot_py_examples:/opt/ros/humble /usr/bin/cmake /home/nikhil/robot/robot_arm_controller -DAMENT_CMAKE_SYMLINK_INSTALL=1 -DCMAKE_INSTALL_PREFIX=/home/nikhil/robot/install/robot_arm_controller
[1.467s] Invoking command in '/home/nikhil/robot/build/robot_arm_controller': CMAKE_PREFIX_PATH=${CMAKE_PREFIX_PATH}:/home/nikhil/arm_ws/install/robot_arm_py_examples:/home/nikhil/arm_ws/install/arm_py:/home/nikhil/camera_ws/install/camera_1:/home/nikhil/copy/install/robot_arm_py_examples:/home/nikhil/copy/install/arm_py:/home/nikhil/ros2_ws/install/turtlesim_catch_them_all:/home/nikhil/ros2_ws/install/my_py_pkg:/home/nikhil/ros2_ws/install/camera_project:/home/nikhil/bumperbot_ws/install/bumperbot_py_examples:/opt/ros/humble /usr/bin/cmake --build /home/nikhil/robot/build/robot_arm_controller -- -j2 -l2
[1.846s] Invoked command in '/home/nikhil/robot/build/robot_arm_controller' returned '0': CMAKE_PREFIX_PATH=${CMAKE_PREFIX_PATH}:/home/nikhil/arm_ws/install/robot_arm_py_examples:/home/nikhil/arm_ws/install/arm_py:/home/nikhil/camera_ws/install/camera_1:/home/nikhil/copy/install/robot_arm_py_examples:/home/nikhil/copy/install/arm_py:/home/nikhil/ros2_ws/install/turtlesim_catch_them_all:/home/nikhil/ros2_ws/install/my_py_pkg:/home/nikhil/ros2_ws/install/camera_project:/home/nikhil/bumperbot_ws/install/bumperbot_py_examples:/opt/ros/humble /usr/bin/cmake --build /home/nikhil/robot/build/robot_arm_controller -- -j2 -l2
[1.855s] Invoking command in '/home/nikhil/robot/build/robot_arm_controller': CMAKE_PREFIX_PATH=${CMAKE_PREFIX_PATH}:/home/nikhil/arm_ws/install/robot_arm_py_examples:/home/nikhil/arm_ws/install/arm_py:/home/nikhil/camera_ws/install/camera_1:/home/nikhil/copy/install/robot_arm_py_examples:/home/nikhil/copy/install/arm_py:/home/nikhil/ros2_ws/install/turtlesim_catch_them_all:/home/nikhil/ros2_ws/install/my_py_pkg:/home/nikhil/ros2_ws/install/camera_project:/home/nikhil/bumperbot_ws/install/bumperbot_py_examples:/opt/ros/humble /usr/bin/cmake --install /home/nikhil/robot/build/robot_arm_controller
[1.926s] -- Install configuration: ""
[1.926s] -- Execute custom install script
[1.926s] -- Up-to-date symlink: /home/nikhil/robot/install/robot_arm_controller/share/robot_arm_controller/config/robot_arm_controllers.yaml
[1.926s] -- Up-to-date symlink: /home/nikhil/robot/install/robot_arm_controller/share/robot_arm_controller/launch/controller.launch.py
[1.926s] -- Up-to-date symlink: /home/nikhil/robot/install/robot_arm_controller/share/ament_index/resource_index/package_run_dependencies/robot_arm_controller
[1.931s] -- Up-to-date symlink: /home/nikhil/robot/install/robot_arm_controller/share/ament_index/resource_index/parent_prefix_path/robot_arm_controller
[1.934s] -- Up-to-date symlink: /home/nikhil/robot/install/robot_arm_controller/share/robot_arm_controller/environment/ament_prefix_path.sh
[1.934s] -- Up-to-date symlink: /home/nikhil/robot/install/robot_arm_controller/share/robot_arm_controller/environment/ament_prefix_path.dsv
[1.934s] -- Up-to-date symlink: /home/nikhil/robot/install/robot_arm_controller/share/robot_arm_controller/environment/path.sh
[1.938s] -- Up-to-date symlink: /home/nikhil/robot/install/robot_arm_controller/share/robot_arm_controller/environment/path.dsv
[1.938s] -- Up-to-date symlink: /home/nikhil/robot/install/robot_arm_controller/share/robot_arm_controller/local_setup.bash
[1.938s] -- Up-to-date symlink: /home/nikhil/robot/install/robot_arm_controller/share/robot_arm_controller/local_setup.sh
[1.938s] -- Up-to-date symlink: /home/nikhil/robot/install/robot_arm_controller/share/robot_arm_controller/local_setup.zsh
[1.939s] -- Up-to-date symlink: /home/nikhil/robot/install/robot_arm_controller/share/robot_arm_controller/local_setup.dsv
[1.939s] -- Symlinking: /home/nikhil/robot/install/robot_arm_controller/share/robot_arm_controller/package.dsv
[2.014s] -- Up-to-date symlink: /home/nikhil/robot/install/robot_arm_controller/share/ament_index/resource_index/packages/robot_arm_controller
[2.014s] -- Up-to-date symlink: /home/nikhil/robot/install/robot_arm_controller/share/robot_arm_controller/cmake/robot_arm_controllerConfig.cmake
[2.016s] -- Up-to-date symlink: /home/nikhil/robot/install/robot_arm_controller/share/robot_arm_controller/cmake/robot_arm_controllerConfig-version.cmake
[2.017s] -- Up-to-date symlink: /home/nikhil/robot/install/robot_arm_controller/share/robot_arm_controller/package.xml
[2.032s] Invoked command in '/home/nikhil/robot/build/robot_arm_controller' returned '0': CMAKE_PREFIX_PATH=${CMAKE_PREFIX_PATH}:/home/nikhil/arm_ws/install/robot_arm_py_examples:/home/nikhil/arm_ws/install/arm_py:/home/nikhil/camera_ws/install/camera_1:/home/nikhil/copy/install/robot_arm_py_examples:/home/nikhil/copy/install/arm_py:/home/nikhil/ros2_ws/install/turtlesim_catch_them_all:/home/nikhil/ros2_ws/install/my_py_pkg:/home/nikhil/ros2_ws/install/camera_project:/home/nikhil/bumperbot_ws/install/bumperbot_py_examples:/opt/ros/humble /usr/bin/cmake --install /home/nikhil/robot/build/robot_arm_controller
