[1.259s] Invoking command in '/home/nikhil/camera_ws/src/camera_1': PYTHONPATH=/home/nikhil/camera_ws/build/camera_1/prefix_override:/usr/lib/python3/dist-packages/colcon_core/task/python/colcon_distutils_commands:/home/nikhil/camera_ws/install/camera_1/lib/python3.10/site-packages:${PYTHONPATH} /usr/bin/python3 -W ignore:setup.py install is deprecated -W ignore:easy_install command is deprecated setup.py egg_info --egg-base ../../build/camera_1 build --build-base /home/nikhil/camera_ws/build/camera_1/build install --record /home/nikhil/camera_ws/build/camera_1/install.log --single-version-externally-managed install_data
[1.638s] running egg_info
[1.639s] creating ../../build/camera_1/camera_1.egg-info
[1.640s] writing ../../build/camera_1/camera_1.egg-info/PKG-INFO
[1.641s] writing dependency_links to ../../build/camera_1/camera_1.egg-info/dependency_links.txt
[1.641s] writing entry points to ../../build/camera_1/camera_1.egg-info/entry_points.txt
[1.641s] writing requirements to ../../build/camera_1/camera_1.egg-info/requires.txt
[1.641s] writing top-level names to ../../build/camera_1/camera_1.egg-info/top_level.txt
[1.642s] writing manifest file '../../build/camera_1/camera_1.egg-info/SOURCES.txt'
[1.646s] reading manifest file '../../build/camera_1/camera_1.egg-info/SOURCES.txt'
[1.648s] writing manifest file '../../build/camera_1/camera_1.egg-info/SOURCES.txt'
[1.649s] running build
[1.649s] running build_py
[1.649s] creating /home/nikhil/camera_ws/build/camera_1/build
[1.649s] creating /home/nikhil/camera_ws/build/camera_1/build/lib
[1.649s] creating /home/nikhil/camera_ws/build/camera_1/build/lib/camera_1
[1.650s] copying camera_1/first_camera.py -> /home/nikhil/camera_ws/build/camera_1/build/lib/camera_1
[1.650s] copying camera_1/__init__.py -> /home/nikhil/camera_ws/build/camera_1/build/lib/camera_1
[1.650s] running install
[1.651s] running install_lib
[1.652s] creating /home/nikhil/camera_ws/install/camera_1/lib/python3.10/site-packages/camera_1
[1.653s] copying /home/nikhil/camera_ws/build/camera_1/build/lib/camera_1/first_camera.py -> /home/nikhil/camera_ws/install/camera_1/lib/python3.10/site-packages/camera_1
[1.653s] copying /home/nikhil/camera_ws/build/camera_1/build/lib/camera_1/__init__.py -> /home/nikhil/camera_ws/install/camera_1/lib/python3.10/site-packages/camera_1
[1.654s] byte-compiling /home/nikhil/camera_ws/install/camera_1/lib/python3.10/site-packages/camera_1/first_camera.py to first_camera.cpython-310.pyc
[1.655s] byte-compiling /home/nikhil/camera_ws/install/camera_1/lib/python3.10/site-packages/camera_1/__init__.py to __init__.cpython-310.pyc
[1.655s] running install_data
[1.656s] creating /home/nikhil/camera_ws/install/camera_1/share/ament_index
[1.656s] creating /home/nikhil/camera_ws/install/camera_1/share/ament_index/resource_index
[1.656s] creating /home/nikhil/camera_ws/install/camera_1/share/ament_index/resource_index/packages
[1.656s] copying resource/camera_1 -> /home/nikhil/camera_ws/install/camera_1/share/ament_index/resource_index/packages
[1.656s] copying package.xml -> /home/nikhil/camera_ws/install/camera_1/share/camera_1
[1.658s] running install_egg_info
[1.660s] Copying ../../build/camera_1/camera_1.egg-info to /home/nikhil/camera_ws/install/camera_1/lib/python3.10/site-packages/camera_1-0.0.0-py3.10.egg-info
[1.662s] running install_scripts
[1.691s] Installing camera_1 script to /home/nikhil/camera_ws/install/camera_1/lib/camera_1
[1.691s] writing list of installed files to '/home/nikhil/camera_ws/build/camera_1/install.log'
[1.726s] Invoked command in '/home/nikhil/camera_ws/src/camera_1' returned '0': PYTHONPATH=/home/nikhil/camera_ws/build/camera_1/prefix_override:/usr/lib/python3/dist-packages/colcon_core/task/python/colcon_distutils_commands:/home/nikhil/camera_ws/install/camera_1/lib/python3.10/site-packages:${PYTHONPATH} /usr/bin/python3 -W ignore:setup.py install is deprecated -W ignore:easy_install command is deprecated setup.py egg_info --egg-base ../../build/camera_1 build --build-base /home/nikhil/camera_ws/build/camera_1/build install --record /home/nikhil/camera_ws/build/camera_1/install.log --single-version-externally-managed install_data
