-- The C compiler identification is GNU 11.4.0
-- The CXX compiler identification is GNU 11.4.0
-- Detecting C compiler ABI info
-- Detecting C compiler ABI info - done
-- Check for working C compiler: /usr/bin/cc - skipped
-- Detecting C compile features
-- Detecting C compile features - done
-- Detecting CXX compiler ABI info
-- Detecting CXX compiler ABI info - done
-- Check for working CXX compiler: /usr/bin/c++ - skipped
-- Detecting CXX compile features
-- Detecting CXX compile features - done
-- Found ament_cmake: 1.3.11 (/opt/ros/humble/share/ament_cmake/cmake)
-- Found Python3: /usr/bin/python3 (found version "3.10.12") found components: Interpreter 
-- Override CMake install command with custom implementation using symlinks instead of copying resources
-- Found ament_lint_auto: 0.12.11 (/opt/ros/humble/share/ament_lint_auto/cmake)
-- Added test 'flake8' to check Python code syntax and style conventions
-- Added test 'lint_cmake' to check CMake code style
-- Added test 'pep257' to check Python code against some of the docstring style conventions in PEP 257
-- Added test 'xmllint' to check XML markup files
-- Configuring done
-- Generating done
-- Build files have been written to: /home/nikhil/robot/build/robot_arm_controller
-- Install configuration: ""
-- Execute custom install script
-- Symlinking: /home/nikhil/robot/install/robot_arm_controller/share/robot_arm_controller/config/robot_arm_controllers.yaml
-- Symlinking: /home/nikhil/robot/install/robot_arm_controller/share/robot_arm_controller/launch/controller.launch.py
-- Symlinking: /home/nikhil/robot/install/robot_arm_controller/share/ament_index/resource_index/package_run_dependencies/robot_arm_controller
-- Symlinking: /home/nikhil/robot/install/robot_arm_controller/share/ament_index/resource_index/parent_prefix_path/robot_arm_controller
-- Symlinking: /home/nikhil/robot/install/robot_arm_controller/share/robot_arm_controller/environment/ament_prefix_path.sh
-- Symlinking: /home/nikhil/robot/install/robot_arm_controller/share/robot_arm_controller/environment/ament_prefix_path.dsv
-- Symlinking: /home/nikhil/robot/install/robot_arm_controller/share/robot_arm_controller/environment/path.sh
-- Symlinking: /home/nikhil/robot/install/robot_arm_controller/share/robot_arm_controller/environment/path.dsv
-- Symlinking: /home/nikhil/robot/install/robot_arm_controller/share/robot_arm_controller/local_setup.bash
-- Symlinking: /home/nikhil/robot/install/robot_arm_controller/share/robot_arm_controller/local_setup.sh
-- Symlinking: /home/nikhil/robot/install/robot_arm_controller/share/robot_arm_controller/local_setup.zsh
-- Symlinking: /home/nikhil/robot/install/robot_arm_controller/share/robot_arm_controller/local_setup.dsv
-- Symlinking: /home/nikhil/robot/install/robot_arm_controller/share/robot_arm_controller/package.dsv
-- Symlinking: /home/nikhil/robot/install/robot_arm_controller/share/ament_index/resource_index/packages/robot_arm_controller
-- Symlinking: /home/nikhil/robot/install/robot_arm_controller/share/robot_arm_controller/cmake/robot_arm_controllerConfig.cmake
-- Symlinking: /home/nikhil/robot/install/robot_arm_controller/share/robot_arm_controller/cmake/robot_arm_controllerConfig-version.cmake
-- Symlinking: /home/nikhil/robot/install/robot_arm_controller/share/robot_arm_controller/package.xml
