[0.022s] Invoking command in '/home/nikhil/robot/build/robot_arm_controller': CMAKE_PREFIX_PATH=${CMAKE_PREFIX_PATH}:/home/nikhil/arm_ws/install/robot_arm_py_examples:/home/nikhil/arm_ws/install/arm_py:/home/nikhil/camera_ws/install/camera_1:/home/nikhil/copy/install/robot_arm_py_examples:/home/nikhil/copy/install/arm_py:/home/nikhil/ros2_ws/install/turtlesim_catch_them_all:/home/nikhil/ros2_ws/install/my_py_pkg:/home/nikhil/ros2_ws/install/camera_project:/home/nikhil/bumperbot_ws/install/bumperbot_py_examples:/opt/ros/humble /usr/bin/cmake /home/nikhil/robot/robot_arm_controller -DAMENT_CMAKE_SYMLINK_INSTALL=1 -DCMAKE_INSTALL_PREFIX=/home/nikhil/robot/install/robot_arm_controller
[0.120s] -- The C compiler identification is GNU 11.4.0
[0.222s] -- The CXX compiler identification is GNU 11.4.0
[0.231s] -- Detecting C compiler ABI info
[0.324s] -- Detecting C compiler ABI info - done
[0.330s] -- Check for working C compiler: /usr/bin/cc - skipped
[0.330s] -- Detecting C compile features
[0.331s] -- Detecting C compile features - done
[0.335s] -- Detecting CXX compiler ABI info
[0.471s] -- Detecting CXX compiler ABI info - done
[0.483s] -- Check for working CXX compiler: /usr/bin/c++ - skipped
[0.484s] -- Detecting CXX compile features
[0.485s] -- Detecting CXX compile features - done
[0.500s] -- Found ament_cmake: 1.3.11 (/opt/ros/humble/share/ament_cmake/cmake)
[0.999s] -- Found Python3: /usr/bin/python3 (found version "3.10.12") found components: Interpreter 
[1.368s] -- Override CMake install command with custom implementation using symlinks instead of copying resources
[1.717s] -- Found ament_lint_auto: 0.12.11 (/opt/ros/humble/share/ament_lint_auto/cmake)
[2.032s] -- Added test 'flake8' to check Python code syntax and style conventions
[2.037s] -- Added test 'lint_cmake' to check CMake code style
[2.037s] -- Added test 'pep257' to check Python code against some of the docstring style conventions in PEP 257
[2.037s] -- Added test 'xmllint' to check XML markup files
[2.039s] -- Configuring done
[2.041s] -- Generating done
[2.044s] -- Build files have been written to: /home/nikhil/robot/build/robot_arm_controller
[2.054s] Invoked command in '/home/nikhil/robot/build/robot_arm_controller' returned '0': CMAKE_PREFIX_PATH=${CMAKE_PREFIX_PATH}:/home/nikhil/arm_ws/install/robot_arm_py_examples:/home/nikhil/arm_ws/install/arm_py:/home/nikhil/camera_ws/install/camera_1:/home/nikhil/copy/install/robot_arm_py_examples:/home/nikhil/copy/install/arm_py:/home/nikhil/ros2_ws/install/turtlesim_catch_them_all:/home/nikhil/ros2_ws/install/my_py_pkg:/home/nikhil/ros2_ws/install/camera_project:/home/nikhil/bumperbot_ws/install/bumperbot_py_examples:/opt/ros/humble /usr/bin/cmake /home/nikhil/robot/robot_arm_controller -DAMENT_CMAKE_SYMLINK_INSTALL=1 -DCMAKE_INSTALL_PREFIX=/home/nikhil/robot/install/robot_arm_controller
[2.055s] Invoking command in '/home/nikhil/robot/build/robot_arm_controller': CMAKE_PREFIX_PATH=${CMAKE_PREFIX_PATH}:/home/nikhil/arm_ws/install/robot_arm_py_examples:/home/nikhil/arm_ws/install/arm_py:/home/nikhil/camera_ws/install/camera_1:/home/nikhil/copy/install/robot_arm_py_examples:/home/nikhil/copy/install/arm_py:/home/nikhil/ros2_ws/install/turtlesim_catch_them_all:/home/nikhil/ros2_ws/install/my_py_pkg:/home/nikhil/ros2_ws/install/camera_project:/home/nikhil/bumperbot_ws/install/bumperbot_py_examples:/opt/ros/humble /usr/bin/cmake --build /home/nikhil/robot/build/robot_arm_controller -- -j2 -l2
[2.128s] Invoked command in '/home/nikhil/robot/build/robot_arm_controller' returned '0': CMAKE_PREFIX_PATH=${CMAKE_PREFIX_PATH}:/home/nikhil/arm_ws/install/robot_arm_py_examples:/home/nikhil/arm_ws/install/arm_py:/home/nikhil/camera_ws/install/camera_1:/home/nikhil/copy/install/robot_arm_py_examples:/home/nikhil/copy/install/arm_py:/home/nikhil/ros2_ws/install/turtlesim_catch_them_all:/home/nikhil/ros2_ws/install/my_py_pkg:/home/nikhil/ros2_ws/install/camera_project:/home/nikhil/bumperbot_ws/install/bumperbot_py_examples:/opt/ros/humble /usr/bin/cmake --build /home/nikhil/robot/build/robot_arm_controller -- -j2 -l2
[2.128s] Invoking command in '/home/nikhil/robot/build/robot_arm_controller': CMAKE_PREFIX_PATH=${CMAKE_PREFIX_PATH}:/home/nikhil/arm_ws/install/robot_arm_py_examples:/home/nikhil/arm_ws/install/arm_py:/home/nikhil/camera_ws/install/camera_1:/home/nikhil/copy/install/robot_arm_py_examples:/home/nikhil/copy/install/arm_py:/home/nikhil/ros2_ws/install/turtlesim_catch_them_all:/home/nikhil/ros2_ws/install/my_py_pkg:/home/nikhil/ros2_ws/install/camera_project:/home/nikhil/bumperbot_ws/install/bumperbot_py_examples:/opt/ros/humble /usr/bin/cmake --install /home/nikhil/robot/build/robot_arm_controller
[2.136s] -- Install configuration: ""
[2.136s] -- Execute custom install script
[2.138s] -- Symlinking: /home/nikhil/robot/install/robot_arm_controller/share/robot_arm_controller/config/robot_arm_controllers.yaml
[2.150s] -- Symlinking: /home/nikhil/robot/install/robot_arm_controller/share/robot_arm_controller/launch/controller.launch.py
[2.163s] -- Symlinking: /home/nikhil/robot/install/robot_arm_controller/share/ament_index/resource_index/package_run_dependencies/robot_arm_controller
[2.192s] -- Symlinking: /home/nikhil/robot/install/robot_arm_controller/share/ament_index/resource_index/parent_prefix_path/robot_arm_controller
[2.201s] -- Symlinking: /home/nikhil/robot/install/robot_arm_controller/share/robot_arm_controller/environment/ament_prefix_path.sh
[2.214s] -- Symlinking: /home/nikhil/robot/install/robot_arm_controller/share/robot_arm_controller/environment/ament_prefix_path.dsv
[2.229s] -- Symlinking: /home/nikhil/robot/install/robot_arm_controller/share/robot_arm_controller/environment/path.sh
[2.243s] -- Symlinking: /home/nikhil/robot/install/robot_arm_controller/share/robot_arm_controller/environment/path.dsv
[2.254s] -- Symlinking: /home/nikhil/robot/install/robot_arm_controller/share/robot_arm_controller/local_setup.bash
[2.267s] -- Symlinking: /home/nikhil/robot/install/robot_arm_controller/share/robot_arm_controller/local_setup.sh
[2.285s] -- Symlinking: /home/nikhil/robot/install/robot_arm_controller/share/robot_arm_controller/local_setup.zsh
[2.298s] -- Symlinking: /home/nikhil/robot/install/robot_arm_controller/share/robot_arm_controller/local_setup.dsv
[2.313s] -- Symlinking: /home/nikhil/robot/install/robot_arm_controller/share/robot_arm_controller/package.dsv
[2.329s] -- Symlinking: /home/nikhil/robot/install/robot_arm_controller/share/ament_index/resource_index/packages/robot_arm_controller
[2.344s] -- Symlinking: /home/nikhil/robot/install/robot_arm_controller/share/robot_arm_controller/cmake/robot_arm_controllerConfig.cmake
[2.359s] -- Symlinking: /home/nikhil/robot/install/robot_arm_controller/share/robot_arm_controller/cmake/robot_arm_controllerConfig-version.cmake
[2.375s] -- Symlinking: /home/nikhil/robot/install/robot_arm_controller/share/robot_arm_controller/package.xml
[2.389s] Invoked command in '/home/nikhil/robot/build/robot_arm_controller' returned '0': CMAKE_PREFIX_PATH=${CMAKE_PREFIX_PATH}:/home/nikhil/arm_ws/install/robot_arm_py_examples:/home/nikhil/arm_ws/install/arm_py:/home/nikhil/camera_ws/install/camera_1:/home/nikhil/copy/install/robot_arm_py_examples:/home/nikhil/copy/install/arm_py:/home/nikhil/ros2_ws/install/turtlesim_catch_them_all:/home/nikhil/ros2_ws/install/my_py_pkg:/home/nikhil/ros2_ws/install/camera_project:/home/nikhil/bumperbot_ws/install/bumperbot_py_examples:/opt/ros/humble /usr/bin/cmake --install /home/nikhil/robot/build/robot_arm_controller
