running egg_info
writing ../../build/camera_1/camera_1.egg-info/PKG-INFO
writing dependency_links to ../../build/camera_1/camera_1.egg-info/dependency_links.txt
writing entry points to ../../build/camera_1/camera_1.egg-info/entry_points.txt
writing requirements to ../../build/camera_1/camera_1.egg-info/requires.txt
writing top-level names to ../../build/camera_1/camera_1.egg-info/top_level.txt
reading manifest file '../../build/camera_1/camera_1.egg-info/SOURCES.txt'
writing manifest file '../../build/camera_1/camera_1.egg-info/SOURCES.txt'
running build
running build_py
running install
running install_lib
running install_data
running install_egg_info
removing '/home/nikhil/camera_ws/install/camera_1/lib/python3.10/site-packages/camera_1-0.0.0-py3.10.egg-info' (and everything under it)
Copying ../../build/camera_1/camera_1.egg-info to /home/nikhil/camera_ws/install/camera_1/lib/python3.10/site-packages/camera_1-0.0.0-py3.10.egg-info
running install_scripts
Installing camera_1 script to /home/nikhil/camera_ws/install/camera_1/lib/camera_1
Installing detect_aruco script to /home/nikhil/camera_ws/install/camera_1/lib/camera_1
Installing generate_aruco script to /home/nikhil/camera_ws/install/camera_1/lib/camera_1
Installing map_objects script to /home/nikhil/camera_ws/install/camera_1/lib/camera_1
writing list of installed files to '/home/nikhil/camera_ws/build/camera_1/install.log'
