[0.576s] Invoking command in '/home/nikhil/camera_ws/src/camera_1': PYTHONPATH=/home/nikhil/camera_ws/build/camera_1/prefix_override:/usr/lib/python3/dist-packages/colcon_core/task/python/colcon_distutils_commands:/home/nikhil/camera_ws/install/camera_1/lib/python3.10/site-packages:${PYTHONPATH} /usr/bin/python3 -W ignore:setup.py install is deprecated -W ignore:easy_install command is deprecated setup.py egg_info --egg-base ../../build/camera_1 build --build-base /home/nikhil/camera_ws/build/camera_1/build install --record /home/nikhil/camera_ws/build/camera_1/install.log --single-version-externally-managed install_data
[0.788s] running egg_info
[0.788s] writing ../../build/camera_1/camera_1.egg-info/PKG-INFO
[0.791s] writing dependency_links to ../../build/camera_1/camera_1.egg-info/dependency_links.txt
[0.791s] writing entry points to ../../build/camera_1/camera_1.egg-info/entry_points.txt
[0.791s] writing requirements to ../../build/camera_1/camera_1.egg-info/requires.txt
[0.791s] writing top-level names to ../../build/camera_1/camera_1.egg-info/top_level.txt
[0.791s] reading manifest file '../../build/camera_1/camera_1.egg-info/SOURCES.txt'
[0.792s] writing manifest file '../../build/camera_1/camera_1.egg-info/SOURCES.txt'
[0.792s] running build
[0.792s] running build_py
[0.792s] running install
[0.793s] running install_lib
[0.794s] running install_data
[0.794s] running install_egg_info
[0.797s] removing '/home/nikhil/camera_ws/install/camera_1/lib/python3.10/site-packages/camera_1-0.0.0-py3.10.egg-info' (and everything under it)
[0.797s] Copying ../../build/camera_1/camera_1.egg-info to /home/nikhil/camera_ws/install/camera_1/lib/python3.10/site-packages/camera_1-0.0.0-py3.10.egg-info
[0.798s] running install_scripts
[0.816s] Installing camera_1 script to /home/nikhil/camera_ws/install/camera_1/lib/camera_1
[0.816s] Installing detect_aruco script to /home/nikhil/camera_ws/install/camera_1/lib/camera_1
[0.817s] Installing generate_aruco script to /home/nikhil/camera_ws/install/camera_1/lib/camera_1
[0.817s] Installing map_objects script to /home/nikhil/camera_ws/install/camera_1/lib/camera_1
[0.817s] writing list of installed files to '/home/nikhil/camera_ws/build/camera_1/install.log'
[0.842s] Invoked command in '/home/nikhil/camera_ws/src/camera_1' returned '0': PYTHONPATH=/home/nikhil/camera_ws/build/camera_1/prefix_override:/usr/lib/python3/dist-packages/colcon_core/task/python/colcon_distutils_commands:/home/nikhil/camera_ws/install/camera_1/lib/python3.10/site-packages:${PYTHONPATH} /usr/bin/python3 -W ignore:setup.py install is deprecated -W ignore:easy_install command is deprecated setup.py egg_info --egg-base ../../build/camera_1 build --build-base /home/nikhil/camera_ws/build/camera_1/build install --record /home/nikhil/camera_ws/build/camera_1/install.log --single-version-externally-managed install_data
