[0.722s] Invoking command in '/home/nikhil/camera_ws/build/camera_1': PYTHONPATH=/home/nikhil/camera_ws/build/camera_1/prefix_override:/usr/lib/python3/dist-packages/colcon_core/task/python/colcon_distutils_commands:/home/nikhil/camera_ws/install/camera_1/lib/python3.10/site-packages:${PYTHONPATH} /usr/bin/python3 -W ignore:setup.py install is deprecated -W ignore:easy_install command is deprecated setup.py develop --editable --build-directory /home/nikhil/camera_ws/build/camera_1/build --no-deps symlink_data --force
[0.972s] running develop
[1.128s] running egg_info
[1.129s] writing camera_1.egg-info/PKG-INFO
[1.129s] writing dependency_links to camera_1.egg-info/dependency_links.txt
[1.129s] writing entry points to camera_1.egg-info/entry_points.txt
[1.130s] writing requirements to camera_1.egg-info/requires.txt
[1.130s] writing top-level names to camera_1.egg-info/top_level.txt
[1.130s] reading manifest file 'camera_1.egg-info/SOURCES.txt'
[1.131s] writing manifest file 'camera_1.egg-info/SOURCES.txt'
[1.148s] running build_ext
[1.148s] Creating /home/nikhil/camera_ws/install/camera_1/lib/python3.10/site-packages/camera-1.egg-link (link to .)
[1.148s] Installing camera_1 script to /home/nikhil/camera_ws/install/camera_1/lib/camera_1
[1.148s] Installing check_1 script to /home/nikhil/camera_ws/install/camera_1/lib/camera_1
[1.148s] Installing check_2 script to /home/nikhil/camera_ws/install/camera_1/lib/camera_1
[1.148s] Installing check_3 script to /home/nikhil/camera_ws/install/camera_1/lib/camera_1
[1.148s] Installing check_4 script to /home/nikhil/camera_ws/install/camera_1/lib/camera_1
[1.148s] Installing detect_aruco script to /home/nikhil/camera_ws/install/camera_1/lib/camera_1
[1.148s] Installing generate_aruco script to /home/nikhil/camera_ws/install/camera_1/lib/camera_1
[1.148s] Installing map_objects script to /home/nikhil/camera_ws/install/camera_1/lib/camera_1
[1.148s] 
[1.148s] Installed /home/nikhil/camera_ws/build/camera_1
[1.148s] running symlink_data
[1.148s] symbolically linking /home/nikhil/camera_ws/build/camera_1/resource/camera_1 -> /home/nikhil/camera_ws/install/camera_1/share/ament_index/resource_index/packages
[1.148s] symbolically linking /home/nikhil/camera_ws/build/camera_1/package.xml -> /home/nikhil/camera_ws/install/camera_1/share/camera_1
[1.148s] symbolically linking /home/nikhil/camera_ws/build/camera_1/resource/squares_config.json -> /home/nikhil/camera_ws/install/camera_1/share/camera_1/resource
[1.162s] Invoked command in '/home/nikhil/camera_ws/build/camera_1' returned '0': PYTHONPATH=/home/nikhil/camera_ws/build/camera_1/prefix_override:/usr/lib/python3/dist-packages/colcon_core/task/python/colcon_distutils_commands:/home/nikhil/camera_ws/install/camera_1/lib/python3.10/site-packages:${PYTHONPATH} /usr/bin/python3 -W ignore:setup.py install is deprecated -W ignore:easy_install command is deprecated setup.py develop --editable --build-directory /home/nikhil/camera_ws/build/camera_1/build --no-deps symlink_data --force
