[0.020s] Invoking command in '/home/nikhil/robot/build/moveit3': CMAKE_PREFIX_PATH=/home/nikhil/robot/install/robot_arm_description:/home/nikhil/robot/install/moveit_scripts:/home/nikhil/robot/install/moveit3:/home/nikhil/robot/install/robot_arm_controller:/home/nikhil/robot/install/hello_moveit:/home/nikhil/arm_ws/install/robot_arm_utils:/home/nikhil/arm_ws/install/robot_arm_msgs:/home/nikhil/arm_ws/install/robot_arm_moveit:/home/nikhil/arm_ws/install/moveit3:/home/nikhil/arm_ws/install/robot_arm_description:/home/nikhil/arm_ws/install/robot_arm_controller:/home/nikhil/arm_ws/install/hello_moveit:/home/nikhil/copy/install/robot_arm_utils:/home/nikhil/copy/install/robot_arm_remote:/home/nikhil/copy/install/robot_arm_cpp_examples:/home/nikhil/copy/install/robot_arm_msgs:/home/nikhil/copy/install/robot_arm_moveit:/home/nikhil/copy/install/moveit3:/home/nikhil/copy/install/robot_arm_description:/home/nikhil/copy/install/robot_arm_controller:/home/nikhil/copy/install/hello_moveit:/home/nikhil/ros2_ws/install/my_robot_bringup:/home/nikhil/ros2_ws/install/my_robot_interfaces:/home/nikhil/ros2_ws/install/my_robot_bringup1:/home/nikhil/ros2_ws/install/my_robot_description:/home/nikhil/bumperbot_ws/install/bumperbot_cpp_examples:/home/nikhil/bumperbot_ws/install/bumperbot_msgs:/home/nikhil/bumperbot_ws/install/bumperbot_localization:/home/nikhil/bumperbot_ws/install/bumperbot_firmware:/home/nikhil/bumperbot_ws/install/bumperbot_description:/home/nikhil/bumperbot_ws/install/bumperbot_controller:/home/nikhil/bumperbot_ws/install/bumperbot_bringup:/home/nikhil/arm_ws/install/robot_arm_py_examples:/home/nikhil/arm_ws/install/arm_py:/home/nikhil/camera_ws/install/camera_1:/home/nikhil/copy/install/robot_arm_py_examples:/home/nikhil/copy/install/arm_py:/home/nikhil/ros2_ws/install/turtlesim_catch_them_all:/home/nikhil/ros2_ws/install/my_py_pkg:/home/nikhil/ros2_ws/install/camera_project:/home/nikhil/bumperbot_ws/install/bumperbot_py_examples:/opt/ros/humble /usr/bin/cmake /home/nikhil/robot/moveit3 -DAMENT_CMAKE_SYMLINK_INSTALL=1 -DCMAKE_INSTALL_PREFIX=/home/nikhil/robot/install/moveit3
[0.120s] -- The C compiler identification is GNU 11.4.0
[0.191s] -- The CXX compiler identification is GNU 11.4.0
[0.201s] -- Detecting C compiler ABI info
[0.305s] -- Detecting C compiler ABI info - done
[0.312s] -- Check for working C compiler: /usr/bin/cc - skipped
[0.312s] -- Detecting C compile features
[0.312s] -- Detecting C compile features - done
[0.321s] -- Detecting CXX compiler ABI info
[0.430s] -- Detecting CXX compiler ABI info - done
[0.438s] -- Check for working CXX compiler: /usr/bin/c++ - skipped
[0.438s] -- Detecting CXX compile features
[0.438s] -- Detecting CXX compile features - done
[0.447s] -- Found ament_cmake: 1.3.11 (/opt/ros/humble/share/ament_cmake/cmake)
[0.888s] -- Found Python3: /usr/bin/python3 (found version "3.10.12") found components: Interpreter 
[0.996s] -- Override CMake install command with custom implementation using symlinks instead of copying resources
[1.269s] -- Configuring done
[1.270s] -- Generating done
[1.270s] -- Build files have been written to: /home/nikhil/robot/build/moveit3
[1.278s] Invoked command in '/home/nikhil/robot/build/moveit3' returned '0': CMAKE_PREFIX_PATH=/home/nikhil/robot/install/robot_arm_description:/home/nikhil/robot/install/moveit_scripts:/home/nikhil/robot/install/moveit3:/home/nikhil/robot/install/robot_arm_controller:/home/nikhil/robot/install/hello_moveit:/home/nikhil/arm_ws/install/robot_arm_utils:/home/nikhil/arm_ws/install/robot_arm_msgs:/home/nikhil/arm_ws/install/robot_arm_moveit:/home/nikhil/arm_ws/install/moveit3:/home/nikhil/arm_ws/install/robot_arm_description:/home/nikhil/arm_ws/install/robot_arm_controller:/home/nikhil/arm_ws/install/hello_moveit:/home/nikhil/copy/install/robot_arm_utils:/home/nikhil/copy/install/robot_arm_remote:/home/nikhil/copy/install/robot_arm_cpp_examples:/home/nikhil/copy/install/robot_arm_msgs:/home/nikhil/copy/install/robot_arm_moveit:/home/nikhil/copy/install/moveit3:/home/nikhil/copy/install/robot_arm_description:/home/nikhil/copy/install/robot_arm_controller:/home/nikhil/copy/install/hello_moveit:/home/nikhil/ros2_ws/install/my_robot_bringup:/home/nikhil/ros2_ws/install/my_robot_interfaces:/home/nikhil/ros2_ws/install/my_robot_bringup1:/home/nikhil/ros2_ws/install/my_robot_description:/home/nikhil/bumperbot_ws/install/bumperbot_cpp_examples:/home/nikhil/bumperbot_ws/install/bumperbot_msgs:/home/nikhil/bumperbot_ws/install/bumperbot_localization:/home/nikhil/bumperbot_ws/install/bumperbot_firmware:/home/nikhil/bumperbot_ws/install/bumperbot_description:/home/nikhil/bumperbot_ws/install/bumperbot_controller:/home/nikhil/bumperbot_ws/install/bumperbot_bringup:/home/nikhil/arm_ws/install/robot_arm_py_examples:/home/nikhil/arm_ws/install/arm_py:/home/nikhil/camera_ws/install/camera_1:/home/nikhil/copy/install/robot_arm_py_examples:/home/nikhil/copy/install/arm_py:/home/nikhil/ros2_ws/install/turtlesim_catch_them_all:/home/nikhil/ros2_ws/install/my_py_pkg:/home/nikhil/ros2_ws/install/camera_project:/home/nikhil/bumperbot_ws/install/bumperbot_py_examples:/opt/ros/humble /usr/bin/cmake /home/nikhil/robot/moveit3 -DAMENT_CMAKE_SYMLINK_INSTALL=1 -DCMAKE_INSTALL_PREFIX=/home/nikhil/robot/install/moveit3
[1.287s] Invoking command in '/home/nikhil/robot/build/moveit3': CMAKE_PREFIX_PATH=/home/nikhil/robot/install/robot_arm_description:/home/nikhil/robot/install/moveit_scripts:/home/nikhil/robot/install/moveit3:/home/nikhil/robot/install/robot_arm_controller:/home/nikhil/robot/install/hello_moveit:/home/nikhil/arm_ws/install/robot_arm_utils:/home/nikhil/arm_ws/install/robot_arm_msgs:/home/nikhil/arm_ws/install/robot_arm_moveit:/home/nikhil/arm_ws/install/moveit3:/home/nikhil/arm_ws/install/robot_arm_description:/home/nikhil/arm_ws/install/robot_arm_controller:/home/nikhil/arm_ws/install/hello_moveit:/home/nikhil/copy/install/robot_arm_utils:/home/nikhil/copy/install/robot_arm_remote:/home/nikhil/copy/install/robot_arm_cpp_examples:/home/nikhil/copy/install/robot_arm_msgs:/home/nikhil/copy/install/robot_arm_moveit:/home/nikhil/copy/install/moveit3:/home/nikhil/copy/install/robot_arm_description:/home/nikhil/copy/install/robot_arm_controller:/home/nikhil/copy/install/hello_moveit:/home/nikhil/ros2_ws/install/my_robot_bringup:/home/nikhil/ros2_ws/install/my_robot_interfaces:/home/nikhil/ros2_ws/install/my_robot_bringup1:/home/nikhil/ros2_ws/install/my_robot_description:/home/nikhil/bumperbot_ws/install/bumperbot_cpp_examples:/home/nikhil/bumperbot_ws/install/bumperbot_msgs:/home/nikhil/bumperbot_ws/install/bumperbot_localization:/home/nikhil/bumperbot_ws/install/bumperbot_firmware:/home/nikhil/bumperbot_ws/install/bumperbot_description:/home/nikhil/bumperbot_ws/install/bumperbot_controller:/home/nikhil/bumperbot_ws/install/bumperbot_bringup:/home/nikhil/arm_ws/install/robot_arm_py_examples:/home/nikhil/arm_ws/install/arm_py:/home/nikhil/camera_ws/install/camera_1:/home/nikhil/copy/install/robot_arm_py_examples:/home/nikhil/copy/install/arm_py:/home/nikhil/ros2_ws/install/turtlesim_catch_them_all:/home/nikhil/ros2_ws/install/my_py_pkg:/home/nikhil/ros2_ws/install/camera_project:/home/nikhil/bumperbot_ws/install/bumperbot_py_examples:/opt/ros/humble /usr/bin/cmake --build /home/nikhil/robot/build/moveit3 -- -j2 -l2
[1.350s] Invoked command in '/home/nikhil/robot/build/moveit3' returned '0': CMAKE_PREFIX_PATH=/home/nikhil/robot/install/robot_arm_description:/home/nikhil/robot/install/moveit_scripts:/home/nikhil/robot/install/moveit3:/home/nikhil/robot/install/robot_arm_controller:/home/nikhil/robot/install/hello_moveit:/home/nikhil/arm_ws/install/robot_arm_utils:/home/nikhil/arm_ws/install/robot_arm_msgs:/home/nikhil/arm_ws/install/robot_arm_moveit:/home/nikhil/arm_ws/install/moveit3:/home/nikhil/arm_ws/install/robot_arm_description:/home/nikhil/arm_ws/install/robot_arm_controller:/home/nikhil/arm_ws/install/hello_moveit:/home/nikhil/copy/install/robot_arm_utils:/home/nikhil/copy/install/robot_arm_remote:/home/nikhil/copy/install/robot_arm_cpp_examples:/home/nikhil/copy/install/robot_arm_msgs:/home/nikhil/copy/install/robot_arm_moveit:/home/nikhil/copy/install/moveit3:/home/nikhil/copy/install/robot_arm_description:/home/nikhil/copy/install/robot_arm_controller:/home/nikhil/copy/install/hello_moveit:/home/nikhil/ros2_ws/install/my_robot_bringup:/home/nikhil/ros2_ws/install/my_robot_interfaces:/home/nikhil/ros2_ws/install/my_robot_bringup1:/home/nikhil/ros2_ws/install/my_robot_description:/home/nikhil/bumperbot_ws/install/bumperbot_cpp_examples:/home/nikhil/bumperbot_ws/install/bumperbot_msgs:/home/nikhil/bumperbot_ws/install/bumperbot_localization:/home/nikhil/bumperbot_ws/install/bumperbot_firmware:/home/nikhil/bumperbot_ws/install/bumperbot_description:/home/nikhil/bumperbot_ws/install/bumperbot_controller:/home/nikhil/bumperbot_ws/install/bumperbot_bringup:/home/nikhil/arm_ws/install/robot_arm_py_examples:/home/nikhil/arm_ws/install/arm_py:/home/nikhil/camera_ws/install/camera_1:/home/nikhil/copy/install/robot_arm_py_examples:/home/nikhil/copy/install/arm_py:/home/nikhil/ros2_ws/install/turtlesim_catch_them_all:/home/nikhil/ros2_ws/install/my_py_pkg:/home/nikhil/ros2_ws/install/camera_project:/home/nikhil/bumperbot_ws/install/bumperbot_py_examples:/opt/ros/humble /usr/bin/cmake --build /home/nikhil/robot/build/moveit3 -- -j2 -l2
[1.353s] Invoking command in '/home/nikhil/robot/build/moveit3': CMAKE_PREFIX_PATH=/home/nikhil/robot/install/robot_arm_description:/home/nikhil/robot/install/moveit_scripts:/home/nikhil/robot/install/moveit3:/home/nikhil/robot/install/robot_arm_controller:/home/nikhil/robot/install/hello_moveit:/home/nikhil/arm_ws/install/robot_arm_utils:/home/nikhil/arm_ws/install/robot_arm_msgs:/home/nikhil/arm_ws/install/robot_arm_moveit:/home/nikhil/arm_ws/install/moveit3:/home/nikhil/arm_ws/install/robot_arm_description:/home/nikhil/arm_ws/install/robot_arm_controller:/home/nikhil/arm_ws/install/hello_moveit:/home/nikhil/copy/install/robot_arm_utils:/home/nikhil/copy/install/robot_arm_remote:/home/nikhil/copy/install/robot_arm_cpp_examples:/home/nikhil/copy/install/robot_arm_msgs:/home/nikhil/copy/install/robot_arm_moveit:/home/nikhil/copy/install/moveit3:/home/nikhil/copy/install/robot_arm_description:/home/nikhil/copy/install/robot_arm_controller:/home/nikhil/copy/install/hello_moveit:/home/nikhil/ros2_ws/install/my_robot_bringup:/home/nikhil/ros2_ws/install/my_robot_interfaces:/home/nikhil/ros2_ws/install/my_robot_bringup1:/home/nikhil/ros2_ws/install/my_robot_description:/home/nikhil/bumperbot_ws/install/bumperbot_cpp_examples:/home/nikhil/bumperbot_ws/install/bumperbot_msgs:/home/nikhil/bumperbot_ws/install/bumperbot_localization:/home/nikhil/bumperbot_ws/install/bumperbot_firmware:/home/nikhil/bumperbot_ws/install/bumperbot_description:/home/nikhil/bumperbot_ws/install/bumperbot_controller:/home/nikhil/bumperbot_ws/install/bumperbot_bringup:/home/nikhil/arm_ws/install/robot_arm_py_examples:/home/nikhil/arm_ws/install/arm_py:/home/nikhil/camera_ws/install/camera_1:/home/nikhil/copy/install/robot_arm_py_examples:/home/nikhil/copy/install/arm_py:/home/nikhil/ros2_ws/install/turtlesim_catch_them_all:/home/nikhil/ros2_ws/install/my_py_pkg:/home/nikhil/ros2_ws/install/camera_project:/home/nikhil/bumperbot_ws/install/bumperbot_py_examples:/opt/ros/humble /usr/bin/cmake --install /home/nikhil/robot/build/moveit3
[1.367s] -- Install configuration: ""
[1.370s] -- Execute custom install script
[1.370s] -- Symlinking: /home/nikhil/robot/install/moveit3/share/ament_index/resource_index/package_run_dependencies/moveit3
[1.384s] -- Symlinking: /home/nikhil/robot/install/moveit3/share/ament_index/resource_index/parent_prefix_path/moveit3
[1.399s] -- Symlinking: /home/nikhil/robot/install/moveit3/share/moveit3/environment/ament_prefix_path.sh
[1.419s] -- Symlinking: /home/nikhil/robot/install/moveit3/share/moveit3/environment/ament_prefix_path.dsv
[1.439s] -- Symlinking: /home/nikhil/robot/install/moveit3/share/moveit3/environment/path.sh
[1.456s] -- Symlinking: /home/nikhil/robot/install/moveit3/share/moveit3/environment/path.dsv
[1.469s] -- Symlinking: /home/nikhil/robot/install/moveit3/share/moveit3/local_setup.bash
[1.487s] -- Symlinking: /home/nikhil/robot/install/moveit3/share/moveit3/local_setup.sh
[1.502s] -- Symlinking: /home/nikhil/robot/install/moveit3/share/moveit3/local_setup.zsh
[1.518s] -- Symlinking: /home/nikhil/robot/install/moveit3/share/moveit3/local_setup.dsv
[1.536s] -- Symlinking: /home/nikhil/robot/install/moveit3/share/moveit3/package.dsv
[1.547s] -- Symlinking: /home/nikhil/robot/install/moveit3/share/ament_index/resource_index/packages/moveit3
[1.562s] -- Symlinking: /home/nikhil/robot/install/moveit3/share/moveit3/cmake/moveit3Config.cmake
[1.579s] -- Symlinking: /home/nikhil/robot/install/moveit3/share/moveit3/cmake/moveit3Config-version.cmake
[1.594s] -- Symlinking: /home/nikhil/robot/install/moveit3/share/moveit3/package.xml
[1.606s] -- Symlinking: /home/nikhil/robot/install/moveit3/share/moveit3/launch/demo.launch.py
[1.635s] -- Symlinking: /home/nikhil/robot/install/moveit3/share/moveit3/launch/move_group.launch.py
[1.658s] -- Symlinking: /home/nikhil/robot/install/moveit3/share/moveit3/launch/moveit_rviz.launch.py
[1.681s] -- Symlinking: /home/nikhil/robot/install/moveit3/share/moveit3/launch/rsp.launch.py
[1.695s] -- Symlinking: /home/nikhil/robot/install/moveit3/share/moveit3/launch/setup_assistant.launch.py
[1.711s] -- Symlinking: /home/nikhil/robot/install/moveit3/share/moveit3/launch/spawn_controllers.launch.py
[1.730s] -- Symlinking: /home/nikhil/robot/install/moveit3/share/moveit3/launch/static_virtual_joint_tfs.launch.py
[1.748s] -- Symlinking: /home/nikhil/robot/install/moveit3/share/moveit3/launch/warehouse_db.launch.py
[1.764s] -- Symlinking: /home/nikhil/robot/install/moveit3/share/moveit3/config/initial_positions.yaml
[1.775s] -- Symlinking: /home/nikhil/robot/install/moveit3/share/moveit3/config/joint_limits.yaml
[1.795s] -- Symlinking: /home/nikhil/robot/install/moveit3/share/moveit3/config/kinematics.yaml
[1.824s] -- Symlinking: /home/nikhil/robot/install/moveit3/share/moveit3/config/moveit.rviz
[1.853s] -- Symlinking: /home/nikhil/robot/install/moveit3/share/moveit3/config/moveit_controllers.yaml
[1.871s] -- Symlinking: /home/nikhil/robot/install/moveit3/share/moveit3/config/pilz_cartesian_limits.yaml
[1.889s] -- Symlinking: /home/nikhil/robot/install/moveit3/share/moveit3/config/robot_arm_description.ros2_control.xacro
[1.903s] -- Symlinking: /home/nikhil/robot/install/moveit3/share/moveit3/config/robot_arm_description.srdf
[1.917s] -- Symlinking: /home/nikhil/robot/install/moveit3/share/moveit3/config/robot_arm_description.urdf.xacro
[1.934s] -- Symlinking: /home/nikhil/robot/install/moveit3/share/moveit3/config/ros2_controllers.yaml
[1.966s] -- Symlinking: /home/nikhil/robot/install/moveit3/share/moveit3/.setup_assistant
[1.984s] Invoked command in '/home/nikhil/robot/build/moveit3' returned '0': CMAKE_PREFIX_PATH=/home/nikhil/robot/install/robot_arm_description:/home/nikhil/robot/install/moveit_scripts:/home/nikhil/robot/install/moveit3:/home/nikhil/robot/install/robot_arm_controller:/home/nikhil/robot/install/hello_moveit:/home/nikhil/arm_ws/install/robot_arm_utils:/home/nikhil/arm_ws/install/robot_arm_msgs:/home/nikhil/arm_ws/install/robot_arm_moveit:/home/nikhil/arm_ws/install/moveit3:/home/nikhil/arm_ws/install/robot_arm_description:/home/nikhil/arm_ws/install/robot_arm_controller:/home/nikhil/arm_ws/install/hello_moveit:/home/nikhil/copy/install/robot_arm_utils:/home/nikhil/copy/install/robot_arm_remote:/home/nikhil/copy/install/robot_arm_cpp_examples:/home/nikhil/copy/install/robot_arm_msgs:/home/nikhil/copy/install/robot_arm_moveit:/home/nikhil/copy/install/moveit3:/home/nikhil/copy/install/robot_arm_description:/home/nikhil/copy/install/robot_arm_controller:/home/nikhil/copy/install/hello_moveit:/home/nikhil/ros2_ws/install/my_robot_bringup:/home/nikhil/ros2_ws/install/my_robot_interfaces:/home/nikhil/ros2_ws/install/my_robot_bringup1:/home/nikhil/ros2_ws/install/my_robot_description:/home/nikhil/bumperbot_ws/install/bumperbot_cpp_examples:/home/nikhil/bumperbot_ws/install/bumperbot_msgs:/home/nikhil/bumperbot_ws/install/bumperbot_localization:/home/nikhil/bumperbot_ws/install/bumperbot_firmware:/home/nikhil/bumperbot_ws/install/bumperbot_description:/home/nikhil/bumperbot_ws/install/bumperbot_controller:/home/nikhil/bumperbot_ws/install/bumperbot_bringup:/home/nikhil/arm_ws/install/robot_arm_py_examples:/home/nikhil/arm_ws/install/arm_py:/home/nikhil/camera_ws/install/camera_1:/home/nikhil/copy/install/robot_arm_py_examples:/home/nikhil/copy/install/arm_py:/home/nikhil/ros2_ws/install/turtlesim_catch_them_all:/home/nikhil/ros2_ws/install/my_py_pkg:/home/nikhil/ros2_ws/install/camera_project:/home/nikhil/bumperbot_ws/install/bumperbot_py_examples:/opt/ros/humble /usr/bin/cmake --install /home/nikhil/robot/build/moveit3
