[0.095s] DEBUG:colcon:Command line arguments: ['/usr/bin/colcon', 'build', '--symlink-install']
[0.095s] DEBUG:colcon:Parsed command line arguments: Namespace(log_base=None, log_level=None, verb_name='build', build_base='build', install_base='install', merge_install=False, symlink_install=True, test_result_base=None, continue_on_error=False, executor='parallel', parallel_workers=6, event_handlers=None, ignore_user_meta=False, metas=['./colcon.meta'], base_paths=['.'], packages_ignore=None, packages_ignore_regex=None, paths=None, packages_up_to=None, packages_up_to_regex=None, packages_above=None, packages_above_and_dependencies=None, packages_above_depth=None, packages_select_by_dep=None, packages_skip_by_dep=None, packages_skip_up_to=None, packages_select_build_failed=False, packages_skip_build_finished=False, packages_select_test_failures=False, packages_skip_test_passed=False, packages_select=None, packages_skip=None, packages_select_regex=None, packages_skip_regex=None, packages_start=None, packages_end=None, allow_overriding=[], cmake_args=None, cmake_target=None, cmake_target_skip_unavailable=False, cmake_clean_cache=False, cmake_clean_first=False, cmake_force_configure=False, ament_cmake_args=None, catkin_cmake_args=None, catkin_skip_building_tests=False, mixin_files=None, mixin=None, verb_parser=<colcon_mixin.mixin.mixin_argument.MixinArgumentDecorator object at 0x773db9c60d60>, verb_extension=<colcon_core.verb.build.BuildVerb object at 0x773db9c60790>, main=<bound method BuildVerb.main of <colcon_core.verb.build.BuildVerb object at 0x773db9c60790>>, mixin_verb=('build',))
[0.306s] Level 1:colcon.colcon_core.package_discovery:discover_packages(colcon_meta) check parameters
[0.306s] Level 1:colcon.colcon_core.package_discovery:discover_packages(recursive) check parameters
[0.306s] Level 1:colcon.colcon_core.package_discovery:discover_packages(ignore) check parameters
[0.306s] Level 1:colcon.colcon_core.package_discovery:discover_packages(path) check parameters
[0.306s] Level 1:colcon.colcon_core.package_discovery:discover_packages(colcon_meta) discover
[0.306s] Level 1:colcon.colcon_core.package_discovery:discover_packages(recursive) discover
[0.307s] INFO:colcon.colcon_core.package_discovery:Crawling recursively for packages in '/home/nikhil/camera_ws'
[0.307s] Level 1:colcon.colcon_core.package_identification:_identify(.) by extensions ['ignore', 'ignore_ament_install']
[0.307s] Level 1:colcon.colcon_core.package_identification:_identify(.) by extension 'ignore'
[0.307s] Level 1:colcon.colcon_core.package_identification:_identify(.) by extension 'ignore_ament_install'
[0.307s] Level 1:colcon.colcon_core.package_identification:_identify(.) by extensions ['colcon_pkg']
[0.307s] Level 1:colcon.colcon_core.package_identification:_identify(.) by extension 'colcon_pkg'
[0.307s] Level 1:colcon.colcon_core.package_identification:_identify(.) by extensions ['colcon_meta']
[0.307s] Level 1:colcon.colcon_core.package_identification:_identify(.) by extension 'colcon_meta'
[0.307s] Level 1:colcon.colcon_core.package_identification:_identify(.) by extensions ['ros']
[0.307s] Level 1:colcon.colcon_core.package_identification:_identify(.) by extension 'ros'
[0.314s] Level 1:colcon.colcon_core.package_identification:_identify(.) by extensions ['cmake', 'python']
[0.314s] Level 1:colcon.colcon_core.package_identification:_identify(.) by extension 'cmake'
[0.314s] Level 1:colcon.colcon_core.package_identification:_identify(.) by extension 'python'
[0.314s] Level 1:colcon.colcon_core.package_identification:_identify(.) by extensions ['python_setup_py']
[0.315s] Level 1:colcon.colcon_core.package_identification:_identify(.) by extension 'python_setup_py'
[0.315s] Level 1:colcon.colcon_core.package_identification:_identify(build) by extensions ['ignore', 'ignore_ament_install']
[0.315s] Level 1:colcon.colcon_core.package_identification:_identify(build) by extension 'ignore'
[0.315s] Level 1:colcon.colcon_core.package_identification:_identify(build) ignored
[0.315s] Level 1:colcon.colcon_core.package_identification:_identify(calib_images) by extensions ['ignore', 'ignore_ament_install']
[0.315s] Level 1:colcon.colcon_core.package_identification:_identify(calib_images) by extension 'ignore'
[0.315s] Level 1:colcon.colcon_core.package_identification:_identify(calib_images) by extension 'ignore_ament_install'
[0.315s] Level 1:colcon.colcon_core.package_identification:_identify(calib_images) by extensions ['colcon_pkg']
[0.315s] Level 1:colcon.colcon_core.package_identification:_identify(calib_images) by extension 'colcon_pkg'
[0.315s] Level 1:colcon.colcon_core.package_identification:_identify(calib_images) by extensions ['colcon_meta']
[0.315s] Level 1:colcon.colcon_core.package_identification:_identify(calib_images) by extension 'colcon_meta'
[0.315s] Level 1:colcon.colcon_core.package_identification:_identify(calib_images) by extensions ['ros']
[0.315s] Level 1:colcon.colcon_core.package_identification:_identify(calib_images) by extension 'ros'
[0.315s] Level 1:colcon.colcon_core.package_identification:_identify(calib_images) by extensions ['cmake', 'python']
[0.315s] Level 1:colcon.colcon_core.package_identification:_identify(calib_images) by extension 'cmake'
[0.315s] Level 1:colcon.colcon_core.package_identification:_identify(calib_images) by extension 'python'
[0.315s] Level 1:colcon.colcon_core.package_identification:_identify(calib_images) by extensions ['python_setup_py']
[0.315s] Level 1:colcon.colcon_core.package_identification:_identify(calib_images) by extension 'python_setup_py'
[0.315s] Level 1:colcon.colcon_core.package_identification:_identify(install) by extensions ['ignore', 'ignore_ament_install']
[0.316s] Level 1:colcon.colcon_core.package_identification:_identify(install) by extension 'ignore'
[0.316s] Level 1:colcon.colcon_core.package_identification:_identify(install) ignored
[0.316s] Level 1:colcon.colcon_core.package_identification:_identify(log) by extensions ['ignore', 'ignore_ament_install']
[0.316s] Level 1:colcon.colcon_core.package_identification:_identify(log) by extension 'ignore'
[0.316s] Level 1:colcon.colcon_core.package_identification:_identify(log) ignored
[0.316s] Level 1:colcon.colcon_core.package_identification:_identify(src) by extensions ['ignore', 'ignore_ament_install']
[0.316s] Level 1:colcon.colcon_core.package_identification:_identify(src) by extension 'ignore'
[0.316s] Level 1:colcon.colcon_core.package_identification:_identify(src) by extension 'ignore_ament_install'
[0.316s] Level 1:colcon.colcon_core.package_identification:_identify(src) by extensions ['colcon_pkg']
[0.316s] Level 1:colcon.colcon_core.package_identification:_identify(src) by extension 'colcon_pkg'
[0.316s] Level 1:colcon.colcon_core.package_identification:_identify(src) by extensions ['colcon_meta']
[0.316s] Level 1:colcon.colcon_core.package_identification:_identify(src) by extension 'colcon_meta'
[0.316s] Level 1:colcon.colcon_core.package_identification:_identify(src) by extensions ['ros']
[0.316s] Level 1:colcon.colcon_core.package_identification:_identify(src) by extension 'ros'
[0.316s] Level 1:colcon.colcon_core.package_identification:_identify(src) by extensions ['cmake', 'python']
[0.316s] Level 1:colcon.colcon_core.package_identification:_identify(src) by extension 'cmake'
[0.316s] Level 1:colcon.colcon_core.package_identification:_identify(src) by extension 'python'
[0.316s] Level 1:colcon.colcon_core.package_identification:_identify(src) by extensions ['python_setup_py']
[0.316s] Level 1:colcon.colcon_core.package_identification:_identify(src) by extension 'python_setup_py'
[0.316s] Level 1:colcon.colcon_core.package_identification:_identify(src/camera_1) by extensions ['ignore', 'ignore_ament_install']
[0.317s] Level 1:colcon.colcon_core.package_identification:_identify(src/camera_1) by extension 'ignore'
[0.317s] Level 1:colcon.colcon_core.package_identification:_identify(src/camera_1) by extension 'ignore_ament_install'
[0.317s] Level 1:colcon.colcon_core.package_identification:_identify(src/camera_1) by extensions ['colcon_pkg']
[0.317s] Level 1:colcon.colcon_core.package_identification:_identify(src/camera_1) by extension 'colcon_pkg'
[0.317s] Level 1:colcon.colcon_core.package_identification:_identify(src/camera_1) by extensions ['colcon_meta']
[0.317s] Level 1:colcon.colcon_core.package_identification:_identify(src/camera_1) by extension 'colcon_meta'
[0.317s] Level 1:colcon.colcon_core.package_identification:_identify(src/camera_1) by extensions ['ros']
[0.317s] Level 1:colcon.colcon_core.package_identification:_identify(src/camera_1) by extension 'ros'
[0.319s] DEBUG:colcon.colcon_core.package_identification:Package 'src/camera_1' with type 'ros.ament_python' and name 'camera_1'
[0.319s] Level 1:colcon.colcon_core.package_discovery:discover_packages(recursive) using defaults
[0.319s] Level 1:colcon.colcon_core.package_discovery:discover_packages(ignore) discover
[0.319s] Level 1:colcon.colcon_core.package_discovery:discover_packages(ignore) using defaults
[0.319s] Level 1:colcon.colcon_core.package_discovery:discover_packages(path) discover
[0.319s] Level 1:colcon.colcon_core.package_discovery:discover_packages(path) using defaults
[0.342s] Level 1:colcon.colcon_core.package_discovery:discover_packages(prefix_path) check parameters
[0.343s] Level 1:colcon.colcon_core.package_discovery:discover_packages(prefix_path) discover
[0.352s] DEBUG:colcon.colcon_installed_package_information.package_discovery:Found 1 installed packages in /home/nikhil/camera_ws/install
[0.353s] DEBUG:colcon.colcon_installed_package_information.package_discovery:Found 11 installed packages in /home/nikhil/copy/install
[0.354s] DEBUG:colcon.colcon_installed_package_information.package_discovery:Found 7 installed packages in /home/nikhil/ros2_ws/install
[0.354s] DEBUG:colcon.colcon_installed_package_information.package_discovery:Found 8 installed packages in /home/nikhil/bumperbot_ws/install
[0.355s] DEBUG:colcon.colcon_installed_package_information.package_discovery:Found 9 installed packages in /home/nikhil/arm_ws/install
[0.357s] DEBUG:colcon.colcon_installed_package_information.package_discovery:Found 353 installed packages in /opt/ros/humble
[0.358s] Level 1:colcon.colcon_core.package_discovery:discover_packages(prefix_path) using defaults
[0.403s] Level 5:colcon.colcon_core.verb:set package 'camera_1' build argument 'cmake_args' from command line to 'None'
[0.404s] Level 5:colcon.colcon_core.verb:set package 'camera_1' build argument 'cmake_target' from command line to 'None'
[0.404s] Level 5:colcon.colcon_core.verb:set package 'camera_1' build argument 'cmake_target_skip_unavailable' from command line to 'False'
[0.404s] Level 5:colcon.colcon_core.verb:set package 'camera_1' build argument 'cmake_clean_cache' from command line to 'False'
[0.404s] Level 5:colcon.colcon_core.verb:set package 'camera_1' build argument 'cmake_clean_first' from command line to 'False'
[0.404s] Level 5:colcon.colcon_core.verb:set package 'camera_1' build argument 'cmake_force_configure' from command line to 'False'
[0.404s] Level 5:colcon.colcon_core.verb:set package 'camera_1' build argument 'ament_cmake_args' from command line to 'None'
[0.404s] Level 5:colcon.colcon_core.verb:set package 'camera_1' build argument 'catkin_cmake_args' from command line to 'None'
[0.404s] Level 5:colcon.colcon_core.verb:set package 'camera_1' build argument 'catkin_skip_building_tests' from command line to 'False'
[0.404s] DEBUG:colcon.colcon_core.verb:Building package 'camera_1' with the following arguments: {'ament_cmake_args': None, 'build_base': '/home/nikhil/camera_ws/build/camera_1', 'catkin_cmake_args': None, 'catkin_skip_building_tests': False, 'cmake_args': None, 'cmake_clean_cache': False, 'cmake_clean_first': False, 'cmake_force_configure': False, 'cmake_target': None, 'cmake_target_skip_unavailable': False, 'install_base': '/home/nikhil/camera_ws/install/camera_1', 'merge_install': False, 'path': '/home/nikhil/camera_ws/src/camera_1', 'symlink_install': True, 'test_result_base': None}
[0.404s] INFO:colcon.colcon_core.executor:Executing jobs using 'parallel' executor
[0.405s] DEBUG:colcon.colcon_parallel_executor.executor.parallel:run_until_complete
[0.407s] INFO:colcon.colcon_ros.task.ament_python.build:Building ROS package in '/home/nikhil/camera_ws/src/camera_1' with build type 'ament_python'
[0.407s] Level 1:colcon.colcon_core.shell:create_environment_hook('camera_1', 'ament_prefix_path')
[0.412s] INFO:colcon.colcon_core.plugin_system:Skipping extension 'colcon_core.shell.bat': Not used on non-Windows systems
[0.412s] INFO:colcon.colcon_core.shell:Creating environment hook '/home/nikhil/camera_ws/install/camera_1/share/camera_1/hook/ament_prefix_path.ps1'
[0.414s] INFO:colcon.colcon_core.shell:Creating environment descriptor '/home/nikhil/camera_ws/install/camera_1/share/camera_1/hook/ament_prefix_path.dsv'
[0.415s] INFO:colcon.colcon_core.shell:Creating environment hook '/home/nikhil/camera_ws/install/camera_1/share/camera_1/hook/ament_prefix_path.sh'
[0.416s] INFO:colcon.colcon_core.shell:Skip shell extension 'powershell' for command environment: Not usable outside of PowerShell
[0.416s] DEBUG:colcon.colcon_core.shell:Skip shell extension 'dsv' for command environment
[0.690s] INFO:colcon.colcon_core.task.python.build:Building Python package in '/home/nikhil/camera_ws/src/camera_1'
[0.691s] INFO:colcon.colcon_core.shell:Skip shell extension 'powershell' for command environment: Not usable outside of PowerShell
[0.691s] DEBUG:colcon.colcon_core.shell:Skip shell extension 'dsv' for command environment
[1.127s] DEBUG:colcon.colcon_core.task.python.build:While undoing a previous installation files outside the Python library path are being ignored: /home/nikhil/camera_ws/install/camera_1/share/ament_index/resource_index/packages/camera_1
[1.127s] DEBUG:colcon.colcon_core.task.python.build:While undoing a previous installation files outside the Python library path are being ignored: /home/nikhil/camera_ws/install/camera_1/share/camera_1/package.xml
[1.127s] DEBUG:colcon.colcon_core.task.python.build:While undoing a previous installation files outside the Python library path are being ignored: /home/nikhil/camera_ws/install/camera_1/share/camera_1/resource/squares_config.json
[1.127s] DEBUG:colcon.colcon_core.task.python.build:While undoing a previous installation files outside the Python library path are being ignored: /home/nikhil/camera_ws/install/camera_1/lib/camera_1/camera_1
[1.127s] DEBUG:colcon.colcon_core.task.python.build:While undoing a previous installation files outside the Python library path are being ignored: /home/nikhil/camera_ws/install/camera_1/lib/camera_1/check_1
[1.127s] DEBUG:colcon.colcon_core.task.python.build:While undoing a previous installation files outside the Python library path are being ignored: /home/nikhil/camera_ws/install/camera_1/lib/camera_1/check_2
[1.127s] DEBUG:colcon.colcon_core.task.python.build:While undoing a previous installation files outside the Python library path are being ignored: /home/nikhil/camera_ws/install/camera_1/lib/camera_1/check_3
[1.127s] DEBUG:colcon.colcon_core.task.python.build:While undoing a previous installation files outside the Python library path are being ignored: /home/nikhil/camera_ws/install/camera_1/lib/camera_1/detect_aruco
[1.127s] DEBUG:colcon.colcon_core.task.python.build:While undoing a previous installation files outside the Python library path are being ignored: /home/nikhil/camera_ws/install/camera_1/lib/camera_1/generate_aruco
[1.127s] DEBUG:colcon.colcon_core.task.python.build:While undoing a previous installation files outside the Python library path are being ignored: /home/nikhil/camera_ws/install/camera_1/lib/camera_1/map_objects
[1.130s] DEBUG:colcon.colcon_core.event_handler.log_command:Invoking command in '/home/nikhil/camera_ws/build/camera_1': PYTHONPATH=/home/nikhil/camera_ws/build/camera_1/prefix_override:/usr/lib/python3/dist-packages/colcon_core/task/python/colcon_distutils_commands:/home/nikhil/camera_ws/install/camera_1/lib/python3.10/site-packages:${PYTHONPATH} /usr/bin/python3 -W ignore:setup.py install is deprecated -W ignore:easy_install command is deprecated setup.py develop --editable --build-directory /home/nikhil/camera_ws/build/camera_1/build --no-deps symlink_data --force
[1.568s] Level 1:colcon.colcon_core.shell:create_environment_hook('camera_1', 'pythonpath_develop')
[1.569s] INFO:colcon.colcon_core.shell:Creating environment hook '/home/nikhil/camera_ws/build/camera_1/share/camera_1/hook/pythonpath_develop.ps1'
[1.569s] DEBUG:colcon.colcon_core.event_handler.log_command:Invoked command in '/home/nikhil/camera_ws/build/camera_1' returned '0': PYTHONPATH=/home/nikhil/camera_ws/build/camera_1/prefix_override:/usr/lib/python3/dist-packages/colcon_core/task/python/colcon_distutils_commands:/home/nikhil/camera_ws/install/camera_1/lib/python3.10/site-packages:${PYTHONPATH} /usr/bin/python3 -W ignore:setup.py install is deprecated -W ignore:easy_install command is deprecated setup.py develop --editable --build-directory /home/nikhil/camera_ws/build/camera_1/build --no-deps symlink_data --force
[1.570s] INFO:colcon.colcon_core.shell:Creating environment descriptor '/home/nikhil/camera_ws/build/camera_1/share/camera_1/hook/pythonpath_develop.dsv'
[1.570s] INFO:colcon.colcon_core.shell:Creating environment hook '/home/nikhil/camera_ws/build/camera_1/share/camera_1/hook/pythonpath_develop.sh'
[1.577s] Level 1:colcon.colcon_core.environment:checking '/home/nikhil/camera_ws/install/camera_1' for CMake module files
[1.577s] Level 1:colcon.colcon_core.environment:checking '/home/nikhil/camera_ws/install/camera_1' for CMake config files
[1.578s] Level 1:colcon.colcon_core.environment:checking '/home/nikhil/camera_ws/install/camera_1/lib'
[1.578s] Level 1:colcon.colcon_core.environment:checking '/home/nikhil/camera_ws/install/camera_1/bin'
[1.578s] Level 1:colcon.colcon_core.environment:checking '/home/nikhil/camera_ws/install/camera_1/lib/pkgconfig/camera_1.pc'
[1.578s] Level 1:colcon.colcon_core.environment:checking '/home/nikhil/camera_ws/install/camera_1/lib/python3.10/site-packages'
[1.578s] Level 1:colcon.colcon_core.shell:create_environment_hook('camera_1', 'pythonpath')
[1.578s] INFO:colcon.colcon_core.shell:Creating environment hook '/home/nikhil/camera_ws/install/camera_1/share/camera_1/hook/pythonpath.ps1'
[1.579s] INFO:colcon.colcon_core.shell:Creating environment descriptor '/home/nikhil/camera_ws/install/camera_1/share/camera_1/hook/pythonpath.dsv'
[1.579s] INFO:colcon.colcon_core.shell:Creating environment hook '/home/nikhil/camera_ws/install/camera_1/share/camera_1/hook/pythonpath.sh'
[1.579s] Level 1:colcon.colcon_core.environment:checking '/home/nikhil/camera_ws/install/camera_1/bin'
[1.579s] Level 1:colcon.colcon_core.environment:create_environment_scripts_only(camera_1)
[1.580s] INFO:colcon.colcon_core.shell:Creating package script '/home/nikhil/camera_ws/install/camera_1/share/camera_1/package.ps1'
[1.581s] INFO:colcon.colcon_core.shell:Creating package descriptor '/home/nikhil/camera_ws/install/camera_1/share/camera_1/package.dsv'
[1.581s] INFO:colcon.colcon_core.shell:Creating package script '/home/nikhil/camera_ws/install/camera_1/share/camera_1/package.sh'
[1.582s] INFO:colcon.colcon_core.shell:Creating package script '/home/nikhil/camera_ws/install/camera_1/share/camera_1/package.bash'
[1.583s] INFO:colcon.colcon_core.shell:Creating package script '/home/nikhil/camera_ws/install/camera_1/share/camera_1/package.zsh'
[1.584s] Level 1:colcon.colcon_core.environment:create_file_with_runtime_dependencies(/home/nikhil/camera_ws/install/camera_1/share/colcon-core/packages/camera_1)
[1.585s] DEBUG:colcon.colcon_parallel_executor.executor.parallel:closing loop
[1.585s] DEBUG:colcon.colcon_parallel_executor.executor.parallel:loop closed
[1.585s] DEBUG:colcon.colcon_parallel_executor.executor.parallel:run_until_complete finished with '0'
[1.585s] DEBUG:colcon.colcon_core.event_reactor:joining thread
[1.595s] INFO:colcon.colcon_core.plugin_system:Skipping extension 'colcon_notification.desktop_notification.terminal_notifier': Not used on non-Darwin systems
[1.595s] INFO:colcon.colcon_core.plugin_system:Skipping extension 'colcon_notification.desktop_notification.win32': Not used on non-Windows systems
[1.595s] INFO:colcon.colcon_notification.desktop_notification:Sending desktop notification using 'notify2'
[1.650s] DEBUG:colcon.colcon_core.event_reactor:joined thread
[1.650s] INFO:colcon.colcon_core.shell:Creating prefix script '/home/nikhil/camera_ws/install/local_setup.ps1'
[1.652s] INFO:colcon.colcon_core.shell:Creating prefix util module '/home/nikhil/camera_ws/install/_local_setup_util_ps1.py'
[1.653s] INFO:colcon.colcon_core.shell:Creating prefix chain script '/home/nikhil/camera_ws/install/setup.ps1'
[1.656s] INFO:colcon.colcon_core.shell:Creating prefix script '/home/nikhil/camera_ws/install/local_setup.sh'
[1.657s] INFO:colcon.colcon_core.shell:Creating prefix util module '/home/nikhil/camera_ws/install/_local_setup_util_sh.py'
[1.657s] INFO:colcon.colcon_core.shell:Creating prefix chain script '/home/nikhil/camera_ws/install/setup.sh'
[1.660s] INFO:colcon.colcon_core.shell:Creating prefix script '/home/nikhil/camera_ws/install/local_setup.bash'
[1.661s] INFO:colcon.colcon_core.shell:Creating prefix chain script '/home/nikhil/camera_ws/install/setup.bash'
[1.664s] INFO:colcon.colcon_core.shell:Creating prefix script '/home/nikhil/camera_ws/install/local_setup.zsh'
[1.665s] INFO:colcon.colcon_core.shell:Creating prefix chain script '/home/nikhil/camera_ws/install/setup.zsh'
