[0.609s] Invoking command in '/home/nikhil/camera_ws/src/camera_1': PYTHONPATH=/home/nikhil/camera_ws/build/camera_1/prefix_override:/usr/lib/python3/dist-packages/colcon_core/task/python/colcon_distutils_commands:/home/nikhil/camera_ws/install/camera_1/lib/python3.10/site-packages:${PYTHONPATH} /usr/bin/python3 -W ignore:setup.py install is deprecated -W ignore:easy_install command is deprecated setup.py egg_info --egg-base ../../build/camera_1 build --build-base /home/nikhil/camera_ws/build/camera_1/build install --record /home/nikhil/camera_ws/build/camera_1/install.log --single-version-externally-managed install_data
[0.817s] running egg_info
[0.817s] writing ../../build/camera_1/camera_1.egg-info/PKG-INFO
[0.818s] writing dependency_links to ../../build/camera_1/camera_1.egg-info/dependency_links.txt
[0.818s] writing entry points to ../../build/camera_1/camera_1.egg-info/entry_points.txt
[0.818s] writing requirements to ../../build/camera_1/camera_1.egg-info/requires.txt
[0.819s] writing top-level names to ../../build/camera_1/camera_1.egg-info/top_level.txt
[0.821s] reading manifest file '../../build/camera_1/camera_1.egg-info/SOURCES.txt'
[0.822s] writing manifest file '../../build/camera_1/camera_1.egg-info/SOURCES.txt'
[0.823s] running build
[0.823s] running build_py
[0.823s] copying camera_1/check_1.py -> /home/nikhil/camera_ws/build/camera_1/build/lib/camera_1
[0.823s] copying camera_1/map_objects.py -> /home/nikhil/camera_ws/build/camera_1/build/lib/camera_1
[0.823s] running install
[0.823s] running install_lib
[0.825s] copying /home/nikhil/camera_ws/build/camera_1/build/lib/camera_1/check_1.py -> /home/nikhil/camera_ws/install/camera_1/lib/python3.10/site-packages/camera_1
[0.825s] copying /home/nikhil/camera_ws/build/camera_1/build/lib/camera_1/map_objects.py -> /home/nikhil/camera_ws/install/camera_1/lib/python3.10/site-packages/camera_1
[0.825s] byte-compiling /home/nikhil/camera_ws/install/camera_1/lib/python3.10/site-packages/camera_1/check_1.py to check_1.cpython-310.pyc
[0.825s] byte-compiling /home/nikhil/camera_ws/install/camera_1/lib/python3.10/site-packages/camera_1/map_objects.py to map_objects.cpython-310.pyc
[0.829s] running install_data
[0.829s] running install_egg_info
[0.830s] removing '/home/nikhil/camera_ws/install/camera_1/lib/python3.10/site-packages/camera_1-0.0.0-py3.10.egg-info' (and everything under it)
[0.832s] Copying ../../build/camera_1/camera_1.egg-info to /home/nikhil/camera_ws/install/camera_1/lib/python3.10/site-packages/camera_1-0.0.0-py3.10.egg-info
[0.832s] running install_scripts
[0.856s] Installing camera_1 script to /home/nikhil/camera_ws/install/camera_1/lib/camera_1
[0.856s] Installing check_1 script to /home/nikhil/camera_ws/install/camera_1/lib/camera_1
[0.856s] Installing detect_aruco script to /home/nikhil/camera_ws/install/camera_1/lib/camera_1
[0.857s] Installing generate_aruco script to /home/nikhil/camera_ws/install/camera_1/lib/camera_1
[0.857s] Installing map_objects script to /home/nikhil/camera_ws/install/camera_1/lib/camera_1
[0.857s] writing list of installed files to '/home/nikhil/camera_ws/build/camera_1/install.log'
[0.876s] Invoked command in '/home/nikhil/camera_ws/src/camera_1' returned '0': PYTHONPATH=/home/nikhil/camera_ws/build/camera_1/prefix_override:/usr/lib/python3/dist-packages/colcon_core/task/python/colcon_distutils_commands:/home/nikhil/camera_ws/install/camera_1/lib/python3.10/site-packages:${PYTHONPATH} /usr/bin/python3 -W ignore:setup.py install is deprecated -W ignore:easy_install command is deprecated setup.py egg_info --egg-base ../../build/camera_1 build --build-base /home/nikhil/camera_ws/build/camera_1/build install --record /home/nikhil/camera_ws/build/camera_1/install.log --single-version-externally-managed install_data
