[0.249s] DEBUG:colcon:Command line arguments: ['/usr/bin/colcon', 'build', '--symlink-install']
[0.249s] DEBUG:colcon:Parsed command line arguments: Namespace(log_base=None, log_level=None, verb_name='build', build_base='build', install_base='install', merge_install=False, symlink_install=True, test_result_base=None, continue_on_error=False, executor='parallel', parallel_workers=2, event_handlers=None, ignore_user_meta=False, metas=['./colcon.meta'], base_paths=['.'], packages_ignore=None, packages_ignore_regex=None, paths=None, packages_up_to=None, packages_up_to_regex=None, packages_above=None, packages_above_and_dependencies=None, packages_above_depth=None, packages_select_by_dep=None, packages_skip_by_dep=None, packages_skip_up_to=None, packages_select_build_failed=False, packages_skip_build_finished=False, packages_select_test_failures=False, packages_skip_test_passed=False, packages_select=None, packages_skip=None, packages_select_regex=None, packages_skip_regex=None, packages_start=None, packages_end=None, allow_overriding=[], cmake_args=None, cmake_target=None, cmake_target_skip_unavailable=False, cmake_clean_cache=False, cmake_clean_first=False, cmake_force_configure=False, ament_cmake_args=None, catkin_cmake_args=None, catkin_skip_building_tests=False, mixin_files=None, mixin=None, verb_parser=<colcon_mixin.mixin.mixin_argument.MixinArgumentDecorator object at 0x708172598f10>, verb_extension=<colcon_core.verb.build.BuildVerb object at 0x708172598940>, main=<bound method BuildVerb.main of <colcon_core.verb.build.BuildVerb object at 0x708172598940>>, mixin_verb=('build',))
[0.635s] Level 1:colcon.colcon_core.package_discovery:discover_packages(colcon_meta) check parameters
[0.635s] Level 1:colcon.colcon_core.package_discovery:discover_packages(recursive) check parameters
[0.636s] Level 1:colcon.colcon_core.package_discovery:discover_packages(ignore) check parameters
[0.636s] Level 1:colcon.colcon_core.package_discovery:discover_packages(path) check parameters
[0.636s] Level 1:colcon.colcon_core.package_discovery:discover_packages(colcon_meta) discover
[0.636s] Level 1:colcon.colcon_core.package_discovery:discover_packages(recursive) discover
[0.636s] INFO:colcon.colcon_core.package_discovery:Crawling recursively for packages in '/home/nikhil/camera_ws'
[0.637s] Level 1:colcon.colcon_core.package_identification:_identify(.) by extensions ['ignore', 'ignore_ament_install']
[0.637s] Level 1:colcon.colcon_core.package_identification:_identify(.) by extension 'ignore'
[0.637s] Level 1:colcon.colcon_core.package_identification:_identify(.) by extension 'ignore_ament_install'
[0.637s] Level 1:colcon.colcon_core.package_identification:_identify(.) by extensions ['colcon_pkg']
[0.637s] Level 1:colcon.colcon_core.package_identification:_identify(.) by extension 'colcon_pkg'
[0.637s] Level 1:colcon.colcon_core.package_identification:_identify(.) by extensions ['colcon_meta']
[0.637s] Level 1:colcon.colcon_core.package_identification:_identify(.) by extension 'colcon_meta'
[0.637s] Level 1:colcon.colcon_core.package_identification:_identify(.) by extensions ['ros']
[0.637s] Level 1:colcon.colcon_core.package_identification:_identify(.) by extension 'ros'
[0.656s] Level 1:colcon.colcon_core.package_identification:_identify(.) by extensions ['cmake', 'python']
[0.657s] Level 1:colcon.colcon_core.package_identification:_identify(.) by extension 'cmake'
[0.657s] Level 1:colcon.colcon_core.package_identification:_identify(.) by extension 'python'
[0.657s] Level 1:colcon.colcon_core.package_identification:_identify(.) by extensions ['python_setup_py']
[0.657s] Level 1:colcon.colcon_core.package_identification:_identify(.) by extension 'python_setup_py'
[0.657s] Level 1:colcon.colcon_core.package_identification:_identify(build) by extensions ['ignore', 'ignore_ament_install']
[0.657s] Level 1:colcon.colcon_core.package_identification:_identify(build) by extension 'ignore'
[0.657s] Level 1:colcon.colcon_core.package_identification:_identify(build) ignored
[0.658s] Level 1:colcon.colcon_core.package_identification:_identify(install) by extensions ['ignore', 'ignore_ament_install']
[0.658s] Level 1:colcon.colcon_core.package_identification:_identify(install) by extension 'ignore'
[0.658s] Level 1:colcon.colcon_core.package_identification:_identify(install) ignored
[0.658s] Level 1:colcon.colcon_core.package_identification:_identify(log) by extensions ['ignore', 'ignore_ament_install']
[0.658s] Level 1:colcon.colcon_core.package_identification:_identify(log) by extension 'ignore'
[0.658s] Level 1:colcon.colcon_core.package_identification:_identify(log) ignored
[0.659s] Level 1:colcon.colcon_core.package_identification:_identify(src) by extensions ['ignore', 'ignore_ament_install']
[0.659s] Level 1:colcon.colcon_core.package_identification:_identify(src) by extension 'ignore'
[0.659s] Level 1:colcon.colcon_core.package_identification:_identify(src) by extension 'ignore_ament_install'
[0.659s] Level 1:colcon.colcon_core.package_identification:_identify(src) by extensions ['colcon_pkg']
[0.659s] Level 1:colcon.colcon_core.package_identification:_identify(src) by extension 'colcon_pkg'
[0.659s] Level 1:colcon.colcon_core.package_identification:_identify(src) by extensions ['colcon_meta']
[0.659s] Level 1:colcon.colcon_core.package_identification:_identify(src) by extension 'colcon_meta'
[0.659s] Level 1:colcon.colcon_core.package_identification:_identify(src) by extensions ['ros']
[0.659s] Level 1:colcon.colcon_core.package_identification:_identify(src) by extension 'ros'
[0.659s] Level 1:colcon.colcon_core.package_identification:_identify(src) by extensions ['cmake', 'python']
[0.659s] Level 1:colcon.colcon_core.package_identification:_identify(src) by extension 'cmake'
[0.660s] Level 1:colcon.colcon_core.package_identification:_identify(src) by extension 'python'
[0.660s] Level 1:colcon.colcon_core.package_identification:_identify(src) by extensions ['python_setup_py']
[0.660s] Level 1:colcon.colcon_core.package_identification:_identify(src) by extension 'python_setup_py'
[0.660s] Level 1:colcon.colcon_core.package_identification:_identify(src/camera_1) by extensions ['ignore', 'ignore_ament_install']
[0.660s] Level 1:colcon.colcon_core.package_identification:_identify(src/camera_1) by extension 'ignore'
[0.660s] Level 1:colcon.colcon_core.package_identification:_identify(src/camera_1) by extension 'ignore_ament_install'
[0.661s] Level 1:colcon.colcon_core.package_identification:_identify(src/camera_1) by extensions ['colcon_pkg']
[0.661s] Level 1:colcon.colcon_core.package_identification:_identify(src/camera_1) by extension 'colcon_pkg'
[0.661s] Level 1:colcon.colcon_core.package_identification:_identify(src/camera_1) by extensions ['colcon_meta']
[0.661s] Level 1:colcon.colcon_core.package_identification:_identify(src/camera_1) by extension 'colcon_meta'
[0.661s] Level 1:colcon.colcon_core.package_identification:_identify(src/camera_1) by extensions ['ros']
[0.661s] Level 1:colcon.colcon_core.package_identification:_identify(src/camera_1) by extension 'ros'
[0.665s] DEBUG:colcon.colcon_core.package_identification:Package 'src/camera_1' with type 'ros.ament_python' and name 'camera_1'
[0.665s] Level 1:colcon.colcon_core.package_discovery:discover_packages(recursive) using defaults
[0.665s] Level 1:colcon.colcon_core.package_discovery:discover_packages(ignore) discover
[0.665s] Level 1:colcon.colcon_core.package_discovery:discover_packages(ignore) using defaults
[0.665s] Level 1:colcon.colcon_core.package_discovery:discover_packages(path) discover
[0.665s] Level 1:colcon.colcon_core.package_discovery:discover_packages(path) using defaults
[0.718s] Level 1:colcon.colcon_core.package_discovery:discover_packages(prefix_path) check parameters
[0.718s] Level 1:colcon.colcon_core.package_discovery:discover_packages(prefix_path) discover
[0.730s] DEBUG:colcon.colcon_installed_package_information.package_discovery:Found 1 installed packages in /home/nikhil/camera_ws/install
[0.733s] DEBUG:colcon.colcon_installed_package_information.package_discovery:Found 11 installed packages in /home/nikhil/copy/install
[0.734s] DEBUG:colcon.colcon_installed_package_information.package_discovery:Found 7 installed packages in /home/nikhil/ros2_ws/install
[0.736s] DEBUG:colcon.colcon_installed_package_information.package_discovery:Found 8 installed packages in /home/nikhil/bumperbot_ws/install
[0.737s] DEBUG:colcon.colcon_installed_package_information.package_discovery:Found 9 installed packages in /home/nikhil/arm_ws/install
[0.744s] DEBUG:colcon.colcon_installed_package_information.package_discovery:Found 353 installed packages in /opt/ros/humble
[0.747s] Level 1:colcon.colcon_core.package_discovery:discover_packages(prefix_path) using defaults
[0.838s] Level 5:colcon.colcon_core.verb:set package 'camera_1' build argument 'cmake_args' from command line to 'None'
[0.838s] Level 5:colcon.colcon_core.verb:set package 'camera_1' build argument 'cmake_target' from command line to 'None'
[0.839s] Level 5:colcon.colcon_core.verb:set package 'camera_1' build argument 'cmake_target_skip_unavailable' from command line to 'False'
[0.839s] Level 5:colcon.colcon_core.verb:set package 'camera_1' build argument 'cmake_clean_cache' from command line to 'False'
[0.839s] Level 5:colcon.colcon_core.verb:set package 'camera_1' build argument 'cmake_clean_first' from command line to 'False'
[0.839s] Level 5:colcon.colcon_core.verb:set package 'camera_1' build argument 'cmake_force_configure' from command line to 'False'
[0.839s] Level 5:colcon.colcon_core.verb:set package 'camera_1' build argument 'ament_cmake_args' from command line to 'None'
[0.839s] Level 5:colcon.colcon_core.verb:set package 'camera_1' build argument 'catkin_cmake_args' from command line to 'None'
[0.839s] Level 5:colcon.colcon_core.verb:set package 'camera_1' build argument 'catkin_skip_building_tests' from command line to 'False'
[0.839s] DEBUG:colcon.colcon_core.verb:Building package 'camera_1' with the following arguments: {'ament_cmake_args': None, 'build_base': '/home/nikhil/camera_ws/build/camera_1', 'catkin_cmake_args': None, 'catkin_skip_building_tests': False, 'cmake_args': None, 'cmake_clean_cache': False, 'cmake_clean_first': False, 'cmake_force_configure': False, 'cmake_target': None, 'cmake_target_skip_unavailable': False, 'install_base': '/home/nikhil/camera_ws/install/camera_1', 'merge_install': False, 'path': '/home/nikhil/camera_ws/src/camera_1', 'symlink_install': True, 'test_result_base': None}
[0.840s] INFO:colcon.colcon_core.executor:Executing jobs using 'parallel' executor
[0.842s] DEBUG:colcon.colcon_parallel_executor.executor.parallel:run_until_complete
[0.843s] INFO:colcon.colcon_ros.task.ament_python.build:Building ROS package in '/home/nikhil/camera_ws/src/camera_1' with build type 'ament_python'
[0.843s] Level 1:colcon.colcon_core.shell:create_environment_hook('camera_1', 'ament_prefix_path')
[0.848s] INFO:colcon.colcon_core.plugin_system:Skipping extension 'colcon_core.shell.bat': Not used on non-Windows systems
[0.849s] INFO:colcon.colcon_core.shell:Creating environment hook '/home/nikhil/camera_ws/install/camera_1/share/camera_1/hook/ament_prefix_path.ps1'
[0.851s] INFO:colcon.colcon_core.shell:Creating environment descriptor '/home/nikhil/camera_ws/install/camera_1/share/camera_1/hook/ament_prefix_path.dsv'
[0.852s] INFO:colcon.colcon_core.shell:Creating environment hook '/home/nikhil/camera_ws/install/camera_1/share/camera_1/hook/ament_prefix_path.sh'
[0.856s] INFO:colcon.colcon_core.shell:Skip shell extension 'powershell' for command environment: Not usable outside of PowerShell
[0.856s] DEBUG:colcon.colcon_core.shell:Skip shell extension 'dsv' for command environment
[1.558s] INFO:colcon.colcon_core.task.python.build:Building Python package in '/home/nikhil/camera_ws/src/camera_1'
[1.559s] INFO:colcon.colcon_core.shell:Skip shell extension 'powershell' for command environment: Not usable outside of PowerShell
[1.559s] DEBUG:colcon.colcon_core.shell:Skip shell extension 'dsv' for command environment
[2.367s] DEBUG:colcon.colcon_core.event_handler.log_command:Invoking command in '/home/nikhil/camera_ws/build/camera_1': PYTHONPATH=/home/nikhil/camera_ws/build/camera_1/prefix_override:/usr/lib/python3/dist-packages/colcon_core/task/python/colcon_distutils_commands:/home/nikhil/camera_ws/install/camera_1/lib/python3.10/site-packages:${PYTHONPATH} /usr/bin/python3 -W ignore:setup.py install is deprecated -W ignore:easy_install command is deprecated setup.py develop --editable --build-directory /home/nikhil/camera_ws/build/camera_1/build --no-deps symlink_data
[3.477s] Level 1:colcon.colcon_core.shell:create_environment_hook('camera_1', 'pythonpath_develop')
[3.477s] INFO:colcon.colcon_core.shell:Creating environment hook '/home/nikhil/camera_ws/build/camera_1/share/camera_1/hook/pythonpath_develop.ps1'
[3.481s] DEBUG:colcon.colcon_core.event_handler.log_command:Invoked command in '/home/nikhil/camera_ws/build/camera_1' returned '0': PYTHONPATH=/home/nikhil/camera_ws/build/camera_1/prefix_override:/usr/lib/python3/dist-packages/colcon_core/task/python/colcon_distutils_commands:/home/nikhil/camera_ws/install/camera_1/lib/python3.10/site-packages:${PYTHONPATH} /usr/bin/python3 -W ignore:setup.py install is deprecated -W ignore:easy_install command is deprecated setup.py develop --editable --build-directory /home/nikhil/camera_ws/build/camera_1/build --no-deps symlink_data
[3.483s] INFO:colcon.colcon_core.shell:Creating environment descriptor '/home/nikhil/camera_ws/build/camera_1/share/camera_1/hook/pythonpath_develop.dsv'
[3.485s] INFO:colcon.colcon_core.shell:Creating environment hook '/home/nikhil/camera_ws/build/camera_1/share/camera_1/hook/pythonpath_develop.sh'
[3.494s] Level 1:colcon.colcon_core.environment:checking '/home/nikhil/camera_ws/install/camera_1' for CMake module files
[3.495s] Level 1:colcon.colcon_core.environment:checking '/home/nikhil/camera_ws/install/camera_1' for CMake config files
[3.496s] Level 1:colcon.colcon_core.environment:checking '/home/nikhil/camera_ws/install/camera_1/lib'
[3.497s] Level 1:colcon.colcon_core.environment:checking '/home/nikhil/camera_ws/install/camera_1/bin'
[3.497s] Level 1:colcon.colcon_core.environment:checking '/home/nikhil/camera_ws/install/camera_1/lib/pkgconfig/camera_1.pc'
[3.497s] Level 1:colcon.colcon_core.environment:checking '/home/nikhil/camera_ws/install/camera_1/lib/python3.10/site-packages'
[3.497s] Level 1:colcon.colcon_core.shell:create_environment_hook('camera_1', 'pythonpath')
[3.497s] INFO:colcon.colcon_core.shell:Creating environment hook '/home/nikhil/camera_ws/install/camera_1/share/camera_1/hook/pythonpath.ps1'
[3.498s] INFO:colcon.colcon_core.shell:Creating environment descriptor '/home/nikhil/camera_ws/install/camera_1/share/camera_1/hook/pythonpath.dsv'
[3.499s] INFO:colcon.colcon_core.shell:Creating environment hook '/home/nikhil/camera_ws/install/camera_1/share/camera_1/hook/pythonpath.sh'
[3.500s] Level 1:colcon.colcon_core.environment:checking '/home/nikhil/camera_ws/install/camera_1/bin'
[3.501s] Level 1:colcon.colcon_core.environment:create_environment_scripts_only(camera_1)
[3.501s] INFO:colcon.colcon_core.shell:Creating package script '/home/nikhil/camera_ws/install/camera_1/share/camera_1/package.ps1'
[3.503s] INFO:colcon.colcon_core.shell:Creating package descriptor '/home/nikhil/camera_ws/install/camera_1/share/camera_1/package.dsv'
[3.504s] INFO:colcon.colcon_core.shell:Creating package script '/home/nikhil/camera_ws/install/camera_1/share/camera_1/package.sh'
[3.505s] INFO:colcon.colcon_core.shell:Creating package script '/home/nikhil/camera_ws/install/camera_1/share/camera_1/package.bash'
[3.506s] INFO:colcon.colcon_core.shell:Creating package script '/home/nikhil/camera_ws/install/camera_1/share/camera_1/package.zsh'
[3.508s] Level 1:colcon.colcon_core.environment:create_file_with_runtime_dependencies(/home/nikhil/camera_ws/install/camera_1/share/colcon-core/packages/camera_1)
[3.508s] DEBUG:colcon.colcon_parallel_executor.executor.parallel:closing loop
[3.509s] DEBUG:colcon.colcon_parallel_executor.executor.parallel:loop closed
[3.509s] DEBUG:colcon.colcon_parallel_executor.executor.parallel:run_until_complete finished with '0'
[3.510s] DEBUG:colcon.colcon_core.event_reactor:joining thread
[3.527s] INFO:colcon.colcon_core.plugin_system:Skipping extension 'colcon_notification.desktop_notification.terminal_notifier': Not used on non-Darwin systems
[3.527s] INFO:colcon.colcon_core.plugin_system:Skipping extension 'colcon_notification.desktop_notification.win32': Not used on non-Windows systems
[3.527s] INFO:colcon.colcon_notification.desktop_notification:Sending desktop notification using 'notify2'
[3.576s] DEBUG:colcon.colcon_core.event_reactor:joined thread
[3.577s] INFO:colcon.colcon_core.shell:Creating prefix script '/home/nikhil/camera_ws/install/local_setup.ps1'
[3.581s] INFO:colcon.colcon_core.shell:Creating prefix util module '/home/nikhil/camera_ws/install/_local_setup_util_ps1.py'
[3.585s] INFO:colcon.colcon_core.shell:Creating prefix chain script '/home/nikhil/camera_ws/install/setup.ps1'
[3.602s] INFO:colcon.colcon_core.shell:Creating prefix script '/home/nikhil/camera_ws/install/local_setup.sh'
[3.603s] INFO:colcon.colcon_core.shell:Creating prefix util module '/home/nikhil/camera_ws/install/_local_setup_util_sh.py'
[3.605s] INFO:colcon.colcon_core.shell:Creating prefix chain script '/home/nikhil/camera_ws/install/setup.sh'
[3.618s] INFO:colcon.colcon_core.shell:Creating prefix script '/home/nikhil/camera_ws/install/local_setup.bash'
[3.622s] INFO:colcon.colcon_core.shell:Creating prefix chain script '/home/nikhil/camera_ws/install/setup.bash'
[3.632s] INFO:colcon.colcon_core.shell:Creating prefix script '/home/nikhil/camera_ws/install/local_setup.zsh'
[3.633s] INFO:colcon.colcon_core.shell:Creating prefix chain script '/home/nikhil/camera_ws/install/setup.zsh'
